[0.166s] Invoking command in '/home/khemin/ros2_ws/build/sllidar_ros2': CMAKE_PREFIX_PATH=${CMAKE_PREFIX_PATH}:/home/khemin/ros2_ws/install/my_robot_bringup:/home/khemin/ws_lidar/install/lidar_processing:/opt/ros/humble /usr/bin/cmake --build /home/khemin/ros2_ws/build/sllidar_ros2 -- -j16 -l16
[0.187s] -- Found ament_cmake: 1.3.10 (/opt/ros/humble/share/ament_cmake/cmake)
[0.285s] -- Found rclcpp: 16.0.10 (/opt/ros/humble/share/rclcpp/cmake)
[0.305s] -- Found rosidl_generator_c: 3.1.5 (/opt/ros/humble/share/rosidl_generator_c/cmake)
[0.307s] -- Found rosidl_adapter: 3.1.5 (/opt/ros/humble/share/rosidl_adapter/cmake)
[0.311s] -- Found rosidl_generator_cpp: 3.1.5 (/opt/ros/humble/share/rosidl_generator_cpp/cmake)
[0.318s] -- Using all available rosidl_typesupport_c: rosidl_typesupport_fastrtps_c;rosidl_typesupport_introspection_c
[0.327s] -- Using all available rosidl_typesupport_cpp: rosidl_typesupport_fastrtps_cpp;rosidl_typesupport_introspection_cpp
[0.349s] -- Found rmw_implementation_cmake: 6.1.2 (/opt/ros/humble/share/rmw_implementation_cmake/cmake)
[0.350s] -- Found rmw_fastrtps_cpp: 6.2.7 (/opt/ros/humble/share/rmw_fastrtps_cpp/cmake)
[0.438s] -- Using RMW implementation 'rmw_fastrtps_cpp' as default
[0.471s] -- Found sensor_msgs: 4.2.4 (/opt/ros/humble/share/sensor_msgs/cmake)
[0.490s] -- Found std_srvs: 4.2.4 (/opt/ros/humble/share/std_srvs/cmake)
[0.548s] -- Configuring done
[0.559s] -- Generating done
[0.561s] -- Build files have been written to: /home/khemin/ros2_ws/build/sllidar_ros2
[0.586s] [35m[1mConsolidate compiler generated dependencies of target sllidar_client[0m
[0.588s] [35m[1mConsolidate compiler generated dependencies of target sllidar_node[0m
[0.600s] [ 10%] Built target sllidar_client
[0.615s] [100%] Built target sllidar_node
[0.627s] Invoked command in '/home/khemin/ros2_ws/build/sllidar_ros2' returned '0': CMAKE_PREFIX_PATH=${CMAKE_PREFIX_PATH}:/home/khemin/ros2_ws/install/my_robot_bringup:/home/khemin/ws_lidar/install/lidar_processing:/opt/ros/humble /usr/bin/cmake --build /home/khemin/ros2_ws/build/sllidar_ros2 -- -j16 -l16
[0.709s] Invoking command in '/home/khemin/ros2_ws/build/sllidar_ros2': CMAKE_PREFIX_PATH=${CMAKE_PREFIX_PATH}:/home/khemin/ros2_ws/install/my_robot_bringup:/home/khemin/ws_lidar/install/lidar_processing:/opt/ros/humble /usr/bin/cmake --install /home/khemin/ros2_ws/build/sllidar_ros2
[0.717s] -- Install configuration: ""
[0.717s] -- Up-to-date: /home/khemin/ros2_ws/install/sllidar_ros2/share/sllidar_ros2/launch
[0.717s] -- Installing: /home/khemin/ros2_ws/install/sllidar_ros2/share/sllidar_ros2/launch/sllidar_s1_tcp_launch.py
[0.717s] -- Installing: /home/khemin/ros2_ws/install/sllidar_ros2/share/sllidar_ros2/launch/view_sllidar_s1_launch.py
[0.717s] -- Installing: /home/khemin/ros2_ws/install/sllidar_ros2/share/sllidar_ros2/launch/sllidar_s3_launch.py
[0.717s] -- Installing: /home/khemin/ros2_ws/install/sllidar_ros2/share/sllidar_ros2/launch/view_sllidar_s1_tcp_launch.py
[0.717s] -- Installing: /home/khemin/ros2_ws/install/sllidar_ros2/share/sllidar_ros2/launch/view_sllidar_t1_launch.py
[0.717s] -- Installing: /home/khemin/ros2_ws/install/sllidar_ros2/share/sllidar_ros2/launch/sllidar_s2e_launch.py
[0.717s] -- Installing: /home/khemin/ros2_ws/install/sllidar_ros2/share/sllidar_ros2/launch/view_sllidar_a2m12_launch.py
[0.717s] -- Installing: /home/khemin/ros2_ws/install/sllidar_ros2/share/sllidar_ros2/launch/view_sllidar_s3_launch.py
[0.718s] -- Installing: /home/khemin/ros2_ws/install/sllidar_ros2/share/sllidar_ros2/launch/sllidar_s2_launch.py
[0.718s] -- Installing: /home/khemin/ros2_ws/install/sllidar_ros2/share/sllidar_ros2/launch/view_sllidar_s2e_launch.py
[0.718s] -- Installing: /home/khemin/ros2_ws/install/sllidar_ros2/share/sllidar_ros2/launch/view_sllidar_a2m7_launch.py
[0.718s] -- Installing: /home/khemin/ros2_ws/install/sllidar_ros2/share/sllidar_ros2/launch/sllidar_a2m12_launch .py
[0.718s] -- Installing: /home/khemin/ros2_ws/install/sllidar_ros2/share/sllidar_ros2/launch/view_sllidar_a1_launch.py
[0.718s] -- Installing: /home/khemin/ros2_ws/install/sllidar_ros2/share/sllidar_ros2/launch/sllidar_c1_launch.py
[0.718s] -- Installing: /home/khemin/ros2_ws/install/sllidar_ros2/share/sllidar_ros2/launch/sllidar_a3_launch.py
[0.718s] -- Installing: /home/khemin/ros2_ws/install/sllidar_ros2/share/sllidar_ros2/launch/view_sllidar_s2_launch.py
[0.718s] -- Installing: /home/khemin/ros2_ws/install/sllidar_ros2/share/sllidar_ros2/launch/sllidar_a2m7_launch.py
[0.718s] -- Installing: /home/khemin/ros2_ws/install/sllidar_ros2/share/sllidar_ros2/launch/sllidar_a1_launch.py
[0.719s] -- Installing: /home/khemin/ros2_ws/install/sllidar_ros2/share/sllidar_ros2/launch/sllidar_s1_launch.py
[0.719s] -- Installing: /home/khemin/ros2_ws/install/sllidar_ros2/share/sllidar_ros2/launch/view_sllidar_c1_launch.py
[0.719s] -- Installing: /home/khemin/ros2_ws/install/sllidar_ros2/share/sllidar_ros2/launch/sllidar_t1_launch.py
[0.719s] -- Installing: /home/khemin/ros2_ws/install/sllidar_ros2/share/sllidar_ros2/launch/sllidar_a2m8_launch.py
[0.719s] -- Installing: /home/khemin/ros2_ws/install/sllidar_ros2/share/sllidar_ros2/launch/view_sllidar_a3_launch.py
[0.719s] -- Installing: /home/khemin/ros2_ws/install/sllidar_ros2/share/sllidar_ros2/launch/view_sllidar_a2m8_launch.py
[0.719s] -- Up-to-date: /home/khemin/ros2_ws/install/sllidar_ros2/share/sllidar_ros2/rviz
[0.719s] -- Installing: /home/khemin/ros2_ws/install/sllidar_ros2/share/sllidar_ros2/rviz/sllidar_ros2.rviz
[0.720s] -- Up-to-date: /home/khemin/ros2_ws/install/sllidar_ros2/lib/sllidar_ros2/sllidar_node
[0.720s] -- Up-to-date: /home/khemin/ros2_ws/install/sllidar_ros2/lib/sllidar_ros2/sllidar_client
[0.720s] -- Installing: /home/khemin/ros2_ws/install/sllidar_ros2/share/ament_index/resource_index/package_run_dependencies/sllidar_ros2
[0.720s] -- Up-to-date: /home/khemin/ros2_ws/install/sllidar_ros2/share/ament_index/resource_index/parent_prefix_path/sllidar_ros2
[0.720s] -- Installing: /home/khemin/ros2_ws/install/sllidar_ros2/share/sllidar_ros2/environment/ament_prefix_path.sh
[0.720s] -- Installing: /home/khemin/ros2_ws/install/sllidar_ros2/share/sllidar_ros2/environment/ament_prefix_path.dsv
[0.720s] -- Installing: /home/khemin/ros2_ws/install/sllidar_ros2/share/sllidar_ros2/environment/path.sh
[0.721s] -- Installing: /home/khemin/ros2_ws/install/sllidar_ros2/share/sllidar_ros2/environment/path.dsv
[0.721s] -- Installing: /home/khemin/ros2_ws/install/sllidar_ros2/share/sllidar_ros2/local_setup.bash
[0.721s] -- Installing: /home/khemin/ros2_ws/install/sllidar_ros2/share/sllidar_ros2/local_setup.sh
[0.721s] -- Installing: /home/khemin/ros2_ws/install/sllidar_ros2/share/sllidar_ros2/local_setup.zsh
[0.721s] -- Installing: /home/khemin/ros2_ws/install/sllidar_ros2/share/sllidar_ros2/local_setup.dsv
[0.721s] -- Installing: /home/khemin/ros2_ws/install/sllidar_ros2/share/sllidar_ros2/package.dsv
[0.721s] -- Installing: /home/khemin/ros2_ws/install/sllidar_ros2/share/ament_index/resource_index/packages/sllidar_ros2
[0.722s] -- Installing: /home/khemin/ros2_ws/install/sllidar_ros2/share/sllidar_ros2/cmake/ament_cmake_export_dependencies-extras.cmake
[0.722s] -- Installing: /home/khemin/ros2_ws/install/sllidar_ros2/share/sllidar_ros2/cmake/ament_cmake_export_include_directories-extras.cmake
[0.722s] -- Installing: /home/khemin/ros2_ws/install/sllidar_ros2/share/sllidar_ros2/cmake/sllidar_ros2Config.cmake
[0.722s] -- Installing: /home/khemin/ros2_ws/install/sllidar_ros2/share/sllidar_ros2/cmake/sllidar_ros2Config-version.cmake
[0.722s] -- Installing: /home/khemin/ros2_ws/install/sllidar_ros2/share/sllidar_ros2/package.xml
[0.726s] Invoked command in '/home/khemin/ros2_ws/build/sllidar_ros2' returned '0': CMAKE_PREFIX_PATH=${CMAKE_PREFIX_PATH}:/home/khemin/ros2_ws/install/my_robot_bringup:/home/khemin/ws_lidar/install/lidar_processing:/opt/ros/humble /usr/bin/cmake --install /home/khemin/ros2_ws/build/sllidar_ros2
