[0.176s] Invoking command in '/home/khemin/ros2_ws/build/rf2o_laser_odometry': CMAKE_PREFIX_PATH=${CMAKE_PREFIX_PATH}:/home/khemin/ros2_ws/install/my_robot_bringup:/home/khemin/rosbot_ws/install/rosbot_utils:/home/khemin/rosbot_ws/install/rosbot_bringup:/home/khemin/rosbot_ws/src/rosbot_ros/install/rosbot_gazebo:/home/khemin/rosbot_ws/src/rosbot_ros/install/rosbot_controller:/home/khemin/rosbot_ws/src/rosbot_ros/install/rosbot_utils:/home/khemin/rosbot_ws/src/rosbot_ros/install/rosbot_bringup:/home/khemin/ws_lidar/install/lidar_processing:/opt/ros/humble /usr/bin/cmake --build /home/khemin/ros2_ws/build/rf2o_laser_odometry -- -j16 -l16
[0.226s] [ 40%] Built target rf2o_laser_odometry
[0.228s] [100%] Built target rf2o_laser_odometry_node
[0.239s] Invoked command in '/home/khemin/ros2_ws/build/rf2o_laser_odometry' returned '0': CMAKE_PREFIX_PATH=${CMAKE_PREFIX_PATH}:/home/khemin/ros2_ws/install/my_robot_bringup:/home/khemin/rosbot_ws/install/rosbot_utils:/home/khemin/rosbot_ws/install/rosbot_bringup:/home/khemin/rosbot_ws/src/rosbot_ros/install/rosbot_gazebo:/home/khemin/rosbot_ws/src/rosbot_ros/install/rosbot_controller:/home/khemin/rosbot_ws/src/rosbot_ros/install/rosbot_utils:/home/khemin/rosbot_ws/src/rosbot_ros/install/rosbot_bringup:/home/khemin/ws_lidar/install/lidar_processing:/opt/ros/humble /usr/bin/cmake --build /home/khemin/ros2_ws/build/rf2o_laser_odometry -- -j16 -l16
[0.240s] Invoking command in '/home/khemin/ros2_ws/build/rf2o_laser_odometry': CMAKE_PREFIX_PATH=${CMAKE_PREFIX_PATH}:/home/khemin/ros2_ws/install/my_robot_bringup:/home/khemin/rosbot_ws/install/rosbot_utils:/home/khemin/rosbot_ws/install/rosbot_bringup:/home/khemin/rosbot_ws/src/rosbot_ros/install/rosbot_gazebo:/home/khemin/rosbot_ws/src/rosbot_ros/install/rosbot_controller:/home/khemin/rosbot_ws/src/rosbot_ros/install/rosbot_utils:/home/khemin/rosbot_ws/src/rosbot_ros/install/rosbot_bringup:/home/khemin/ws_lidar/install/lidar_processing:/opt/ros/humble /usr/bin/cmake --install /home/khemin/ros2_ws/build/rf2o_laser_odometry
[0.248s] -- Install configuration: ""
[0.248s] -- Up-to-date: /home/khemin/ros2_ws/install/rf2o_laser_odometry/lib/rf2o_laser_odometry/rf2o_laser_odometry_node
[0.248s] -- Up-to-date: /home/khemin/ros2_ws/install/rf2o_laser_odometry/share/rf2o_laser_odometry/launch
[0.248s] -- Installing: /home/khemin/ros2_ws/install/rf2o_laser_odometry/share/rf2o_laser_odometry/launch/rf2o_laser_odometry.launch.py
[0.248s] -- Up-to-date: /home/khemin/ros2_ws/install/rf2o_laser_odometry/share/ament_index/resource_index/package_run_dependencies/rf2o_laser_odometry
[0.248s] -- Up-to-date: /home/khemin/ros2_ws/install/rf2o_laser_odometry/share/ament_index/resource_index/parent_prefix_path/rf2o_laser_odometry
[0.249s] -- Up-to-date: /home/khemin/ros2_ws/install/rf2o_laser_odometry/share/rf2o_laser_odometry/environment/ament_prefix_path.sh
[0.249s] -- Up-to-date: /home/khemin/ros2_ws/install/rf2o_laser_odometry/share/rf2o_laser_odometry/environment/ament_prefix_path.dsv
[0.249s] -- Up-to-date: /home/khemin/ros2_ws/install/rf2o_laser_odometry/share/rf2o_laser_odometry/environment/path.sh
[0.249s] -- Up-to-date: /home/khemin/ros2_ws/install/rf2o_laser_odometry/share/rf2o_laser_odometry/environment/path.dsv
[0.249s] -- Up-to-date: /home/khemin/ros2_ws/install/rf2o_laser_odometry/share/rf2o_laser_odometry/local_setup.bash
[0.249s] -- Up-to-date: /home/khemin/ros2_ws/install/rf2o_laser_odometry/share/rf2o_laser_odometry/local_setup.sh
[0.249s] -- Up-to-date: /home/khemin/ros2_ws/install/rf2o_laser_odometry/share/rf2o_laser_odometry/local_setup.zsh
[0.249s] -- Up-to-date: /home/khemin/ros2_ws/install/rf2o_laser_odometry/share/rf2o_laser_odometry/local_setup.dsv
[0.249s] -- Installing: /home/khemin/ros2_ws/install/rf2o_laser_odometry/share/rf2o_laser_odometry/package.dsv
[0.249s] -- Up-to-date: /home/khemin/ros2_ws/install/rf2o_laser_odometry/share/ament_index/resource_index/packages/rf2o_laser_odometry
[0.249s] -- Up-to-date: /home/khemin/ros2_ws/install/rf2o_laser_odometry/share/rf2o_laser_odometry/cmake/rf2o_laser_odometryConfig.cmake
[0.249s] -- Up-to-date: /home/khemin/ros2_ws/install/rf2o_laser_odometry/share/rf2o_laser_odometry/cmake/rf2o_laser_odometryConfig-version.cmake
[0.250s] -- Up-to-date: /home/khemin/ros2_ws/install/rf2o_laser_odometry/share/rf2o_laser_odometry/package.xml
[0.251s] Invoked command in '/home/khemin/ros2_ws/build/rf2o_laser_odometry' returned '0': CMAKE_PREFIX_PATH=${CMAKE_PREFIX_PATH}:/home/khemin/ros2_ws/install/my_robot_bringup:/home/khemin/rosbot_ws/install/rosbot_utils:/home/khemin/rosbot_ws/install/rosbot_bringup:/home/khemin/rosbot_ws/src/rosbot_ros/install/rosbot_gazebo:/home/khemin/rosbot_ws/src/rosbot_ros/install/rosbot_controller:/home/khemin/rosbot_ws/src/rosbot_ros/install/rosbot_utils:/home/khemin/rosbot_ws/src/rosbot_ros/install/rosbot_bringup:/home/khemin/ws_lidar/install/lidar_processing:/opt/ros/humble /usr/bin/cmake --install /home/khemin/ros2_ws/build/rf2o_laser_odometry
