[0.068s] DEBUG:colcon:Command line arguments: ['/usr/bin/colcon', 'build']
[0.069s] DEBUG:colcon:Parsed command line arguments: Namespace(log_base=None, log_level=None, verb_name='build', build_base='build', install_base='install', merge_install=False, symlink_install=False, test_result_base=None, continue_on_error=False, executor='parallel', parallel_workers=16, event_handlers=None, ignore_user_meta=False, metas=['./colcon.meta'], base_paths=['.'], packages_ignore=None, packages_ignore_regex=None, paths=None, packages_up_to=None, packages_up_to_regex=None, packages_above=None, packages_above_and_dependencies=None, packages_above_depth=None, packages_select_by_dep=None, packages_skip_by_dep=None, packages_skip_up_to=None, packages_select_build_failed=False, packages_skip_build_finished=False, packages_select_test_failures=False, packages_skip_test_passed=False, packages_select=None, packages_skip=None, packages_select_regex=None, packages_skip_regex=None, packages_start=None, packages_end=None, allow_overriding=[], cmake_args=None, cmake_target=None, cmake_target_skip_unavailable=False, cmake_clean_cache=False, cmake_clean_first=False, cmake_force_configure=False, ament_cmake_args=None, catkin_cmake_args=None, catkin_skip_building_tests=False, verb_parser=<colcon_defaults.argument_parser.defaults.DefaultArgumentsDecorator object at 0x7be8e096c9a0>, verb_extension=<colcon_core.verb.build.BuildVerb object at 0x7be8e0ae2260>, main=<bound method BuildVerb.main of <colcon_core.verb.build.BuildVerb object at 0x7be8e0ae2260>>)
[0.186s] Level 1:colcon.colcon_core.package_discovery:discover_packages(colcon_meta) check parameters
[0.186s] Level 1:colcon.colcon_core.package_discovery:discover_packages(recursive) check parameters
[0.186s] Level 1:colcon.colcon_core.package_discovery:discover_packages(ignore) check parameters
[0.186s] Level 1:colcon.colcon_core.package_discovery:discover_packages(path) check parameters
[0.186s] Level 1:colcon.colcon_core.package_discovery:discover_packages(colcon_meta) discover
[0.186s] Level 1:colcon.colcon_core.package_discovery:discover_packages(recursive) discover
[0.186s] INFO:colcon.colcon_core.package_discovery:Crawling recursively for packages in '/home/khemin/ros2_ws/src/my_robot_description'
[0.186s] Level 1:colcon.colcon_core.package_identification:_identify(.) by extensions ['ignore', 'ignore_ament_install']
[0.187s] Level 1:colcon.colcon_core.package_identification:_identify(.) by extension 'ignore'
[0.187s] Level 1:colcon.colcon_core.package_identification:_identify(.) by extension 'ignore_ament_install'
[0.187s] Level 1:colcon.colcon_core.package_identification:_identify(.) by extensions ['colcon_pkg']
[0.187s] Level 1:colcon.colcon_core.package_identification:_identify(.) by extension 'colcon_pkg'
[0.187s] Level 1:colcon.colcon_core.package_identification:_identify(.) by extensions ['colcon_meta']
[0.187s] Level 1:colcon.colcon_core.package_identification:_identify(.) by extension 'colcon_meta'
[0.187s] Level 1:colcon.colcon_core.package_identification:_identify(.) by extensions ['ros']
[0.187s] Level 1:colcon.colcon_core.package_identification:_identify(.) by extension 'ros'
[0.195s] DEBUG:colcon.colcon_core.package_identification:Package '.' with type 'ros.catkin' and name 'my_robot_description'
[0.195s] Level 1:colcon.colcon_core.package_discovery:discover_packages(recursive) using defaults
[0.195s] Level 1:colcon.colcon_core.package_discovery:discover_packages(ignore) discover
[0.195s] Level 1:colcon.colcon_core.package_discovery:discover_packages(ignore) using defaults
[0.195s] Level 1:colcon.colcon_core.package_discovery:discover_packages(path) discover
[0.195s] Level 1:colcon.colcon_core.package_discovery:discover_packages(path) using defaults
[0.216s] Level 1:colcon.colcon_core.package_discovery:discover_packages(prefix_path) check parameters
[0.216s] Level 1:colcon.colcon_core.package_discovery:discover_packages(prefix_path) discover
[0.217s] DEBUG:colcon.colcon_installed_package_information.package_discovery:Found 1 installed packages in /home/khemin/ros2_ws/install
[0.217s] DEBUG:colcon.colcon_installed_package_information.package_discovery:Found 2 installed packages in /home/khemin/ws_lidar/install
[0.218s] DEBUG:colcon.colcon_installed_package_information.package_discovery:Found 402 installed packages in /opt/ros/humble
[0.220s] Level 1:colcon.colcon_core.package_discovery:discover_packages(prefix_path) using defaults
[0.254s] Level 5:colcon.colcon_core.verb:set package 'my_robot_description' build argument 'cmake_args' from command line to 'None'
[0.254s] Level 5:colcon.colcon_core.verb:set package 'my_robot_description' build argument 'cmake_target' from command line to 'None'
[0.254s] Level 5:colcon.colcon_core.verb:set package 'my_robot_description' build argument 'cmake_target_skip_unavailable' from command line to 'False'
[0.254s] Level 5:colcon.colcon_core.verb:set package 'my_robot_description' build argument 'cmake_clean_cache' from command line to 'False'
[0.254s] Level 5:colcon.colcon_core.verb:set package 'my_robot_description' build argument 'cmake_clean_first' from command line to 'False'
[0.254s] Level 5:colcon.colcon_core.verb:set package 'my_robot_description' build argument 'cmake_force_configure' from command line to 'False'
[0.255s] Level 5:colcon.colcon_core.verb:set package 'my_robot_description' build argument 'ament_cmake_args' from command line to 'None'
[0.255s] Level 5:colcon.colcon_core.verb:set package 'my_robot_description' build argument 'catkin_cmake_args' from command line to 'None'
[0.255s] Level 5:colcon.colcon_core.verb:set package 'my_robot_description' build argument 'catkin_skip_building_tests' from command line to 'False'
[0.255s] DEBUG:colcon.colcon_core.verb:Building package 'my_robot_description' with the following arguments: {'ament_cmake_args': None, 'build_base': '/home/khemin/ros2_ws/src/my_robot_description/build/my_robot_description', 'catkin_cmake_args': None, 'catkin_skip_building_tests': False, 'cmake_args': None, 'cmake_clean_cache': False, 'cmake_clean_first': False, 'cmake_force_configure': False, 'cmake_target': None, 'cmake_target_skip_unavailable': False, 'install_base': '/home/khemin/ros2_ws/src/my_robot_description/install/my_robot_description', 'merge_install': False, 'path': '/home/khemin/ros2_ws/src/my_robot_description', 'symlink_install': False, 'test_result_base': None}
[0.255s] INFO:colcon.colcon_core.executor:Executing jobs using 'parallel' executor
[0.256s] DEBUG:colcon.colcon_parallel_executor.executor.parallel:run_until_complete
[0.256s] INFO:colcon.colcon_ros.task.catkin.build:Building ROS package in '/home/khemin/ros2_ws/src/my_robot_description' with build type 'catkin'
[0.256s] INFO:colcon.colcon_cmake.task.cmake.build:Building CMake package in '/home/khemin/ros2_ws/src/my_robot_description'
[0.258s] INFO:colcon.colcon_core.plugin_system:Skipping extension 'colcon_core.shell.bat': Not used on non-Windows systems
[0.258s] INFO:colcon.colcon_core.shell:Skip shell extension 'powershell' for command environment: Not usable outside of PowerShell
[0.258s] DEBUG:colcon.colcon_core.shell:Skip shell extension 'dsv' for command environment
[0.271s] DEBUG:colcon.colcon_core.event_handler.log_command:Invoking command in '/home/khemin/ros2_ws/src/my_robot_description/build/my_robot_description': /usr/bin/cmake /home/khemin/ros2_ws/src/my_robot_description -DCATKIN_INSTALL_INTO_PREFIX_ROOT=0 -DCMAKE_INSTALL_PREFIX=/home/khemin/ros2_ws/src/my_robot_description/install/my_robot_description
[0.786s] DEBUG:colcon.colcon_core.event_handler.log_command:Invoked command in '/home/khemin/ros2_ws/src/my_robot_description/build/my_robot_description' returned '0': /usr/bin/cmake /home/khemin/ros2_ws/src/my_robot_description -DCATKIN_INSTALL_INTO_PREFIX_ROOT=0 -DCMAKE_INSTALL_PREFIX=/home/khemin/ros2_ws/src/my_robot_description/install/my_robot_description
[0.788s] DEBUG:colcon.colcon_core.event_handler.log_command:Invoking command in '/home/khemin/ros2_ws/src/my_robot_description/build/my_robot_description': /usr/bin/cmake --build /home/khemin/ros2_ws/src/my_robot_description/build/my_robot_description -- -j16 -l16
[0.827s] DEBUG:colcon.colcon_core.event_handler.log_command:Invoked command in '/home/khemin/ros2_ws/src/my_robot_description/build/my_robot_description' returned '0': /usr/bin/cmake --build /home/khemin/ros2_ws/src/my_robot_description/build/my_robot_description -- -j16 -l16
[0.887s] DEBUG:colcon.colcon_core.event_handler.log_command:Invoking command in '/home/khemin/ros2_ws/src/my_robot_description/build/my_robot_description': /usr/bin/cmake --install /home/khemin/ros2_ws/src/my_robot_description/build/my_robot_description
[0.898s] DEBUG:colcon.colcon_core.event_handler.log_command:Invoked command in '/home/khemin/ros2_ws/src/my_robot_description/build/my_robot_description' returned '0': /usr/bin/cmake --install /home/khemin/ros2_ws/src/my_robot_description/build/my_robot_description
[0.922s] Level 1:colcon.colcon_core.shell:create_environment_hook('my_robot_description', 'ros_package_path')
[0.923s] INFO:colcon.colcon_core.shell:Creating environment hook '/home/khemin/ros2_ws/src/my_robot_description/install/my_robot_description/share/my_robot_description/hook/ros_package_path.ps1'
[0.923s] INFO:colcon.colcon_core.shell:Creating environment descriptor '/home/khemin/ros2_ws/src/my_robot_description/install/my_robot_description/share/my_robot_description/hook/ros_package_path.dsv'
[0.923s] INFO:colcon.colcon_core.shell:Creating environment hook '/home/khemin/ros2_ws/src/my_robot_description/install/my_robot_description/share/my_robot_description/hook/ros_package_path.sh'
[0.924s] Level 1:colcon.colcon_core.shell:create_environment_hook('my_robot_description', 'pkg_config_path')
[0.924s] INFO:colcon.colcon_core.shell:Creating environment hook '/home/khemin/ros2_ws/src/my_robot_description/install/my_robot_description/share/my_robot_description/hook/pkg_config_path.ps1'
[0.924s] INFO:colcon.colcon_core.shell:Creating environment descriptor '/home/khemin/ros2_ws/src/my_robot_description/install/my_robot_description/share/my_robot_description/hook/pkg_config_path.dsv'
[0.924s] INFO:colcon.colcon_core.shell:Creating environment hook '/home/khemin/ros2_ws/src/my_robot_description/install/my_robot_description/share/my_robot_description/hook/pkg_config_path.sh'
[0.926s] Level 1:colcon.colcon_core.shell:create_environment_hook('my_robot_description', 'pkg_config_path_multiarch')
[0.927s] INFO:colcon.colcon_core.shell:Creating environment hook '/home/khemin/ros2_ws/src/my_robot_description/install/my_robot_description/share/my_robot_description/hook/pkg_config_path_multiarch.ps1'
[0.927s] INFO:colcon.colcon_core.shell:Creating environment descriptor '/home/khemin/ros2_ws/src/my_robot_description/install/my_robot_description/share/my_robot_description/hook/pkg_config_path_multiarch.dsv'
[0.927s] INFO:colcon.colcon_core.shell:Creating environment hook '/home/khemin/ros2_ws/src/my_robot_description/install/my_robot_description/share/my_robot_description/hook/pkg_config_path_multiarch.sh'
[0.932s] Level 1:colcon.colcon_core.environment:create_environment_scripts_only(my_robot_description)
[0.934s] Level 1:colcon.colcon_core.environment:checking '/home/khemin/ros2_ws/src/my_robot_description/install/my_robot_description' for CMake module files
[0.934s] Level 1:colcon.colcon_core.environment:checking '/home/khemin/ros2_ws/src/my_robot_description/install/my_robot_description' for CMake config files
[0.934s] Level 1:colcon.colcon_core.shell:create_environment_hook('my_robot_description', 'cmake_prefix_path')
[0.934s] INFO:colcon.colcon_core.shell:Creating environment hook '/home/khemin/ros2_ws/src/my_robot_description/install/my_robot_description/share/my_robot_description/hook/cmake_prefix_path.ps1'
[0.934s] INFO:colcon.colcon_core.shell:Creating environment descriptor '/home/khemin/ros2_ws/src/my_robot_description/install/my_robot_description/share/my_robot_description/hook/cmake_prefix_path.dsv'
[0.935s] INFO:colcon.colcon_core.shell:Creating environment hook '/home/khemin/ros2_ws/src/my_robot_description/install/my_robot_description/share/my_robot_description/hook/cmake_prefix_path.sh'
[0.935s] Level 1:colcon.colcon_core.environment:checking '/home/khemin/ros2_ws/src/my_robot_description/install/my_robot_description/bin'
[0.935s] Level 1:colcon.colcon_core.environment:checking '/home/khemin/ros2_ws/src/my_robot_description/install/my_robot_description/lib/pkgconfig/my_robot_description.pc'
[0.935s] Level 1:colcon.colcon_core.environment:checking '/home/khemin/ros2_ws/src/my_robot_description/install/my_robot_description/lib/python3.10/site-packages'
[0.935s] Level 1:colcon.colcon_core.environment:checking '/home/khemin/ros2_ws/src/my_robot_description/install/my_robot_description/bin'
[0.936s] INFO:colcon.colcon_core.shell:Creating package script '/home/khemin/ros2_ws/src/my_robot_description/install/my_robot_description/share/my_robot_description/package.ps1'
[0.936s] INFO:colcon.colcon_core.shell:Creating package descriptor '/home/khemin/ros2_ws/src/my_robot_description/install/my_robot_description/share/my_robot_description/package.dsv'
[0.937s] INFO:colcon.colcon_core.shell:Creating package script '/home/khemin/ros2_ws/src/my_robot_description/install/my_robot_description/share/my_robot_description/package.sh'
[0.937s] INFO:colcon.colcon_core.shell:Creating package script '/home/khemin/ros2_ws/src/my_robot_description/install/my_robot_description/share/my_robot_description/package.bash'
[0.938s] INFO:colcon.colcon_core.shell:Creating package script '/home/khemin/ros2_ws/src/my_robot_description/install/my_robot_description/share/my_robot_description/package.zsh'
[0.938s] Level 1:colcon.colcon_core.environment:create_file_with_runtime_dependencies(/home/khemin/ros2_ws/src/my_robot_description/install/my_robot_description/share/colcon-core/packages/my_robot_description)
[0.938s] DEBUG:colcon.colcon_parallel_executor.executor.parallel:closing loop
[0.938s] DEBUG:colcon.colcon_parallel_executor.executor.parallel:loop closed
[0.938s] DEBUG:colcon.colcon_parallel_executor.executor.parallel:run_until_complete finished with '0'
[0.938s] DEBUG:colcon.colcon_core.event_reactor:joining thread
[0.942s] INFO:colcon.colcon_core.plugin_system:Skipping extension 'colcon_notification.desktop_notification.terminal_notifier': Not used on non-Darwin systems
[0.942s] INFO:colcon.colcon_core.plugin_system:Skipping extension 'colcon_notification.desktop_notification.win32': Not used on non-Windows systems
[0.943s] INFO:colcon.colcon_notification.desktop_notification:Sending desktop notification using 'notify2'
[0.952s] DEBUG:colcon.colcon_core.event_reactor:joined thread
[0.952s] INFO:colcon.colcon_core.shell:Creating prefix script '/home/khemin/ros2_ws/src/my_robot_description/install/local_setup.ps1'
[0.953s] INFO:colcon.colcon_core.shell:Creating prefix util module '/home/khemin/ros2_ws/src/my_robot_description/install/_local_setup_util_ps1.py'
[0.954s] INFO:colcon.colcon_core.shell:Creating prefix chain script '/home/khemin/ros2_ws/src/my_robot_description/install/setup.ps1'
[0.955s] INFO:colcon.colcon_core.shell:Creating prefix script '/home/khemin/ros2_ws/src/my_robot_description/install/local_setup.sh'
[0.955s] INFO:colcon.colcon_core.shell:Creating prefix util module '/home/khemin/ros2_ws/src/my_robot_description/install/_local_setup_util_sh.py'
[0.955s] INFO:colcon.colcon_core.shell:Creating prefix chain script '/home/khemin/ros2_ws/src/my_robot_description/install/setup.sh'
[0.956s] INFO:colcon.colcon_core.shell:Creating prefix script '/home/khemin/ros2_ws/src/my_robot_description/install/local_setup.bash'
[0.956s] INFO:colcon.colcon_core.shell:Creating prefix chain script '/home/khemin/ros2_ws/src/my_robot_description/install/setup.bash'
[0.957s] INFO:colcon.colcon_core.shell:Creating prefix script '/home/khemin/ros2_ws/src/my_robot_description/install/local_setup.zsh'
[0.957s] INFO:colcon.colcon_core.shell:Creating prefix chain script '/home/khemin/ros2_ws/src/my_robot_description/install/setup.zsh'
