[0.081s] DEBUG:colcon:Command line arguments: ['/usr/bin/colcon', 'build']
[0.081s] DEBUG:colcon:Parsed command line arguments: Namespace(log_base=None, log_level=None, verb_name='build', build_base='build', install_base='install', merge_install=False, symlink_install=False, test_result_base=None, continue_on_error=False, executor='parallel', parallel_workers=16, event_handlers=None, ignore_user_meta=False, metas=['./colcon.meta'], base_paths=['.'], packages_ignore=None, packages_ignore_regex=None, paths=None, packages_up_to=None, packages_up_to_regex=None, packages_above=None, packages_above_and_dependencies=None, packages_above_depth=None, packages_select_by_dep=None, packages_skip_by_dep=None, packages_skip_up_to=None, packages_select_build_failed=False, packages_skip_build_finished=False, packages_select_test_failures=False, packages_skip_test_passed=False, packages_select=None, packages_skip=None, packages_select_regex=None, packages_skip_regex=None, packages_start=None, packages_end=None, allow_overriding=[], cmake_args=None, cmake_target=None, cmake_target_skip_unavailable=False, cmake_clean_cache=False, cmake_clean_first=False, cmake_force_configure=False, ament_cmake_args=None, catkin_cmake_args=None, catkin_skip_building_tests=False, mixin_files=None, mixin=None, verb_parser=<colcon_mixin.mixin.mixin_argument.MixinArgumentDecorator object at 0x792bf3485330>, verb_extension=<colcon_core.verb.build.BuildVerb object at 0x792bf3406b90>, main=<bound method BuildVerb.main of <colcon_core.verb.build.BuildVerb object at 0x792bf3406b90>>, mixin_verb=('build',))
[0.107s] Level 1:colcon.colcon_core.package_discovery:discover_packages(colcon_meta) check parameters
[0.107s] Level 1:colcon.colcon_core.package_discovery:discover_packages(recursive) check parameters
[0.107s] Level 1:colcon.colcon_core.package_discovery:discover_packages(ignore) check parameters
[0.107s] Level 1:colcon.colcon_core.package_discovery:discover_packages(path) check parameters
[0.107s] Level 1:colcon.colcon_core.package_discovery:discover_packages(colcon_meta) discover
[0.107s] Level 1:colcon.colcon_core.package_discovery:discover_packages(recursive) discover
[0.107s] INFO:colcon.colcon_core.package_discovery:Crawling recursively for packages in '/home/khemin/ros2_ws'
[0.108s] Level 1:colcon.colcon_core.package_identification:_identify(.) by extensions ['ignore', 'ignore_ament_install']
[0.108s] Level 1:colcon.colcon_core.package_identification:_identify(.) by extension 'ignore'
[0.108s] Level 1:colcon.colcon_core.package_identification:_identify(.) by extension 'ignore_ament_install'
[0.108s] Level 1:colcon.colcon_core.package_identification:_identify(.) by extensions ['colcon_pkg']
[0.108s] Level 1:colcon.colcon_core.package_identification:_identify(.) by extension 'colcon_pkg'
[0.108s] Level 1:colcon.colcon_core.package_identification:_identify(.) by extensions ['colcon_meta']
[0.108s] Level 1:colcon.colcon_core.package_identification:_identify(.) by extension 'colcon_meta'
[0.108s] Level 1:colcon.colcon_core.package_identification:_identify(.) by extensions ['ros']
[0.108s] Level 1:colcon.colcon_core.package_identification:_identify(.) by extension 'ros'
[0.118s] Level 1:colcon.colcon_core.package_identification:_identify(.) by extensions ['cmake', 'python']
[0.118s] Level 1:colcon.colcon_core.package_identification:_identify(.) by extension 'cmake'
[0.118s] Level 1:colcon.colcon_core.package_identification:_identify(.) by extension 'python'
[0.118s] Level 1:colcon.colcon_core.package_identification:_identify(.) by extensions ['python_setup_py']
[0.118s] Level 1:colcon.colcon_core.package_identification:_identify(.) by extension 'python_setup_py'
[0.118s] Level 1:colcon.colcon_core.package_identification:_identify(build) by extensions ['ignore', 'ignore_ament_install']
[0.119s] Level 1:colcon.colcon_core.package_identification:_identify(build) by extension 'ignore'
[0.119s] Level 1:colcon.colcon_core.package_identification:_identify(build) ignored
[0.119s] Level 1:colcon.colcon_core.package_identification:_identify(install) by extensions ['ignore', 'ignore_ament_install']
[0.119s] Level 1:colcon.colcon_core.package_identification:_identify(install) by extension 'ignore'
[0.119s] Level 1:colcon.colcon_core.package_identification:_identify(install) ignored
[0.119s] Level 1:colcon.colcon_core.package_identification:_identify(log) by extensions ['ignore', 'ignore_ament_install']
[0.119s] Level 1:colcon.colcon_core.package_identification:_identify(log) by extension 'ignore'
[0.119s] Level 1:colcon.colcon_core.package_identification:_identify(log) ignored
[0.119s] Level 1:colcon.colcon_core.package_identification:_identify(src) by extensions ['ignore', 'ignore_ament_install']
[0.119s] Level 1:colcon.colcon_core.package_identification:_identify(src) by extension 'ignore'
[0.119s] Level 1:colcon.colcon_core.package_identification:_identify(src) by extension 'ignore_ament_install'
[0.119s] Level 1:colcon.colcon_core.package_identification:_identify(src) by extensions ['colcon_pkg']
[0.119s] Level 1:colcon.colcon_core.package_identification:_identify(src) by extension 'colcon_pkg'
[0.119s] Level 1:colcon.colcon_core.package_identification:_identify(src) by extensions ['colcon_meta']
[0.119s] Level 1:colcon.colcon_core.package_identification:_identify(src) by extension 'colcon_meta'
[0.119s] Level 1:colcon.colcon_core.package_identification:_identify(src) by extensions ['ros']
[0.119s] Level 1:colcon.colcon_core.package_identification:_identify(src) by extension 'ros'
[0.119s] Level 1:colcon.colcon_core.package_identification:_identify(src) by extensions ['cmake', 'python']
[0.119s] Level 1:colcon.colcon_core.package_identification:_identify(src) by extension 'cmake'
[0.119s] Level 1:colcon.colcon_core.package_identification:_identify(src) by extension 'python'
[0.119s] Level 1:colcon.colcon_core.package_identification:_identify(src) by extensions ['python_setup_py']
[0.119s] Level 1:colcon.colcon_core.package_identification:_identify(src) by extension 'python_setup_py'
[0.119s] Level 1:colcon.colcon_core.package_identification:_identify(src/my_robot_bringup) by extensions ['ignore', 'ignore_ament_install']
[0.119s] Level 1:colcon.colcon_core.package_identification:_identify(src/my_robot_bringup) by extension 'ignore'
[0.120s] Level 1:colcon.colcon_core.package_identification:_identify(src/my_robot_bringup) by extension 'ignore_ament_install'
[0.120s] Level 1:colcon.colcon_core.package_identification:_identify(src/my_robot_bringup) by extensions ['colcon_pkg']
[0.120s] Level 1:colcon.colcon_core.package_identification:_identify(src/my_robot_bringup) by extension 'colcon_pkg'
[0.120s] Level 1:colcon.colcon_core.package_identification:_identify(src/my_robot_bringup) by extensions ['colcon_meta']
[0.120s] Level 1:colcon.colcon_core.package_identification:_identify(src/my_robot_bringup) by extension 'colcon_meta'
[0.120s] Level 1:colcon.colcon_core.package_identification:_identify(src/my_robot_bringup) by extensions ['ros']
[0.120s] Level 1:colcon.colcon_core.package_identification:_identify(src/my_robot_bringup) by extension 'ros'
[0.121s] DEBUG:colcon.colcon_core.package_identification:Package 'src/my_robot_bringup' with type 'ros.ament_python' and name 'my_robot_bringup'
[0.121s] Level 1:colcon.colcon_core.package_identification:_identify(src/my_robot_description) by extensions ['ignore', 'ignore_ament_install']
[0.121s] Level 1:colcon.colcon_core.package_identification:_identify(src/my_robot_description) by extension 'ignore'
[0.121s] Level 1:colcon.colcon_core.package_identification:_identify(src/my_robot_description) by extension 'ignore_ament_install'
[0.122s] Level 1:colcon.colcon_core.package_identification:_identify(src/my_robot_description) by extensions ['colcon_pkg']
[0.122s] Level 1:colcon.colcon_core.package_identification:_identify(src/my_robot_description) by extension 'colcon_pkg'
[0.122s] Level 1:colcon.colcon_core.package_identification:_identify(src/my_robot_description) by extensions ['colcon_meta']
[0.122s] Level 1:colcon.colcon_core.package_identification:_identify(src/my_robot_description) by extension 'colcon_meta'
[0.122s] Level 1:colcon.colcon_core.package_identification:_identify(src/my_robot_description) by extensions ['ros']
[0.122s] Level 1:colcon.colcon_core.package_identification:_identify(src/my_robot_description) by extension 'ros'
[0.122s] DEBUG:colcon.colcon_core.package_identification:Package 'src/my_robot_description' with type 'ros.ament_cmake' and name 'my_robot_description'
[0.122s] Level 1:colcon.colcon_core.package_identification:_identify(src/simple_2d_lidar_odometry) by extensions ['ignore', 'ignore_ament_install']
[0.122s] Level 1:colcon.colcon_core.package_identification:_identify(src/simple_2d_lidar_odometry) by extension 'ignore'
[0.122s] Level 1:colcon.colcon_core.package_identification:_identify(src/simple_2d_lidar_odometry) by extension 'ignore_ament_install'
[0.122s] Level 1:colcon.colcon_core.package_identification:_identify(src/simple_2d_lidar_odometry) by extensions ['colcon_pkg']
[0.122s] Level 1:colcon.colcon_core.package_identification:_identify(src/simple_2d_lidar_odometry) by extension 'colcon_pkg'
[0.122s] Level 1:colcon.colcon_core.package_identification:_identify(src/simple_2d_lidar_odometry) by extensions ['colcon_meta']
[0.122s] Level 1:colcon.colcon_core.package_identification:_identify(src/simple_2d_lidar_odometry) by extension 'colcon_meta'
[0.122s] Level 1:colcon.colcon_core.package_identification:_identify(src/simple_2d_lidar_odometry) by extensions ['ros']
[0.122s] Level 1:colcon.colcon_core.package_identification:_identify(src/simple_2d_lidar_odometry) by extension 'ros'
[0.123s] DEBUG:colcon.colcon_core.package_identification:Package 'src/simple_2d_lidar_odometry' with type 'ros.ament_cmake' and name 'lidar_odometry'
[0.123s] Level 1:colcon.colcon_core.package_identification:_identify(src/sllidar_ros2) by extensions ['ignore', 'ignore_ament_install']
[0.123s] Level 1:colcon.colcon_core.package_identification:_identify(src/sllidar_ros2) by extension 'ignore'
[0.123s] Level 1:colcon.colcon_core.package_identification:_identify(src/sllidar_ros2) by extension 'ignore_ament_install'
[0.123s] Level 1:colcon.colcon_core.package_identification:_identify(src/sllidar_ros2) by extensions ['colcon_pkg']
[0.123s] Level 1:colcon.colcon_core.package_identification:_identify(src/sllidar_ros2) by extension 'colcon_pkg'
[0.123s] Level 1:colcon.colcon_core.package_identification:_identify(src/sllidar_ros2) by extensions ['colcon_meta']
[0.123s] Level 1:colcon.colcon_core.package_identification:_identify(src/sllidar_ros2) by extension 'colcon_meta'
[0.123s] Level 1:colcon.colcon_core.package_identification:_identify(src/sllidar_ros2) by extensions ['ros']
[0.123s] Level 1:colcon.colcon_core.package_identification:_identify(src/sllidar_ros2) by extension 'ros'
[0.124s] DEBUG:colcon.colcon_core.package_identification:Package 'src/sllidar_ros2' with type 'ros.ament_cmake' and name 'sllidar_ros2'
[0.124s] Level 1:colcon.colcon_core.package_discovery:discover_packages(recursive) using defaults
[0.124s] Level 1:colcon.colcon_core.package_discovery:discover_packages(ignore) discover
[0.124s] Level 1:colcon.colcon_core.package_discovery:discover_packages(ignore) using defaults
[0.124s] Level 1:colcon.colcon_core.package_discovery:discover_packages(path) discover
[0.124s] Level 1:colcon.colcon_core.package_discovery:discover_packages(path) using defaults
[0.139s] Level 1:colcon.colcon_core.package_discovery:discover_packages(prefix_path) check parameters
[0.139s] Level 1:colcon.colcon_core.package_discovery:discover_packages(prefix_path) discover
[0.140s] WARNING:colcon.colcon_ros.prefix_path.ament:The path '/home/khemin/ros2_ws/install/sllidar_ros2' in the environment variable AMENT_PREFIX_PATH doesn't exist
[0.140s] WARNING:colcon.colcon_ros.prefix_path.ament:The path '/home/khemin/ros2_ws/install/my_robot_description' in the environment variable AMENT_PREFIX_PATH doesn't exist
[0.140s] WARNING:colcon.colcon_ros.prefix_path.ament:The path '/home/khemin/ros2_ws/install/lidar_odometry' in the environment variable AMENT_PREFIX_PATH doesn't exist
[0.140s] WARNING:colcon.colcon_ros.prefix_path.catkin:The path '/home/khemin/ros2_ws/install/sllidar_ros2' in the environment variable CMAKE_PREFIX_PATH doesn't exist
[0.140s] WARNING:colcon.colcon_ros.prefix_path.catkin:The path '/home/khemin/ros2_ws/install/my_robot_description' in the environment variable CMAKE_PREFIX_PATH doesn't exist
[0.141s] WARNING:colcon.colcon_ros.prefix_path.catkin:The path '/home/khemin/ros2_ws/install/lidar_odometry' in the environment variable CMAKE_PREFIX_PATH doesn't exist
[0.141s] DEBUG:colcon.colcon_installed_package_information.package_discovery:Found 1 installed packages in /home/khemin/ros2_ws/install
[0.141s] DEBUG:colcon.colcon_installed_package_information.package_discovery:Found 9 installed packages in /home/khemin/rosbot_ws/install
[0.142s] DEBUG:colcon.colcon_installed_package_information.package_discovery:Found 8 installed packages in /home/khemin/rosbot_ws/src/rosbot_ros/install
[0.143s] DEBUG:colcon.colcon_installed_package_information.package_discovery:Found 2 installed packages in /home/khemin/ws_lidar/install
[0.144s] DEBUG:colcon.colcon_installed_package_information.package_discovery:Found 469 installed packages in /opt/ros/humble
[0.145s] Level 1:colcon.colcon_core.package_discovery:discover_packages(prefix_path) using defaults
[0.195s] Level 5:colcon.colcon_core.verb:set package 'lidar_odometry' build argument 'cmake_args' from command line to 'None'
[0.195s] Level 5:colcon.colcon_core.verb:set package 'lidar_odometry' build argument 'cmake_target' from command line to 'None'
[0.195s] Level 5:colcon.colcon_core.verb:set package 'lidar_odometry' build argument 'cmake_target_skip_unavailable' from command line to 'False'
[0.195s] Level 5:colcon.colcon_core.verb:set package 'lidar_odometry' build argument 'cmake_clean_cache' from command line to 'False'
[0.195s] Level 5:colcon.colcon_core.verb:set package 'lidar_odometry' build argument 'cmake_clean_first' from command line to 'False'
[0.195s] Level 5:colcon.colcon_core.verb:set package 'lidar_odometry' build argument 'cmake_force_configure' from command line to 'False'
[0.196s] Level 5:colcon.colcon_core.verb:set package 'lidar_odometry' build argument 'ament_cmake_args' from command line to 'None'
[0.196s] Level 5:colcon.colcon_core.verb:set package 'lidar_odometry' build argument 'catkin_cmake_args' from command line to 'None'
[0.196s] Level 5:colcon.colcon_core.verb:set package 'lidar_odometry' build argument 'catkin_skip_building_tests' from command line to 'False'
[0.196s] DEBUG:colcon.colcon_core.verb:Building package 'lidar_odometry' with the following arguments: {'ament_cmake_args': None, 'build_base': '/home/khemin/ros2_ws/build/lidar_odometry', 'catkin_cmake_args': None, 'catkin_skip_building_tests': False, 'cmake_args': None, 'cmake_clean_cache': False, 'cmake_clean_first': False, 'cmake_force_configure': False, 'cmake_target': None, 'cmake_target_skip_unavailable': False, 'install_base': '/home/khemin/ros2_ws/install/lidar_odometry', 'merge_install': False, 'path': '/home/khemin/ros2_ws/src/simple_2d_lidar_odometry', 'symlink_install': False, 'test_result_base': None}
[0.196s] Level 5:colcon.colcon_core.verb:set package 'my_robot_bringup' build argument 'cmake_args' from command line to 'None'
[0.196s] Level 5:colcon.colcon_core.verb:set package 'my_robot_bringup' build argument 'cmake_target' from command line to 'None'
[0.196s] Level 5:colcon.colcon_core.verb:set package 'my_robot_bringup' build argument 'cmake_target_skip_unavailable' from command line to 'False'
[0.196s] Level 5:colcon.colcon_core.verb:set package 'my_robot_bringup' build argument 'cmake_clean_cache' from command line to 'False'
[0.196s] Level 5:colcon.colcon_core.verb:set package 'my_robot_bringup' build argument 'cmake_clean_first' from command line to 'False'
[0.196s] Level 5:colcon.colcon_core.verb:set package 'my_robot_bringup' build argument 'cmake_force_configure' from command line to 'False'
[0.196s] Level 5:colcon.colcon_core.verb:set package 'my_robot_bringup' build argument 'ament_cmake_args' from command line to 'None'
[0.196s] Level 5:colcon.colcon_core.verb:set package 'my_robot_bringup' build argument 'catkin_cmake_args' from command line to 'None'
[0.196s] Level 5:colcon.colcon_core.verb:set package 'my_robot_bringup' build argument 'catkin_skip_building_tests' from command line to 'False'
[0.196s] DEBUG:colcon.colcon_core.verb:Building package 'my_robot_bringup' with the following arguments: {'ament_cmake_args': None, 'build_base': '/home/khemin/ros2_ws/build/my_robot_bringup', 'catkin_cmake_args': None, 'catkin_skip_building_tests': False, 'cmake_args': None, 'cmake_clean_cache': False, 'cmake_clean_first': False, 'cmake_force_configure': False, 'cmake_target': None, 'cmake_target_skip_unavailable': False, 'install_base': '/home/khemin/ros2_ws/install/my_robot_bringup', 'merge_install': False, 'path': '/home/khemin/ros2_ws/src/my_robot_bringup', 'symlink_install': False, 'test_result_base': None}
[0.196s] Level 5:colcon.colcon_core.verb:set package 'my_robot_description' build argument 'cmake_args' from command line to 'None'
[0.196s] Level 5:colcon.colcon_core.verb:set package 'my_robot_description' build argument 'cmake_target' from command line to 'None'
[0.196s] Level 5:colcon.colcon_core.verb:set package 'my_robot_description' build argument 'cmake_target_skip_unavailable' from command line to 'False'
[0.196s] Level 5:colcon.colcon_core.verb:set package 'my_robot_description' build argument 'cmake_clean_cache' from command line to 'False'
[0.196s] Level 5:colcon.colcon_core.verb:set package 'my_robot_description' build argument 'cmake_clean_first' from command line to 'False'
[0.196s] Level 5:colcon.colcon_core.verb:set package 'my_robot_description' build argument 'cmake_force_configure' from command line to 'False'
[0.196s] Level 5:colcon.colcon_core.verb:set package 'my_robot_description' build argument 'ament_cmake_args' from command line to 'None'
[0.196s] Level 5:colcon.colcon_core.verb:set package 'my_robot_description' build argument 'catkin_cmake_args' from command line to 'None'
[0.196s] Level 5:colcon.colcon_core.verb:set package 'my_robot_description' build argument 'catkin_skip_building_tests' from command line to 'False'
[0.196s] DEBUG:colcon.colcon_core.verb:Building package 'my_robot_description' with the following arguments: {'ament_cmake_args': None, 'build_base': '/home/khemin/ros2_ws/build/my_robot_description', 'catkin_cmake_args': None, 'catkin_skip_building_tests': False, 'cmake_args': None, 'cmake_clean_cache': False, 'cmake_clean_first': False, 'cmake_force_configure': False, 'cmake_target': None, 'cmake_target_skip_unavailable': False, 'install_base': '/home/khemin/ros2_ws/install/my_robot_description', 'merge_install': False, 'path': '/home/khemin/ros2_ws/src/my_robot_description', 'symlink_install': False, 'test_result_base': None}
[0.197s] Level 5:colcon.colcon_core.verb:set package 'sllidar_ros2' build argument 'cmake_args' from command line to 'None'
[0.197s] Level 5:colcon.colcon_core.verb:set package 'sllidar_ros2' build argument 'cmake_target' from command line to 'None'
[0.197s] Level 5:colcon.colcon_core.verb:set package 'sllidar_ros2' build argument 'cmake_target_skip_unavailable' from command line to 'False'
[0.197s] Level 5:colcon.colcon_core.verb:set package 'sllidar_ros2' build argument 'cmake_clean_cache' from command line to 'False'
[0.197s] Level 5:colcon.colcon_core.verb:set package 'sllidar_ros2' build argument 'cmake_clean_first' from command line to 'False'
[0.197s] Level 5:colcon.colcon_core.verb:set package 'sllidar_ros2' build argument 'cmake_force_configure' from command line to 'False'
[0.197s] Level 5:colcon.colcon_core.verb:set package 'sllidar_ros2' build argument 'ament_cmake_args' from command line to 'None'
[0.197s] Level 5:colcon.colcon_core.verb:set package 'sllidar_ros2' build argument 'catkin_cmake_args' from command line to 'None'
[0.197s] Level 5:colcon.colcon_core.verb:set package 'sllidar_ros2' build argument 'catkin_skip_building_tests' from command line to 'False'
[0.197s] DEBUG:colcon.colcon_core.verb:Building package 'sllidar_ros2' with the following arguments: {'ament_cmake_args': None, 'build_base': '/home/khemin/ros2_ws/build/sllidar_ros2', 'catkin_cmake_args': None, 'catkin_skip_building_tests': False, 'cmake_args': None, 'cmake_clean_cache': False, 'cmake_clean_first': False, 'cmake_force_configure': False, 'cmake_target': None, 'cmake_target_skip_unavailable': False, 'install_base': '/home/khemin/ros2_ws/install/sllidar_ros2', 'merge_install': False, 'path': '/home/khemin/ros2_ws/src/sllidar_ros2', 'symlink_install': False, 'test_result_base': None}
[0.197s] INFO:colcon.colcon_core.executor:Executing jobs using 'parallel' executor
[0.198s] DEBUG:colcon.colcon_parallel_executor.executor.parallel:run_until_complete
[0.198s] INFO:colcon.colcon_ros.task.ament_cmake.build:Building ROS package in '/home/khemin/ros2_ws/src/simple_2d_lidar_odometry' with build type 'ament_cmake'
[0.198s] INFO:colcon.colcon_cmake.task.cmake.build:Building CMake package in '/home/khemin/ros2_ws/src/simple_2d_lidar_odometry'
[0.200s] INFO:colcon.colcon_core.plugin_system:Skipping extension 'colcon_core.shell.bat': Not used on non-Windows systems
[0.200s] INFO:colcon.colcon_core.shell:Skip shell extension 'powershell' for command environment: Not usable outside of PowerShell
[0.200s] DEBUG:colcon.colcon_core.shell:Skip shell extension 'dsv' for command environment
[0.204s] INFO:colcon.colcon_ros.task.ament_python.build:Building ROS package in '/home/khemin/ros2_ws/src/my_robot_bringup' with build type 'ament_python'
[0.204s] Level 1:colcon.colcon_core.shell:create_environment_hook('my_robot_bringup', 'ament_prefix_path')
[0.205s] INFO:colcon.colcon_core.shell:Creating environment hook '/home/khemin/ros2_ws/install/my_robot_bringup/share/my_robot_bringup/hook/ament_prefix_path.ps1'
[0.205s] INFO:colcon.colcon_core.shell:Creating environment descriptor '/home/khemin/ros2_ws/install/my_robot_bringup/share/my_robot_bringup/hook/ament_prefix_path.dsv'
[0.205s] INFO:colcon.colcon_core.shell:Creating environment hook '/home/khemin/ros2_ws/install/my_robot_bringup/share/my_robot_bringup/hook/ament_prefix_path.sh'
[0.206s] INFO:colcon.colcon_core.shell:Skip shell extension 'powershell' for command environment: Not usable outside of PowerShell
[0.206s] DEBUG:colcon.colcon_core.shell:Skip shell extension 'dsv' for command environment
[0.210s] INFO:colcon.colcon_ros.task.ament_cmake.build:Building ROS package in '/home/khemin/ros2_ws/src/my_robot_description' with build type 'ament_cmake'
[0.210s] INFO:colcon.colcon_cmake.task.cmake.build:Building CMake package in '/home/khemin/ros2_ws/src/my_robot_description'
[0.210s] INFO:colcon.colcon_core.shell:Skip shell extension 'powershell' for command environment: Not usable outside of PowerShell
[0.210s] DEBUG:colcon.colcon_core.shell:Skip shell extension 'dsv' for command environment
[0.215s] INFO:colcon.colcon_ros.task.ament_cmake.build:Building ROS package in '/home/khemin/ros2_ws/src/sllidar_ros2' with build type 'ament_cmake'
[0.215s] INFO:colcon.colcon_cmake.task.cmake.build:Building CMake package in '/home/khemin/ros2_ws/src/sllidar_ros2'
[0.215s] INFO:colcon.colcon_core.shell:Skip shell extension 'powershell' for command environment: Not usable outside of PowerShell
[0.215s] DEBUG:colcon.colcon_core.shell:Skip shell extension 'dsv' for command environment
[0.223s] DEBUG:colcon.colcon_core.event_handler.log_command:Invoking command in '/home/khemin/ros2_ws/build/lidar_odometry': CMAKE_PREFIX_PATH=${CMAKE_PREFIX_PATH}:/home/khemin/ros2_ws/install/my_robot_bringup:/home/khemin/rosbot_ws/install/rosbot_utils:/home/khemin/rosbot_ws/install/rosbot_bringup:/home/khemin/rosbot_ws/src/rosbot_ros/install/rosbot_gazebo:/home/khemin/rosbot_ws/src/rosbot_ros/install/rosbot_controller:/home/khemin/rosbot_ws/src/rosbot_ros/install/rosbot_utils:/home/khemin/rosbot_ws/src/rosbot_ros/install/rosbot_bringup:/home/khemin/ws_lidar/install/lidar_processing:/opt/ros/humble /usr/bin/cmake /home/khemin/ros2_ws/src/simple_2d_lidar_odometry -DCMAKE_INSTALL_PREFIX=/home/khemin/ros2_ws/install/lidar_odometry
[0.379s] INFO:colcon.colcon_core.task.python.build:Building Python package in '/home/khemin/ros2_ws/src/my_robot_bringup'
[0.380s] INFO:colcon.colcon_core.shell:Skip shell extension 'powershell' for command environment: Not usable outside of PowerShell
[0.380s] DEBUG:colcon.colcon_core.shell:Skip shell extension 'dsv' for command environment
[0.387s] DEBUG:colcon.colcon_core.event_handler.log_command:Invoking command in '/home/khemin/ros2_ws/build/my_robot_description': CMAKE_PREFIX_PATH=${CMAKE_PREFIX_PATH}:/home/khemin/ros2_ws/install/my_robot_bringup:/home/khemin/rosbot_ws/install/rosbot_utils:/home/khemin/rosbot_ws/install/rosbot_bringup:/home/khemin/rosbot_ws/src/rosbot_ros/install/rosbot_gazebo:/home/khemin/rosbot_ws/src/rosbot_ros/install/rosbot_controller:/home/khemin/rosbot_ws/src/rosbot_ros/install/rosbot_utils:/home/khemin/rosbot_ws/src/rosbot_ros/install/rosbot_bringup:/home/khemin/ws_lidar/install/lidar_processing:/opt/ros/humble /usr/bin/cmake /home/khemin/ros2_ws/src/my_robot_description -DCMAKE_INSTALL_PREFIX=/home/khemin/ros2_ws/install/my_robot_description
[0.390s] DEBUG:colcon.colcon_core.event_handler.log_command:Invoking command in '/home/khemin/ros2_ws/build/sllidar_ros2': CMAKE_PREFIX_PATH=${CMAKE_PREFIX_PATH}:/home/khemin/ros2_ws/install/my_robot_bringup:/home/khemin/rosbot_ws/install/rosbot_utils:/home/khemin/rosbot_ws/install/rosbot_bringup:/home/khemin/rosbot_ws/src/rosbot_ros/install/rosbot_gazebo:/home/khemin/rosbot_ws/src/rosbot_ros/install/rosbot_controller:/home/khemin/rosbot_ws/src/rosbot_ros/install/rosbot_utils:/home/khemin/rosbot_ws/src/rosbot_ros/install/rosbot_bringup:/home/khemin/ws_lidar/install/lidar_processing:/opt/ros/humble /usr/bin/cmake /home/khemin/ros2_ws/src/sllidar_ros2 -DCMAKE_INSTALL_PREFIX=/home/khemin/ros2_ws/install/sllidar_ros2
[0.868s] DEBUG:colcon.colcon_core.event_handler.log_command:Invoking command in '/home/khemin/ros2_ws/src/my_robot_bringup': PYTHONPATH=/home/khemin/ros2_ws/build/my_robot_bringup/prefix_override:/usr/lib/python3/dist-packages/colcon_core/task/python/colcon_distutils_commands:/home/khemin/ros2_ws/install/my_robot_bringup/lib/python3.10/site-packages:${PYTHONPATH} /usr/bin/python3 -W ignore:setup.py install is deprecated -W ignore:easy_install command is deprecated setup.py egg_info --egg-base ../../build/my_robot_bringup build --build-base /home/khemin/ros2_ws/build/my_robot_bringup/build install --record /home/khemin/ros2_ws/build/my_robot_bringup/install.log --single-version-externally-managed install_data
[1.105s] DEBUG:colcon.colcon_core.event_handler.log_command:Invoked command in '/home/khemin/ros2_ws/build/my_robot_description' returned '0': CMAKE_PREFIX_PATH=${CMAKE_PREFIX_PATH}:/home/khemin/ros2_ws/install/my_robot_bringup:/home/khemin/rosbot_ws/install/rosbot_utils:/home/khemin/rosbot_ws/install/rosbot_bringup:/home/khemin/rosbot_ws/src/rosbot_ros/install/rosbot_gazebo:/home/khemin/rosbot_ws/src/rosbot_ros/install/rosbot_controller:/home/khemin/rosbot_ws/src/rosbot_ros/install/rosbot_utils:/home/khemin/rosbot_ws/src/rosbot_ros/install/rosbot_bringup:/home/khemin/ws_lidar/install/lidar_processing:/opt/ros/humble /usr/bin/cmake /home/khemin/ros2_ws/src/my_robot_description -DCMAKE_INSTALL_PREFIX=/home/khemin/ros2_ws/install/my_robot_description
[1.107s] DEBUG:colcon.colcon_core.event_handler.log_command:Invoking command in '/home/khemin/ros2_ws/build/my_robot_description': CMAKE_PREFIX_PATH=${CMAKE_PREFIX_PATH}:/home/khemin/ros2_ws/install/my_robot_bringup:/home/khemin/rosbot_ws/install/rosbot_utils:/home/khemin/rosbot_ws/install/rosbot_bringup:/home/khemin/rosbot_ws/src/rosbot_ros/install/rosbot_gazebo:/home/khemin/rosbot_ws/src/rosbot_ros/install/rosbot_controller:/home/khemin/rosbot_ws/src/rosbot_ros/install/rosbot_utils:/home/khemin/rosbot_ws/src/rosbot_ros/install/rosbot_bringup:/home/khemin/ws_lidar/install/lidar_processing:/opt/ros/humble /usr/bin/cmake --build /home/khemin/ros2_ws/build/my_robot_description -- -j16 -l16
[1.145s] DEBUG:colcon.colcon_core.event_handler.log_command:Invoked command in '/home/khemin/ros2_ws/build/my_robot_description' returned '0': CMAKE_PREFIX_PATH=${CMAKE_PREFIX_PATH}:/home/khemin/ros2_ws/install/my_robot_bringup:/home/khemin/rosbot_ws/install/rosbot_utils:/home/khemin/rosbot_ws/install/rosbot_bringup:/home/khemin/rosbot_ws/src/rosbot_ros/install/rosbot_gazebo:/home/khemin/rosbot_ws/src/rosbot_ros/install/rosbot_controller:/home/khemin/rosbot_ws/src/rosbot_ros/install/rosbot_utils:/home/khemin/rosbot_ws/src/rosbot_ros/install/rosbot_bringup:/home/khemin/ws_lidar/install/lidar_processing:/opt/ros/humble /usr/bin/cmake --build /home/khemin/ros2_ws/build/my_robot_description -- -j16 -l16
[1.155s] DEBUG:colcon.colcon_core.event_handler.log_command:Invoking command in '/home/khemin/ros2_ws/build/my_robot_description': CMAKE_PREFIX_PATH=${CMAKE_PREFIX_PATH}:/home/khemin/ros2_ws/install/my_robot_bringup:/home/khemin/rosbot_ws/install/rosbot_utils:/home/khemin/rosbot_ws/install/rosbot_bringup:/home/khemin/rosbot_ws/src/rosbot_ros/install/rosbot_gazebo:/home/khemin/rosbot_ws/src/rosbot_ros/install/rosbot_controller:/home/khemin/rosbot_ws/src/rosbot_ros/install/rosbot_utils:/home/khemin/rosbot_ws/src/rosbot_ros/install/rosbot_bringup:/home/khemin/ws_lidar/install/lidar_processing:/opt/ros/humble /usr/bin/cmake --install /home/khemin/ros2_ws/build/my_robot_description
[1.168s] Level 1:colcon.colcon_core.environment:create_environment_scripts_only(my_robot_description)
[1.168s] DEBUG:colcon.colcon_core.event_handler.log_command:Invoked command in '/home/khemin/ros2_ws/build/my_robot_description' returned '0': CMAKE_PREFIX_PATH=${CMAKE_PREFIX_PATH}:/home/khemin/ros2_ws/install/my_robot_bringup:/home/khemin/rosbot_ws/install/rosbot_utils:/home/khemin/rosbot_ws/install/rosbot_bringup:/home/khemin/rosbot_ws/src/rosbot_ros/install/rosbot_gazebo:/home/khemin/rosbot_ws/src/rosbot_ros/install/rosbot_controller:/home/khemin/rosbot_ws/src/rosbot_ros/install/rosbot_utils:/home/khemin/rosbot_ws/src/rosbot_ros/install/rosbot_bringup:/home/khemin/ws_lidar/install/lidar_processing:/opt/ros/humble /usr/bin/cmake --install /home/khemin/ros2_ws/build/my_robot_description
[1.170s] Level 1:colcon.colcon_core.environment:checking '/home/khemin/ros2_ws/install/my_robot_description' for CMake module files
[1.170s] Level 1:colcon.colcon_core.environment:checking '/home/khemin/ros2_ws/install/my_robot_description' for CMake config files
[1.170s] Level 1:colcon.colcon_core.shell:create_environment_hook('my_robot_description', 'cmake_prefix_path')
[1.171s] INFO:colcon.colcon_core.shell:Creating environment hook '/home/khemin/ros2_ws/install/my_robot_description/share/my_robot_description/hook/cmake_prefix_path.ps1'
[1.171s] INFO:colcon.colcon_core.shell:Creating environment descriptor '/home/khemin/ros2_ws/install/my_robot_description/share/my_robot_description/hook/cmake_prefix_path.dsv'
[1.171s] INFO:colcon.colcon_core.shell:Creating environment hook '/home/khemin/ros2_ws/install/my_robot_description/share/my_robot_description/hook/cmake_prefix_path.sh'
[1.172s] Level 1:colcon.colcon_core.environment:checking '/home/khemin/ros2_ws/install/my_robot_description/bin'
[1.172s] Level 1:colcon.colcon_core.environment:checking '/home/khemin/ros2_ws/install/my_robot_description/lib/pkgconfig/my_robot_description.pc'
[1.172s] Level 1:colcon.colcon_core.environment:checking '/home/khemin/ros2_ws/install/my_robot_description/lib/python3.10/site-packages'
[1.172s] Level 1:colcon.colcon_core.environment:checking '/home/khemin/ros2_ws/install/my_robot_description/bin'
[1.172s] INFO:colcon.colcon_core.shell:Creating package script '/home/khemin/ros2_ws/install/my_robot_description/share/my_robot_description/package.ps1'
[1.173s] INFO:colcon.colcon_core.shell:Creating package descriptor '/home/khemin/ros2_ws/install/my_robot_description/share/my_robot_description/package.dsv'
[1.173s] INFO:colcon.colcon_core.shell:Creating package script '/home/khemin/ros2_ws/install/my_robot_description/share/my_robot_description/package.sh'
[1.173s] INFO:colcon.colcon_core.shell:Creating package script '/home/khemin/ros2_ws/install/my_robot_description/share/my_robot_description/package.bash'
[1.174s] INFO:colcon.colcon_core.shell:Creating package script '/home/khemin/ros2_ws/install/my_robot_description/share/my_robot_description/package.zsh'
[1.174s] Level 1:colcon.colcon_core.environment:create_file_with_runtime_dependencies(/home/khemin/ros2_ws/install/my_robot_description/share/colcon-core/packages/my_robot_description)
[1.175s] Level 1:colcon.colcon_core.environment:create_environment_scripts_only(my_robot_description)
[1.175s] Level 1:colcon.colcon_core.environment:checking '/home/khemin/ros2_ws/install/my_robot_description' for CMake module files
[1.175s] Level 1:colcon.colcon_core.environment:checking '/home/khemin/ros2_ws/install/my_robot_description' for CMake config files
[1.175s] Level 1:colcon.colcon_core.shell:create_environment_hook('my_robot_description', 'cmake_prefix_path')
[1.175s] INFO:colcon.colcon_core.shell:Creating environment hook '/home/khemin/ros2_ws/install/my_robot_description/share/my_robot_description/hook/cmake_prefix_path.ps1'
[1.176s] INFO:colcon.colcon_core.shell:Creating environment descriptor '/home/khemin/ros2_ws/install/my_robot_description/share/my_robot_description/hook/cmake_prefix_path.dsv'
[1.176s] INFO:colcon.colcon_core.shell:Creating environment hook '/home/khemin/ros2_ws/install/my_robot_description/share/my_robot_description/hook/cmake_prefix_path.sh'
[1.176s] Level 1:colcon.colcon_core.environment:checking '/home/khemin/ros2_ws/install/my_robot_description/bin'
[1.176s] Level 1:colcon.colcon_core.environment:checking '/home/khemin/ros2_ws/install/my_robot_description/lib/pkgconfig/my_robot_description.pc'
[1.176s] Level 1:colcon.colcon_core.environment:checking '/home/khemin/ros2_ws/install/my_robot_description/lib/python3.10/site-packages'
[1.177s] Level 1:colcon.colcon_core.environment:checking '/home/khemin/ros2_ws/install/my_robot_description/bin'
[1.177s] INFO:colcon.colcon_core.shell:Creating package script '/home/khemin/ros2_ws/install/my_robot_description/share/my_robot_description/package.ps1'
[1.177s] INFO:colcon.colcon_core.shell:Creating package descriptor '/home/khemin/ros2_ws/install/my_robot_description/share/my_robot_description/package.dsv'
[1.177s] INFO:colcon.colcon_core.shell:Creating package script '/home/khemin/ros2_ws/install/my_robot_description/share/my_robot_description/package.sh'
[1.178s] INFO:colcon.colcon_core.shell:Creating package script '/home/khemin/ros2_ws/install/my_robot_description/share/my_robot_description/package.bash'
[1.178s] INFO:colcon.colcon_core.shell:Creating package script '/home/khemin/ros2_ws/install/my_robot_description/share/my_robot_description/package.zsh'
[1.179s] Level 1:colcon.colcon_core.environment:create_file_with_runtime_dependencies(/home/khemin/ros2_ws/install/my_robot_description/share/colcon-core/packages/my_robot_description)
[1.291s] Level 1:colcon.colcon_core.environment:checking '/home/khemin/ros2_ws/install/my_robot_bringup' for CMake module files
[1.291s] DEBUG:colcon.colcon_core.event_handler.log_command:Invoked command in '/home/khemin/ros2_ws/src/my_robot_bringup' returned '0': PYTHONPATH=/home/khemin/ros2_ws/build/my_robot_bringup/prefix_override:/usr/lib/python3/dist-packages/colcon_core/task/python/colcon_distutils_commands:/home/khemin/ros2_ws/install/my_robot_bringup/lib/python3.10/site-packages:${PYTHONPATH} /usr/bin/python3 -W ignore:setup.py install is deprecated -W ignore:easy_install command is deprecated setup.py egg_info --egg-base ../../build/my_robot_bringup build --build-base /home/khemin/ros2_ws/build/my_robot_bringup/build install --record /home/khemin/ros2_ws/build/my_robot_bringup/install.log --single-version-externally-managed install_data
[1.291s] Level 1:colcon.colcon_core.environment:checking '/home/khemin/ros2_ws/install/my_robot_bringup' for CMake config files
[1.292s] Level 1:colcon.colcon_core.environment:checking '/home/khemin/ros2_ws/install/my_robot_bringup/lib'
[1.292s] Level 1:colcon.colcon_core.environment:checking '/home/khemin/ros2_ws/install/my_robot_bringup/bin'
[1.292s] Level 1:colcon.colcon_core.environment:checking '/home/khemin/ros2_ws/install/my_robot_bringup/lib/pkgconfig/my_robot_bringup.pc'
[1.292s] Level 1:colcon.colcon_core.environment:checking '/home/khemin/ros2_ws/install/my_robot_bringup/lib/python3.10/site-packages'
[1.292s] Level 1:colcon.colcon_core.shell:create_environment_hook('my_robot_bringup', 'pythonpath')
[1.293s] INFO:colcon.colcon_core.shell:Creating environment hook '/home/khemin/ros2_ws/install/my_robot_bringup/share/my_robot_bringup/hook/pythonpath.ps1'
[1.293s] INFO:colcon.colcon_core.shell:Creating environment descriptor '/home/khemin/ros2_ws/install/my_robot_bringup/share/my_robot_bringup/hook/pythonpath.dsv'
[1.293s] INFO:colcon.colcon_core.shell:Creating environment hook '/home/khemin/ros2_ws/install/my_robot_bringup/share/my_robot_bringup/hook/pythonpath.sh'
[1.294s] Level 1:colcon.colcon_core.environment:checking '/home/khemin/ros2_ws/install/my_robot_bringup/bin'
[1.294s] Level 1:colcon.colcon_core.environment:create_environment_scripts_only(my_robot_bringup)
[1.294s] INFO:colcon.colcon_core.shell:Creating package script '/home/khemin/ros2_ws/install/my_robot_bringup/share/my_robot_bringup/package.ps1'
[1.294s] INFO:colcon.colcon_core.shell:Creating package descriptor '/home/khemin/ros2_ws/install/my_robot_bringup/share/my_robot_bringup/package.dsv'
[1.295s] INFO:colcon.colcon_core.shell:Creating package script '/home/khemin/ros2_ws/install/my_robot_bringup/share/my_robot_bringup/package.sh'
[1.295s] INFO:colcon.colcon_core.shell:Creating package script '/home/khemin/ros2_ws/install/my_robot_bringup/share/my_robot_bringup/package.bash'
[1.295s] INFO:colcon.colcon_core.shell:Creating package script '/home/khemin/ros2_ws/install/my_robot_bringup/share/my_robot_bringup/package.zsh'
[1.295s] Level 1:colcon.colcon_core.environment:create_file_with_runtime_dependencies(/home/khemin/ros2_ws/install/my_robot_bringup/share/colcon-core/packages/my_robot_bringup)
[1.693s] DEBUG:colcon.colcon_core.event_handler.log_command:Invoked command in '/home/khemin/ros2_ws/build/sllidar_ros2' returned '0': CMAKE_PREFIX_PATH=${CMAKE_PREFIX_PATH}:/home/khemin/ros2_ws/install/my_robot_bringup:/home/khemin/rosbot_ws/install/rosbot_utils:/home/khemin/rosbot_ws/install/rosbot_bringup:/home/khemin/rosbot_ws/src/rosbot_ros/install/rosbot_gazebo:/home/khemin/rosbot_ws/src/rosbot_ros/install/rosbot_controller:/home/khemin/rosbot_ws/src/rosbot_ros/install/rosbot_utils:/home/khemin/rosbot_ws/src/rosbot_ros/install/rosbot_bringup:/home/khemin/ws_lidar/install/lidar_processing:/opt/ros/humble /usr/bin/cmake /home/khemin/ros2_ws/src/sllidar_ros2 -DCMAKE_INSTALL_PREFIX=/home/khemin/ros2_ws/install/sllidar_ros2
[1.694s] DEBUG:colcon.colcon_core.event_handler.log_command:Invoking command in '/home/khemin/ros2_ws/build/sllidar_ros2': CMAKE_PREFIX_PATH=${CMAKE_PREFIX_PATH}:/home/khemin/ros2_ws/install/my_robot_bringup:/home/khemin/rosbot_ws/install/rosbot_utils:/home/khemin/rosbot_ws/install/rosbot_bringup:/home/khemin/rosbot_ws/src/rosbot_ros/install/rosbot_gazebo:/home/khemin/rosbot_ws/src/rosbot_ros/install/rosbot_controller:/home/khemin/rosbot_ws/src/rosbot_ros/install/rosbot_utils:/home/khemin/rosbot_ws/src/rosbot_ros/install/rosbot_bringup:/home/khemin/ws_lidar/install/lidar_processing:/opt/ros/humble /usr/bin/cmake --build /home/khemin/ros2_ws/build/sllidar_ros2 -- -j16 -l16
[3.931s] DEBUG:colcon.colcon_core.event_handler.log_command:Invoked command in '/home/khemin/ros2_ws/build/lidar_odometry' returned '0': CMAKE_PREFIX_PATH=${CMAKE_PREFIX_PATH}:/home/khemin/ros2_ws/install/my_robot_bringup:/home/khemin/rosbot_ws/install/rosbot_utils:/home/khemin/rosbot_ws/install/rosbot_bringup:/home/khemin/rosbot_ws/src/rosbot_ros/install/rosbot_gazebo:/home/khemin/rosbot_ws/src/rosbot_ros/install/rosbot_controller:/home/khemin/rosbot_ws/src/rosbot_ros/install/rosbot_utils:/home/khemin/rosbot_ws/src/rosbot_ros/install/rosbot_bringup:/home/khemin/ws_lidar/install/lidar_processing:/opt/ros/humble /usr/bin/cmake /home/khemin/ros2_ws/src/simple_2d_lidar_odometry -DCMAKE_INSTALL_PREFIX=/home/khemin/ros2_ws/install/lidar_odometry
[3.933s] DEBUG:colcon.colcon_core.event_handler.log_command:Invoking command in '/home/khemin/ros2_ws/build/lidar_odometry': CMAKE_PREFIX_PATH=${CMAKE_PREFIX_PATH}:/home/khemin/ros2_ws/install/my_robot_bringup:/home/khemin/rosbot_ws/install/rosbot_utils:/home/khemin/rosbot_ws/install/rosbot_bringup:/home/khemin/rosbot_ws/src/rosbot_ros/install/rosbot_gazebo:/home/khemin/rosbot_ws/src/rosbot_ros/install/rosbot_controller:/home/khemin/rosbot_ws/src/rosbot_ros/install/rosbot_utils:/home/khemin/rosbot_ws/src/rosbot_ros/install/rosbot_bringup:/home/khemin/ws_lidar/install/lidar_processing:/opt/ros/humble /usr/bin/cmake --build /home/khemin/ros2_ws/build/lidar_odometry -- -j16 -l16
[8.654s] DEBUG:colcon.colcon_core.event_handler.log_command:Invoked command in '/home/khemin/ros2_ws/build/sllidar_ros2' returned '0': CMAKE_PREFIX_PATH=${CMAKE_PREFIX_PATH}:/home/khemin/ros2_ws/install/my_robot_bringup:/home/khemin/rosbot_ws/install/rosbot_utils:/home/khemin/rosbot_ws/install/rosbot_bringup:/home/khemin/rosbot_ws/src/rosbot_ros/install/rosbot_gazebo:/home/khemin/rosbot_ws/src/rosbot_ros/install/rosbot_controller:/home/khemin/rosbot_ws/src/rosbot_ros/install/rosbot_utils:/home/khemin/rosbot_ws/src/rosbot_ros/install/rosbot_bringup:/home/khemin/ws_lidar/install/lidar_processing:/opt/ros/humble /usr/bin/cmake --build /home/khemin/ros2_ws/build/sllidar_ros2 -- -j16 -l16
[8.655s] DEBUG:colcon.colcon_core.event_handler.log_command:Invoking command in '/home/khemin/ros2_ws/build/sllidar_ros2': CMAKE_PREFIX_PATH=${CMAKE_PREFIX_PATH}:/home/khemin/ros2_ws/install/my_robot_bringup:/home/khemin/rosbot_ws/install/rosbot_utils:/home/khemin/rosbot_ws/install/rosbot_bringup:/home/khemin/rosbot_ws/src/rosbot_ros/install/rosbot_gazebo:/home/khemin/rosbot_ws/src/rosbot_ros/install/rosbot_controller:/home/khemin/rosbot_ws/src/rosbot_ros/install/rosbot_utils:/home/khemin/rosbot_ws/src/rosbot_ros/install/rosbot_bringup:/home/khemin/ws_lidar/install/lidar_processing:/opt/ros/humble /usr/bin/cmake --install /home/khemin/ros2_ws/build/sllidar_ros2
[8.676s] Level 1:colcon.colcon_core.environment:create_environment_scripts_only(sllidar_ros2)
[8.676s] DEBUG:colcon.colcon_core.event_handler.log_command:Invoked command in '/home/khemin/ros2_ws/build/sllidar_ros2' returned '0': CMAKE_PREFIX_PATH=${CMAKE_PREFIX_PATH}:/home/khemin/ros2_ws/install/my_robot_bringup:/home/khemin/rosbot_ws/install/rosbot_utils:/home/khemin/rosbot_ws/install/rosbot_bringup:/home/khemin/rosbot_ws/src/rosbot_ros/install/rosbot_gazebo:/home/khemin/rosbot_ws/src/rosbot_ros/install/rosbot_controller:/home/khemin/rosbot_ws/src/rosbot_ros/install/rosbot_utils:/home/khemin/rosbot_ws/src/rosbot_ros/install/rosbot_bringup:/home/khemin/ws_lidar/install/lidar_processing:/opt/ros/humble /usr/bin/cmake --install /home/khemin/ros2_ws/build/sllidar_ros2
[8.676s] Level 1:colcon.colcon_core.environment:checking '/home/khemin/ros2_ws/install/sllidar_ros2' for CMake module files
[8.677s] Level 1:colcon.colcon_core.environment:checking '/home/khemin/ros2_ws/install/sllidar_ros2' for CMake config files
[8.677s] Level 1:colcon.colcon_core.shell:create_environment_hook('sllidar_ros2', 'cmake_prefix_path')
[8.677s] INFO:colcon.colcon_core.shell:Creating environment hook '/home/khemin/ros2_ws/install/sllidar_ros2/share/sllidar_ros2/hook/cmake_prefix_path.ps1'
[8.677s] INFO:colcon.colcon_core.shell:Creating environment descriptor '/home/khemin/ros2_ws/install/sllidar_ros2/share/sllidar_ros2/hook/cmake_prefix_path.dsv'
[8.677s] INFO:colcon.colcon_core.shell:Creating environment hook '/home/khemin/ros2_ws/install/sllidar_ros2/share/sllidar_ros2/hook/cmake_prefix_path.sh'
[8.678s] Level 1:colcon.colcon_core.environment:checking '/home/khemin/ros2_ws/install/sllidar_ros2/lib'
[8.678s] Level 1:colcon.colcon_core.environment:checking '/home/khemin/ros2_ws/install/sllidar_ros2/bin'
[8.678s] Level 1:colcon.colcon_core.environment:checking '/home/khemin/ros2_ws/install/sllidar_ros2/lib/pkgconfig/sllidar_ros2.pc'
[8.678s] Level 1:colcon.colcon_core.environment:checking '/home/khemin/ros2_ws/install/sllidar_ros2/lib/python3.10/site-packages'
[8.678s] Level 1:colcon.colcon_core.environment:checking '/home/khemin/ros2_ws/install/sllidar_ros2/bin'
[8.678s] INFO:colcon.colcon_core.shell:Creating package script '/home/khemin/ros2_ws/install/sllidar_ros2/share/sllidar_ros2/package.ps1'
[8.679s] INFO:colcon.colcon_core.shell:Creating package descriptor '/home/khemin/ros2_ws/install/sllidar_ros2/share/sllidar_ros2/package.dsv'
[8.679s] INFO:colcon.colcon_core.shell:Creating package script '/home/khemin/ros2_ws/install/sllidar_ros2/share/sllidar_ros2/package.sh'
[8.679s] INFO:colcon.colcon_core.shell:Creating package script '/home/khemin/ros2_ws/install/sllidar_ros2/share/sllidar_ros2/package.bash'
[8.679s] INFO:colcon.colcon_core.shell:Creating package script '/home/khemin/ros2_ws/install/sllidar_ros2/share/sllidar_ros2/package.zsh'
[8.680s] Level 1:colcon.colcon_core.environment:create_file_with_runtime_dependencies(/home/khemin/ros2_ws/install/sllidar_ros2/share/colcon-core/packages/sllidar_ros2)
[8.680s] Level 1:colcon.colcon_core.environment:create_environment_scripts_only(sllidar_ros2)
[8.680s] Level 1:colcon.colcon_core.environment:checking '/home/khemin/ros2_ws/install/sllidar_ros2' for CMake module files
[8.681s] Level 1:colcon.colcon_core.environment:checking '/home/khemin/ros2_ws/install/sllidar_ros2' for CMake config files
[8.681s] Level 1:colcon.colcon_core.shell:create_environment_hook('sllidar_ros2', 'cmake_prefix_path')
[8.681s] INFO:colcon.colcon_core.shell:Creating environment hook '/home/khemin/ros2_ws/install/sllidar_ros2/share/sllidar_ros2/hook/cmake_prefix_path.ps1'
[8.681s] INFO:colcon.colcon_core.shell:Creating environment descriptor '/home/khemin/ros2_ws/install/sllidar_ros2/share/sllidar_ros2/hook/cmake_prefix_path.dsv'
[8.681s] INFO:colcon.colcon_core.shell:Creating environment hook '/home/khemin/ros2_ws/install/sllidar_ros2/share/sllidar_ros2/hook/cmake_prefix_path.sh'
[8.682s] Level 1:colcon.colcon_core.environment:checking '/home/khemin/ros2_ws/install/sllidar_ros2/lib'
[8.682s] Level 1:colcon.colcon_core.environment:checking '/home/khemin/ros2_ws/install/sllidar_ros2/bin'
[8.682s] Level 1:colcon.colcon_core.environment:checking '/home/khemin/ros2_ws/install/sllidar_ros2/lib/pkgconfig/sllidar_ros2.pc'
[8.682s] Level 1:colcon.colcon_core.environment:checking '/home/khemin/ros2_ws/install/sllidar_ros2/lib/python3.10/site-packages'
[8.682s] Level 1:colcon.colcon_core.environment:checking '/home/khemin/ros2_ws/install/sllidar_ros2/bin'
[8.682s] INFO:colcon.colcon_core.shell:Creating package script '/home/khemin/ros2_ws/install/sllidar_ros2/share/sllidar_ros2/package.ps1'
[8.683s] INFO:colcon.colcon_core.shell:Creating package descriptor '/home/khemin/ros2_ws/install/sllidar_ros2/share/sllidar_ros2/package.dsv'
[8.683s] INFO:colcon.colcon_core.shell:Creating package script '/home/khemin/ros2_ws/install/sllidar_ros2/share/sllidar_ros2/package.sh'
[8.683s] INFO:colcon.colcon_core.shell:Creating package script '/home/khemin/ros2_ws/install/sllidar_ros2/share/sllidar_ros2/package.bash'
[8.683s] INFO:colcon.colcon_core.shell:Creating package script '/home/khemin/ros2_ws/install/sllidar_ros2/share/sllidar_ros2/package.zsh'
[8.684s] Level 1:colcon.colcon_core.environment:create_file_with_runtime_dependencies(/home/khemin/ros2_ws/install/sllidar_ros2/share/colcon-core/packages/sllidar_ros2)
[19.384s] DEBUG:colcon.colcon_core.event_handler.log_command:Invoked command in '/home/khemin/ros2_ws/build/lidar_odometry' returned '0': CMAKE_PREFIX_PATH=${CMAKE_PREFIX_PATH}:/home/khemin/ros2_ws/install/my_robot_bringup:/home/khemin/rosbot_ws/install/rosbot_utils:/home/khemin/rosbot_ws/install/rosbot_bringup:/home/khemin/rosbot_ws/src/rosbot_ros/install/rosbot_gazebo:/home/khemin/rosbot_ws/src/rosbot_ros/install/rosbot_controller:/home/khemin/rosbot_ws/src/rosbot_ros/install/rosbot_utils:/home/khemin/rosbot_ws/src/rosbot_ros/install/rosbot_bringup:/home/khemin/ws_lidar/install/lidar_processing:/opt/ros/humble /usr/bin/cmake --build /home/khemin/ros2_ws/build/lidar_odometry -- -j16 -l16
[19.386s] DEBUG:colcon.colcon_core.event_handler.log_command:Invoking command in '/home/khemin/ros2_ws/build/lidar_odometry': CMAKE_PREFIX_PATH=${CMAKE_PREFIX_PATH}:/home/khemin/ros2_ws/install/my_robot_bringup:/home/khemin/rosbot_ws/install/rosbot_utils:/home/khemin/rosbot_ws/install/rosbot_bringup:/home/khemin/rosbot_ws/src/rosbot_ros/install/rosbot_gazebo:/home/khemin/rosbot_ws/src/rosbot_ros/install/rosbot_controller:/home/khemin/rosbot_ws/src/rosbot_ros/install/rosbot_utils:/home/khemin/rosbot_ws/src/rosbot_ros/install/rosbot_bringup:/home/khemin/ws_lidar/install/lidar_processing:/opt/ros/humble /usr/bin/cmake --install /home/khemin/ros2_ws/build/lidar_odometry
[19.405s] Level 1:colcon.colcon_core.environment:create_environment_scripts_only(lidar_odometry)
[19.405s] DEBUG:colcon.colcon_core.event_handler.log_command:Invoked command in '/home/khemin/ros2_ws/build/lidar_odometry' returned '0': CMAKE_PREFIX_PATH=${CMAKE_PREFIX_PATH}:/home/khemin/ros2_ws/install/my_robot_bringup:/home/khemin/rosbot_ws/install/rosbot_utils:/home/khemin/rosbot_ws/install/rosbot_bringup:/home/khemin/rosbot_ws/src/rosbot_ros/install/rosbot_gazebo:/home/khemin/rosbot_ws/src/rosbot_ros/install/rosbot_controller:/home/khemin/rosbot_ws/src/rosbot_ros/install/rosbot_utils:/home/khemin/rosbot_ws/src/rosbot_ros/install/rosbot_bringup:/home/khemin/ws_lidar/install/lidar_processing:/opt/ros/humble /usr/bin/cmake --install /home/khemin/ros2_ws/build/lidar_odometry
[19.406s] Level 1:colcon.colcon_core.environment:checking '/home/khemin/ros2_ws/install/lidar_odometry' for CMake module files
[19.406s] Level 1:colcon.colcon_core.environment:checking '/home/khemin/ros2_ws/install/lidar_odometry' for CMake config files
[19.406s] Level 1:colcon.colcon_core.shell:create_environment_hook('lidar_odometry', 'cmake_prefix_path')
[19.406s] INFO:colcon.colcon_core.shell:Creating environment hook '/home/khemin/ros2_ws/install/lidar_odometry/share/lidar_odometry/hook/cmake_prefix_path.ps1'
[19.407s] INFO:colcon.colcon_core.shell:Creating environment descriptor '/home/khemin/ros2_ws/install/lidar_odometry/share/lidar_odometry/hook/cmake_prefix_path.dsv'
[19.407s] INFO:colcon.colcon_core.shell:Creating environment hook '/home/khemin/ros2_ws/install/lidar_odometry/share/lidar_odometry/hook/cmake_prefix_path.sh'
[19.407s] Level 1:colcon.colcon_core.environment:checking '/home/khemin/ros2_ws/install/lidar_odometry/lib'
[19.407s] Level 1:colcon.colcon_core.environment:checking '/home/khemin/ros2_ws/install/lidar_odometry/bin'
[19.407s] Level 1:colcon.colcon_core.environment:checking '/home/khemin/ros2_ws/install/lidar_odometry/lib/pkgconfig/lidar_odometry.pc'
[19.407s] Level 1:colcon.colcon_core.environment:checking '/home/khemin/ros2_ws/install/lidar_odometry/lib/python3.10/site-packages'
[19.408s] Level 1:colcon.colcon_core.environment:checking '/home/khemin/ros2_ws/install/lidar_odometry/bin'
[19.408s] INFO:colcon.colcon_core.shell:Creating package script '/home/khemin/ros2_ws/install/lidar_odometry/share/lidar_odometry/package.ps1'
[19.408s] INFO:colcon.colcon_core.shell:Creating package descriptor '/home/khemin/ros2_ws/install/lidar_odometry/share/lidar_odometry/package.dsv'
[19.408s] INFO:colcon.colcon_core.shell:Creating package script '/home/khemin/ros2_ws/install/lidar_odometry/share/lidar_odometry/package.sh'
[19.409s] INFO:colcon.colcon_core.shell:Creating package script '/home/khemin/ros2_ws/install/lidar_odometry/share/lidar_odometry/package.bash'
[19.409s] INFO:colcon.colcon_core.shell:Creating package script '/home/khemin/ros2_ws/install/lidar_odometry/share/lidar_odometry/package.zsh'
[19.409s] Level 1:colcon.colcon_core.environment:create_file_with_runtime_dependencies(/home/khemin/ros2_ws/install/lidar_odometry/share/colcon-core/packages/lidar_odometry)
[19.410s] Level 1:colcon.colcon_core.environment:create_environment_scripts_only(lidar_odometry)
[19.410s] Level 1:colcon.colcon_core.environment:checking '/home/khemin/ros2_ws/install/lidar_odometry' for CMake module files
[19.411s] Level 1:colcon.colcon_core.environment:checking '/home/khemin/ros2_ws/install/lidar_odometry' for CMake config files
[19.411s] Level 1:colcon.colcon_core.shell:create_environment_hook('lidar_odometry', 'cmake_prefix_path')
[19.411s] INFO:colcon.colcon_core.shell:Creating environment hook '/home/khemin/ros2_ws/install/lidar_odometry/share/lidar_odometry/hook/cmake_prefix_path.ps1'
[19.411s] INFO:colcon.colcon_core.shell:Creating environment descriptor '/home/khemin/ros2_ws/install/lidar_odometry/share/lidar_odometry/hook/cmake_prefix_path.dsv'
[19.412s] INFO:colcon.colcon_core.shell:Creating environment hook '/home/khemin/ros2_ws/install/lidar_odometry/share/lidar_odometry/hook/cmake_prefix_path.sh'
[19.412s] Level 1:colcon.colcon_core.environment:checking '/home/khemin/ros2_ws/install/lidar_odometry/lib'
[19.412s] Level 1:colcon.colcon_core.environment:checking '/home/khemin/ros2_ws/install/lidar_odometry/bin'
[19.412s] Level 1:colcon.colcon_core.environment:checking '/home/khemin/ros2_ws/install/lidar_odometry/lib/pkgconfig/lidar_odometry.pc'
[19.413s] Level 1:colcon.colcon_core.environment:checking '/home/khemin/ros2_ws/install/lidar_odometry/lib/python3.10/site-packages'
[19.413s] Level 1:colcon.colcon_core.environment:checking '/home/khemin/ros2_ws/install/lidar_odometry/bin'
[19.413s] INFO:colcon.colcon_core.shell:Creating package script '/home/khemin/ros2_ws/install/lidar_odometry/share/lidar_odometry/package.ps1'
[19.414s] INFO:colcon.colcon_core.shell:Creating package descriptor '/home/khemin/ros2_ws/install/lidar_odometry/share/lidar_odometry/package.dsv'
[19.414s] INFO:colcon.colcon_core.shell:Creating package script '/home/khemin/ros2_ws/install/lidar_odometry/share/lidar_odometry/package.sh'
[19.414s] INFO:colcon.colcon_core.shell:Creating package script '/home/khemin/ros2_ws/install/lidar_odometry/share/lidar_odometry/package.bash'
[19.414s] INFO:colcon.colcon_core.shell:Creating package script '/home/khemin/ros2_ws/install/lidar_odometry/share/lidar_odometry/package.zsh'
[19.415s] Level 1:colcon.colcon_core.environment:create_file_with_runtime_dependencies(/home/khemin/ros2_ws/install/lidar_odometry/share/colcon-core/packages/lidar_odometry)
[19.415s] DEBUG:colcon.colcon_parallel_executor.executor.parallel:closing loop
[19.415s] DEBUG:colcon.colcon_parallel_executor.executor.parallel:loop closed
[19.415s] DEBUG:colcon.colcon_parallel_executor.executor.parallel:run_until_complete finished with '0'
[19.415s] DEBUG:colcon.colcon_core.event_reactor:joining thread
[19.420s] INFO:colcon.colcon_core.plugin_system:Skipping extension 'colcon_notification.desktop_notification.terminal_notifier': Not used on non-Darwin systems
[19.420s] INFO:colcon.colcon_core.plugin_system:Skipping extension 'colcon_notification.desktop_notification.win32': Not used on non-Windows systems
[19.420s] INFO:colcon.colcon_notification.desktop_notification:Sending desktop notification using 'notify2'
[19.429s] DEBUG:colcon.colcon_core.event_reactor:joined thread
[19.429s] INFO:colcon.colcon_core.shell:Creating prefix script '/home/khemin/ros2_ws/install/local_setup.ps1'
[19.431s] INFO:colcon.colcon_core.shell:Creating prefix util module '/home/khemin/ros2_ws/install/_local_setup_util_ps1.py'
[19.432s] INFO:colcon.colcon_core.shell:Creating prefix chain script '/home/khemin/ros2_ws/install/setup.ps1'
[19.433s] INFO:colcon.colcon_core.shell:Creating prefix script '/home/khemin/ros2_ws/install/local_setup.sh'
[19.433s] INFO:colcon.colcon_core.shell:Creating prefix util module '/home/khemin/ros2_ws/install/_local_setup_util_sh.py'
[19.434s] INFO:colcon.colcon_core.shell:Creating prefix chain script '/home/khemin/ros2_ws/install/setup.sh'
[19.435s] INFO:colcon.colcon_core.shell:Creating prefix script '/home/khemin/ros2_ws/install/local_setup.bash'
[19.435s] INFO:colcon.colcon_core.shell:Creating prefix chain script '/home/khemin/ros2_ws/install/setup.bash'
[19.437s] INFO:colcon.colcon_core.shell:Creating prefix script '/home/khemin/ros2_ws/install/local_setup.zsh'
[19.437s] INFO:colcon.colcon_core.shell:Creating prefix chain script '/home/khemin/ros2_ws/install/setup.zsh'
