Determining if the function sgemm_ exists failed with the following output:
Change Dir: /home/khemin/ros2_ws/build/slam_toolbox/CMakeFiles/CMakeTmp

Run Build Command(s):/usr/bin/gmake -f Makefile cmTC_d412a/fast && /usr/bin/gmake  -f CMakeFiles/cmTC_d412a.dir/build.make CMakeFiles/cmTC_d412a.dir/build
gmake[1]: Entering directory '/home/khemin/ros2_ws/build/slam_toolbox/CMakeFiles/CMakeTmp'
Building C object CMakeFiles/cmTC_d412a.dir/CheckFunctionExists.c.o
/usr/bin/cc   -DCHECK_FUNCTION_EXISTS=sgemm_ -o CMakeFiles/cmTC_d412a.dir/CheckFunctionExists.c.o -c /usr/share/cmake-3.22/Modules/CheckFunctionExists.c
Linking C executable cmTC_d412a
/usr/bin/cmake -E cmake_link_script CMakeFiles/cmTC_d412a.dir/link.txt --verbose=1
/usr/bin/cc  -DCHECK_FUNCTION_EXISTS=sgemm_ CMakeFiles/cmTC_d412a.dir/CheckFunctionExists.c.o -o cmTC_d412a 
/usr/bin/ld: CMakeFiles/cmTC_d412a.dir/CheckFunctionExists.c.o: in function `main':
CheckFunctionExists.c:(.text+0x14): undefined reference to `sgemm_'
collect2: error: ld returned 1 exit status
gmake[1]: *** [CMakeFiles/cmTC_d412a.dir/build.make:99: cmTC_d412a] Error 1
gmake[1]: Leaving directory '/home/khemin/ros2_ws/build/slam_toolbox/CMakeFiles/CMakeTmp'
gmake: *** [Makefile:127: cmTC_d412a/fast] Error 2



Determining if the function cheev_ exists failed with the following output:
Change Dir: /home/khemin/ros2_ws/build/slam_toolbox/CMakeFiles/CMakeTmp

Run Build Command(s):/usr/bin/gmake -f Makefile cmTC_2aaf9/fast && /usr/bin/gmake  -f CMakeFiles/cmTC_2aaf9.dir/build.make CMakeFiles/cmTC_2aaf9.dir/build
gmake[1]: Entering directory '/home/khemin/ros2_ws/build/slam_toolbox/CMakeFiles/CMakeTmp'
Building C object CMakeFiles/cmTC_2aaf9.dir/CheckFunctionExists.c.o
/usr/bin/cc   -DCHECK_FUNCTION_EXISTS=cheev_ -o CMakeFiles/cmTC_2aaf9.dir/CheckFunctionExists.c.o -c /usr/share/cmake-3.22/Modules/CheckFunctionExists.c
Linking C executable cmTC_2aaf9
/usr/bin/cmake -E cmake_link_script CMakeFiles/cmTC_2aaf9.dir/link.txt --verbose=1
/usr/bin/cc  -DCHECK_FUNCTION_EXISTS=cheev_ CMakeFiles/cmTC_2aaf9.dir/CheckFunctionExists.c.o -o cmTC_2aaf9  /usr/lib/x86_64-linux-gnu/libblas.so -lm -ldl 
/usr/bin/ld: CMakeFiles/cmTC_2aaf9.dir/CheckFunctionExists.c.o: in function `main':
CheckFunctionExists.c:(.text+0x14): undefined reference to `cheev_'
collect2: error: ld returned 1 exit status
gmake[1]: *** [CMakeFiles/cmTC_2aaf9.dir/build.make:100: cmTC_2aaf9] Error 1
gmake[1]: Leaving directory '/home/khemin/ros2_ws/build/slam_toolbox/CMakeFiles/CMakeTmp'
gmake: *** [Makefile:127: cmTC_2aaf9/fast] Error 2



Determining if the function cheev_ exists failed with the following output:
Change Dir: /home/khemin/ros2_ws/build/slam_toolbox/CMakeFiles/CMakeTmp

Run Build Command(s):/usr/bin/gmake -f Makefile cmTC_6df99/fast && /usr/bin/gmake  -f CMakeFiles/cmTC_6df99.dir/build.make CMakeFiles/cmTC_6df99.dir/build
gmake[1]: Entering directory '/home/khemin/ros2_ws/build/slam_toolbox/CMakeFiles/CMakeTmp'
Building C object CMakeFiles/cmTC_6df99.dir/CheckFunctionExists.c.o
/usr/bin/cc   -DCHECK_FUNCTION_EXISTS=cheev_ -o CMakeFiles/cmTC_6df99.dir/CheckFunctionExists.c.o -c /usr/share/cmake-3.22/Modules/CheckFunctionExists.c
Linking C executable cmTC_6df99
/usr/bin/cmake -E cmake_link_script CMakeFiles/cmTC_6df99.dir/link.txt --verbose=1
/usr/bin/cc  -DCHECK_FUNCTION_EXISTS=cheev_ CMakeFiles/cmTC_6df99.dir/CheckFunctionExists.c.o -o cmTC_6df99  /usr/lib/x86_64-linux-gnu/liblapack.so /usr/lib/x86_64-linux-gnu/libblas.so -fortranlibs 
cc: error: unrecognized command-line option ‘-fortranlibs’
gmake[1]: *** [CMakeFiles/cmTC_6df99.dir/build.make:101: cmTC_6df99] Error 1
gmake[1]: Leaving directory '/home/khemin/ros2_ws/build/slam_toolbox/CMakeFiles/CMakeTmp'
gmake: *** [Makefile:127: cmTC_6df99/fast] Error 2



