[0.476s] Invoking command in '/home/khemin/ros2_ws/src/my_robot_bringup': PYTHONPATH=/home/khemin/ros2_ws/build/my_robot_bringup/prefix_override:/usr/lib/python3/dist-packages/colcon_core/task/python/colcon_distutils_commands:/home/khemin/ros2_ws/install/my_robot_bringup/lib/python3.10/site-packages:${PYTHONPATH} /usr/bin/python3 -W ignore:setup.py install is deprecated setup.py egg_info --egg-base ../../build/my_robot_bringup build --build-base /home/khemin/ros2_ws/build/my_robot_bringup/build install --record /home/khemin/ros2_ws/build/my_robot_bringup/install.log --single-version-externally-managed install_data
[0.589s] /home/khemin/.local/lib/python3.10/site-packages/setuptools/_distutils/dist.py:289: UserWarning: Unknown distribution option: 'tests_require'
[0.589s]   warnings.warn(msg)
[0.652s] running egg_info
[0.663s] writing ../../build/my_robot_bringup/my_robot_bringup.egg-info/PKG-INFO
[0.663s] writing dependency_links to ../../build/my_robot_bringup/my_robot_bringup.egg-info/dependency_links.txt
[0.664s] writing entry points to ../../build/my_robot_bringup/my_robot_bringup.egg-info/entry_points.txt
[0.664s] writing requirements to ../../build/my_robot_bringup/my_robot_bringup.egg-info/requires.txt
[0.664s] writing top-level names to ../../build/my_robot_bringup/my_robot_bringup.egg-info/top_level.txt
[0.685s] reading manifest file '../../build/my_robot_bringup/my_robot_bringup.egg-info/SOURCES.txt'
[0.686s] Traceback (most recent call last):
[0.686s]   File "/home/khemin/ros2_ws/src/my_robot_bringup/setup.py", line 5, in <module>
[0.686s]     setup(
[0.686s]   File "/home/khemin/.local/lib/python3.10/site-packages/setuptools/__init__.py", line 115, in setup
[0.686s]     return distutils.core.setup(**attrs)
[0.686s]   File "/home/khemin/.local/lib/python3.10/site-packages/setuptools/_distutils/core.py", line 186, in setup
[0.687s]     return run_commands(dist)
[0.687s]   File "/home/khemin/.local/lib/python3.10/site-packages/setuptools/_distutils/core.py", line 202, in run_commands
[0.687s]     dist.run_commands()
[0.687s]   File "/home/khemin/.local/lib/python3.10/site-packages/setuptools/_distutils/dist.py", line 1002, in run_commands
[0.687s]     self.run_command(cmd)
[0.687s]   File "/home/khemin/.local/lib/python3.10/site-packages/setuptools/dist.py", line 1102, in run_command
[0.687s]     super().run_command(command)
[0.687s]   File "/home/khemin/.local/lib/python3.10/site-packages/setuptools/_distutils/dist.py", line 1021, in run_command
[0.687s]     cmd_obj.run()
[0.687s]   File "/home/khemin/.local/lib/python3.10/site-packages/setuptools/command/egg_info.py", line 312, in run
[0.687s]     self.find_sources()
[0.687s]   File "/home/khemin/.local/lib/python3.10/site-packages/setuptools/command/egg_info.py", line 320, in find_sources
[0.687s]     mm.run()
[0.687s]   File "/home/khemin/.local/lib/python3.10/site-packages/setuptools/command/egg_info.py", line 548, in run
[0.687s]     self.prune_file_list()
[0.687s]   File "/home/khemin/.local/lib/python3.10/site-packages/setuptools/command/sdist.py", line 162, in prune_file_list
[0.687s]     super().prune_file_list()
[0.687s]   File "/home/khemin/.local/lib/python3.10/site-packages/setuptools/_distutils/command/sdist.py", line 386, in prune_file_list
[0.687s]     base_dir = self.distribution.get_fullname()
[0.687s]   File "/home/khemin/.local/lib/python3.10/site-packages/setuptools/_core_metadata.py", line 275, in get_fullname
[0.687s]     return _distribution_fullname(self.get_name(), self.get_version())
[0.687s]   File "/home/khemin/.local/lib/python3.10/site-packages/setuptools/_core_metadata.py", line 293, in _distribution_fullname
[0.687s]     canonicalize_version(version, strip_trailing_zero=False),
[0.687s] TypeError: canonicalize_version() got an unexpected keyword argument 'strip_trailing_zero'
[0.702s] Invoked command in '/home/khemin/ros2_ws/src/my_robot_bringup' returned '1': PYTHONPATH=/home/khemin/ros2_ws/build/my_robot_bringup/prefix_override:/usr/lib/python3/dist-packages/colcon_core/task/python/colcon_distutils_commands:/home/khemin/ros2_ws/install/my_robot_bringup/lib/python3.10/site-packages:${PYTHONPATH} /usr/bin/python3 -W ignore:setup.py install is deprecated setup.py egg_info --egg-base ../../build/my_robot_bringup build --build-base /home/khemin/ros2_ws/build/my_robot_bringup/build install --record /home/khemin/ros2_ws/build/my_robot_bringup/install.log --single-version-externally-managed install_data
