[0.010s] Invoking command in '/home/khemin/ros2_ws/build/my_robot_description': CMAKE_PREFIX_PATH=${CMAKE_PREFIX_PATH}:/home/khemin/ws_lidar/install/lidar_processing:/opt/ros/humble /usr/bin/cmake --build /home/khemin/ros2_ws/build/my_robot_description -- -j16 -l16
[0.049s] Invoked command in '/home/khemin/ros2_ws/build/my_robot_description' returned '0': CMAKE_PREFIX_PATH=${CMAKE_PREFIX_PATH}:/home/khemin/ws_lidar/install/lidar_processing:/opt/ros/humble /usr/bin/cmake --build /home/khemin/ros2_ws/build/my_robot_description -- -j16 -l16
[0.086s] Invoking command in '/home/khemin/ros2_ws/build/my_robot_description': CMAKE_PREFIX_PATH=${CMAKE_PREFIX_PATH}:/home/khemin/ws_lidar/install/lidar_processing:/opt/ros/humble /usr/bin/cmake --install /home/khemin/ros2_ws/build/my_robot_description
[0.092s] -- Install configuration: ""
[0.093s] -- Execute custom install script
[0.093s] -- Up-to-date symlink: /home/khemin/ros2_ws/install/my_robot_description/share/my_robot_description/urdf/my_robot.urdf.xacro
[0.093s] -- Up-to-date symlink: /home/khemin/ros2_ws/install/my_robot_description/share/my_robot_description/launch/display.launch.py
[0.093s] -- Up-to-date symlink: /home/khemin/ros2_ws/install/my_robot_description/share/ament_index/resource_index/package_run_dependencies/my_robot_description
[0.093s] -- Up-to-date symlink: /home/khemin/ros2_ws/install/my_robot_description/share/ament_index/resource_index/parent_prefix_path/my_robot_description
[0.094s] -- Up-to-date symlink: /home/khemin/ros2_ws/install/my_robot_description/share/my_robot_description/environment/ament_prefix_path.sh
[0.094s] -- Up-to-date symlink: /home/khemin/ros2_ws/install/my_robot_description/share/my_robot_description/environment/ament_prefix_path.dsv
[0.094s] -- Up-to-date symlink: /home/khemin/ros2_ws/install/my_robot_description/share/my_robot_description/environment/path.sh
[0.094s] -- Up-to-date symlink: /home/khemin/ros2_ws/install/my_robot_description/share/my_robot_description/environment/path.dsv
[0.094s] -- Up-to-date symlink: /home/khemin/ros2_ws/install/my_robot_description/share/my_robot_description/local_setup.bash
[0.094s] -- Up-to-date symlink: /home/khemin/ros2_ws/install/my_robot_description/share/my_robot_description/local_setup.sh
[0.094s] -- Up-to-date symlink: /home/khemin/ros2_ws/install/my_robot_description/share/my_robot_description/local_setup.zsh
[0.094s] -- Up-to-date symlink: /home/khemin/ros2_ws/install/my_robot_description/share/my_robot_description/local_setup.dsv
[0.094s] -- Symlinking: /home/khemin/ros2_ws/install/my_robot_description/share/my_robot_description/package.dsv
[0.102s] -- Up-to-date symlink: /home/khemin/ros2_ws/install/my_robot_description/share/ament_index/resource_index/packages/my_robot_description
[0.103s] -- Up-to-date symlink: /home/khemin/ros2_ws/install/my_robot_description/share/my_robot_description/cmake/my_robot_descriptionConfig.cmake
[0.103s] -- Up-to-date symlink: /home/khemin/ros2_ws/install/my_robot_description/share/my_robot_description/cmake/my_robot_descriptionConfig-version.cmake
[0.103s] -- Up-to-date symlink: /home/khemin/ros2_ws/install/my_robot_description/share/my_robot_description/package.xml
[0.105s] Invoked command in '/home/khemin/ros2_ws/build/my_robot_description' returned '0': CMAKE_PREFIX_PATH=${CMAKE_PREFIX_PATH}:/home/khemin/ws_lidar/install/lidar_processing:/opt/ros/humble /usr/bin/cmake --install /home/khemin/ros2_ws/build/my_robot_description
