[0.200s] Invoking command in '/home/khemin/ros2_ws/build/my_robot_description': CMAKE_PREFIX_PATH=${CMAKE_PREFIX_PATH}:/home/khemin/ros2_ws/install/my_robot_bringup:/home/khemin/ws_lidar/install/lidar_processing:/opt/ros/humble /usr/bin/cmake /home/khemin/ros2_ws/src/my_robot_description -DCMAKE_INSTALL_PREFIX=/home/khemin/ros2_ws/install/my_robot_description
[0.248s] -- The C compiler identification is GNU 11.4.0
[0.295s] -- The CXX compiler identification is GNU 11.4.0
[0.301s] -- Detecting C compiler ABI info
[0.364s] -- Detecting C compiler ABI info - done
[0.369s] -- Check for working C compiler: /usr/bin/cc - skipped
[0.369s] -- Detecting C compile features
[0.370s] -- Detecting C compile features - done
[0.372s] -- Detecting CXX compiler ABI info
[0.445s] -- Detecting CXX compiler ABI info - done
[0.450s] -- Check for working CXX compiler: /usr/bin/c++ - skipped
[0.450s] -- Detecting CXX compile features
[0.451s] -- Detecting CXX compile features - done
[0.453s] -- Found ament_cmake: 1.3.10 (/opt/ros/humble/share/ament_cmake/cmake)
[0.572s] -- Found Python3: /usr/bin/python3 (found version "3.10.12") found components: Interpreter 
[0.695s] -- Configuring done
[0.697s] -- Generating done
[0.698s] -- Build files have been written to: /home/khemin/ros2_ws/build/my_robot_description
[0.708s] Invoked command in '/home/khemin/ros2_ws/build/my_robot_description' returned '0': CMAKE_PREFIX_PATH=${CMAKE_PREFIX_PATH}:/home/khemin/ros2_ws/install/my_robot_bringup:/home/khemin/ws_lidar/install/lidar_processing:/opt/ros/humble /usr/bin/cmake /home/khemin/ros2_ws/src/my_robot_description -DCMAKE_INSTALL_PREFIX=/home/khemin/ros2_ws/install/my_robot_description
[0.708s] Invoking command in '/home/khemin/ros2_ws/build/my_robot_description': CMAKE_PREFIX_PATH=${CMAKE_PREFIX_PATH}:/home/khemin/ros2_ws/install/my_robot_bringup:/home/khemin/ws_lidar/install/lidar_processing:/opt/ros/humble /usr/bin/cmake --build /home/khemin/ros2_ws/build/my_robot_description -- -j16 -l16
[0.747s] Invoked command in '/home/khemin/ros2_ws/build/my_robot_description' returned '0': CMAKE_PREFIX_PATH=${CMAKE_PREFIX_PATH}:/home/khemin/ros2_ws/install/my_robot_bringup:/home/khemin/ws_lidar/install/lidar_processing:/opt/ros/humble /usr/bin/cmake --build /home/khemin/ros2_ws/build/my_robot_description -- -j16 -l16
[0.781s] Invoking command in '/home/khemin/ros2_ws/build/my_robot_description': CMAKE_PREFIX_PATH=${CMAKE_PREFIX_PATH}:/home/khemin/ros2_ws/install/my_robot_bringup:/home/khemin/ws_lidar/install/lidar_processing:/opt/ros/humble /usr/bin/cmake --install /home/khemin/ros2_ws/build/my_robot_description
[0.787s] -- Install configuration: ""
[0.787s] -- Installing: /home/khemin/ros2_ws/install/my_robot_description/share/my_robot_description/urdf
[0.787s] -- Installing: /home/khemin/ros2_ws/install/my_robot_description/share/my_robot_description/urdf/my_robot.urdf.xacro
[0.787s] -- Installing: /home/khemin/ros2_ws/install/my_robot_description/share/my_robot_description/launch
[0.787s] -- Installing: /home/khemin/ros2_ws/install/my_robot_description/share/my_robot_description/launch/slam_toolbox_launch.py
[0.787s] -- Installing: /home/khemin/ros2_ws/install/my_robot_description/share/my_robot_description/launch/display.launch.py
[0.787s] -- Installing: /home/khemin/ros2_ws/install/my_robot_description/share/my_robot_description/config
[0.787s] -- Installing: /home/khemin/ros2_ws/install/my_robot_description/share/my_robot_description/config/slam_toolbox_params.yaml
[0.788s] -- Installing: /home/khemin/ros2_ws/install/my_robot_description/share/ament_index/resource_index/package_run_dependencies/my_robot_description
[0.788s] -- Installing: /home/khemin/ros2_ws/install/my_robot_description/share/ament_index/resource_index/parent_prefix_path/my_robot_description
[0.788s] -- Installing: /home/khemin/ros2_ws/install/my_robot_description/share/my_robot_description/environment/ament_prefix_path.sh
[0.788s] -- Installing: /home/khemin/ros2_ws/install/my_robot_description/share/my_robot_description/environment/ament_prefix_path.dsv
[0.788s] -- Installing: /home/khemin/ros2_ws/install/my_robot_description/share/my_robot_description/environment/path.sh
[0.788s] -- Installing: /home/khemin/ros2_ws/install/my_robot_description/share/my_robot_description/environment/path.dsv
[0.788s] -- Installing: /home/khemin/ros2_ws/install/my_robot_description/share/my_robot_description/local_setup.bash
[0.789s] -- Installing: /home/khemin/ros2_ws/install/my_robot_description/share/my_robot_description/local_setup.sh
[0.789s] -- Installing: /home/khemin/ros2_ws/install/my_robot_description/share/my_robot_description/local_setup.zsh
[0.789s] -- Installing: /home/khemin/ros2_ws/install/my_robot_description/share/my_robot_description/local_setup.dsv
[0.789s] -- Installing: /home/khemin/ros2_ws/install/my_robot_description/share/my_robot_description/package.dsv
[0.789s] -- Installing: /home/khemin/ros2_ws/install/my_robot_description/share/ament_index/resource_index/packages/my_robot_description
[0.789s] -- Installing: /home/khemin/ros2_ws/install/my_robot_description/share/my_robot_description/cmake/my_robot_descriptionConfig.cmake
[0.789s] -- Installing: /home/khemin/ros2_ws/install/my_robot_description/share/my_robot_description/cmake/my_robot_descriptionConfig-version.cmake
[0.789s] -- Installing: /home/khemin/ros2_ws/install/my_robot_description/share/my_robot_description/package.xml
[0.791s] Invoked command in '/home/khemin/ros2_ws/build/my_robot_description' returned '0': CMAKE_PREFIX_PATH=${CMAKE_PREFIX_PATH}:/home/khemin/ros2_ws/install/my_robot_bringup:/home/khemin/ws_lidar/install/lidar_processing:/opt/ros/humble /usr/bin/cmake --install /home/khemin/ros2_ws/build/my_robot_description
