[0.015s] Invoking command in '/home/khemin/ros2_ws/src/my_robot_description/build/my_robot_description': /usr/bin/cmake /home/khemin/ros2_ws/src/my_robot_description -DCATKIN_INSTALL_INTO_PREFIX_ROOT=0 -DCMAKE_INSTALL_PREFIX=/home/khemin/ros2_ws/src/my_robot_description/install/my_robot_description
[0.064s] -- The C compiler identification is GNU 11.4.0
[0.115s] -- The CXX compiler identification is GNU 11.4.0
[0.120s] -- Detecting C compiler ABI info
[0.187s] -- Detecting C compiler ABI info - done
[0.193s] -- Check for working C compiler: /usr/bin/cc - skipped
[0.193s] -- Detecting C compile features
[0.193s] -- Detecting C compile features - done
[0.195s] -- Detecting CXX compiler ABI info
[0.267s] -- Detecting CXX compiler ABI info - done
[0.273s] -- Check for working CXX compiler: /usr/bin/c++ - skipped
[0.273s] -- Detecting CXX compile features
[0.273s] -- Detecting CXX compile features - done
[0.275s] -- Found ament_cmake: 1.3.10 (/opt/ros/humble/share/ament_cmake/cmake)
[0.390s] -- Found Python3: /usr/bin/python3 (found version "3.10.12") found components: Interpreter 
[0.506s] -- Configuring done
[0.525s] -- Generating done
[0.525s] [33mCMake Warning:
[0.525s]   Manually-specified variables were not used by the project:
[0.526s] 
[0.526s]     CATKIN_INSTALL_INTO_PREFIX_ROOT
[0.526s] 
[0.526s] [0m
[0.526s] -- Build files have been written to: /home/khemin/ros2_ws/src/my_robot_description/build/my_robot_description
[0.530s] Invoked command in '/home/khemin/ros2_ws/src/my_robot_description/build/my_robot_description' returned '0': /usr/bin/cmake /home/khemin/ros2_ws/src/my_robot_description -DCATKIN_INSTALL_INTO_PREFIX_ROOT=0 -DCMAKE_INSTALL_PREFIX=/home/khemin/ros2_ws/src/my_robot_description/install/my_robot_description
[0.531s] Invoking command in '/home/khemin/ros2_ws/src/my_robot_description/build/my_robot_description': /usr/bin/cmake --build /home/khemin/ros2_ws/src/my_robot_description/build/my_robot_description -- -j16 -l16
[0.570s] Invoked command in '/home/khemin/ros2_ws/src/my_robot_description/build/my_robot_description' returned '0': /usr/bin/cmake --build /home/khemin/ros2_ws/src/my_robot_description/build/my_robot_description -- -j16 -l16
[0.631s] Invoking command in '/home/khemin/ros2_ws/src/my_robot_description/build/my_robot_description': /usr/bin/cmake --install /home/khemin/ros2_ws/src/my_robot_description/build/my_robot_description
[0.637s] -- Install configuration: ""
[0.637s] -- Installing: /home/khemin/ros2_ws/src/my_robot_description/install/my_robot_description/share/my_robot_description/urdf
[0.637s] -- Installing: /home/khemin/ros2_ws/src/my_robot_description/install/my_robot_description/share/my_robot_description/urdf/my_robot.urdf.xacro
[0.638s] -- Installing: /home/khemin/ros2_ws/src/my_robot_description/install/my_robot_description/share/my_robot_description/launch
[0.638s] -- Installing: /home/khemin/ros2_ws/src/my_robot_description/install/my_robot_description/share/my_robot_description/launch/display.launch.py
[0.638s] -- Installing: /home/khemin/ros2_ws/src/my_robot_description/install/my_robot_description/share/ament_index/resource_index/package_run_dependencies/my_robot_description
[0.638s] -- Installing: /home/khemin/ros2_ws/src/my_robot_description/install/my_robot_description/share/ament_index/resource_index/parent_prefix_path/my_robot_description
[0.639s] -- Installing: /home/khemin/ros2_ws/src/my_robot_description/install/my_robot_description/share/my_robot_description/environment/ament_prefix_path.sh
[0.639s] -- Installing: /home/khemin/ros2_ws/src/my_robot_description/install/my_robot_description/share/my_robot_description/environment/ament_prefix_path.dsv
[0.639s] -- Installing: /home/khemin/ros2_ws/src/my_robot_description/install/my_robot_description/share/my_robot_description/environment/path.sh
[0.639s] -- Installing: /home/khemin/ros2_ws/src/my_robot_description/install/my_robot_description/share/my_robot_description/environment/path.dsv
[0.639s] -- Installing: /home/khemin/ros2_ws/src/my_robot_description/install/my_robot_description/share/my_robot_description/local_setup.bash
[0.639s] -- Installing: /home/khemin/ros2_ws/src/my_robot_description/install/my_robot_description/share/my_robot_description/local_setup.sh
[0.639s] -- Installing: /home/khemin/ros2_ws/src/my_robot_description/install/my_robot_description/share/my_robot_description/local_setup.zsh
[0.639s] -- Installing: /home/khemin/ros2_ws/src/my_robot_description/install/my_robot_description/share/my_robot_description/local_setup.dsv
[0.640s] -- Installing: /home/khemin/ros2_ws/src/my_robot_description/install/my_robot_description/share/my_robot_description/package.dsv
[0.640s] -- Installing: /home/khemin/ros2_ws/src/my_robot_description/install/my_robot_description/share/ament_index/resource_index/packages/my_robot_description
[0.640s] -- Installing: /home/khemin/ros2_ws/src/my_robot_description/install/my_robot_description/share/my_robot_description/cmake/my_robot_descriptionConfig.cmake
[0.640s] -- Installing: /home/khemin/ros2_ws/src/my_robot_description/install/my_robot_description/share/my_robot_description/cmake/my_robot_descriptionConfig-version.cmake
[0.640s] -- Installing: /home/khemin/ros2_ws/src/my_robot_description/install/my_robot_description/share/my_robot_description/package.xml
[0.642s] Invoked command in '/home/khemin/ros2_ws/src/my_robot_description/build/my_robot_description' returned '0': /usr/bin/cmake --install /home/khemin/ros2_ws/src/my_robot_description/build/my_robot_description
