[0.552s] Invoking command in '/home/khemin/ros2_ws/src/my_robot_bringup': PYTHONPATH=/home/khemin/ros2_ws/build/my_robot_bringup/prefix_override:/usr/lib/python3/dist-packages/colcon_core/task/python/colcon_distutils_commands:/home/khemin/ros2_ws/install/my_robot_bringup/lib/python3.10/site-packages:${PYTHONPATH} /usr/bin/python3 -W ignore:setup.py install is deprecated setup.py egg_info --egg-base ../../build/my_robot_bringup build --build-base /home/khemin/ros2_ws/build/my_robot_bringup/build install --record /home/khemin/ros2_ws/build/my_robot_bringup/install.log --single-version-externally-managed install_data
[0.708s] running egg_info
[0.718s] writing ../../build/my_robot_bringup/my_robot_bringup.egg-info/PKG-INFO
[0.718s] writing dependency_links to ../../build/my_robot_bringup/my_robot_bringup.egg-info/dependency_links.txt
[0.718s] writing entry points to ../../build/my_robot_bringup/my_robot_bringup.egg-info/entry_points.txt
[0.719s] writing requirements to ../../build/my_robot_bringup/my_robot_bringup.egg-info/requires.txt
[0.719s] writing top-level names to ../../build/my_robot_bringup/my_robot_bringup.egg-info/top_level.txt
[0.740s] reading manifest file '../../build/my_robot_bringup/my_robot_bringup.egg-info/SOURCES.txt'
[0.741s] writing manifest file '../../build/my_robot_bringup/my_robot_bringup.egg-info/SOURCES.txt'
[0.741s] running build
[0.741s] running build_py
[0.741s] copying my_robot_bringup/odom_publisher.py -> /home/khemin/ros2_ws/build/my_robot_bringup/build/lib/my_robot_bringup
[0.741s] running install
[0.745s] running install_lib
[0.755s] copying /home/khemin/ros2_ws/build/my_robot_bringup/build/lib/my_robot_bringup/odom_publisher.py -> /home/khemin/ros2_ws/install/my_robot_bringup/lib/python3.10/site-packages/my_robot_bringup
[0.756s] byte-compiling /home/khemin/ros2_ws/install/my_robot_bringup/lib/python3.10/site-packages/my_robot_bringup/odom_publisher.py to odom_publisher.cpython-310.pyc
[0.756s] running install_data
[0.757s] running install_egg_info
[0.768s] Copying ../../build/my_robot_bringup/my_robot_bringup.egg-info to /home/khemin/ros2_ws/install/my_robot_bringup/lib/python3.10/site-packages/my_robot_bringup-0.1.0-py3.10.egg-info
[0.768s] running install_scripts
[0.874s] Installing odom_publisher script to /home/khemin/ros2_ws/install/my_robot_bringup/lib/my_robot_bringup
[0.874s] writing list of installed files to '/home/khemin/ros2_ws/build/my_robot_bringup/install.log'
[0.891s] Invoked command in '/home/khemin/ros2_ws/src/my_robot_bringup' returned '0': PYTHONPATH=/home/khemin/ros2_ws/build/my_robot_bringup/prefix_override:/usr/lib/python3/dist-packages/colcon_core/task/python/colcon_distutils_commands:/home/khemin/ros2_ws/install/my_robot_bringup/lib/python3.10/site-packages:${PYTHONPATH} /usr/bin/python3 -W ignore:setup.py install is deprecated setup.py egg_info --egg-base ../../build/my_robot_bringup build --build-base /home/khemin/ros2_ws/build/my_robot_bringup/build install --record /home/khemin/ros2_ws/build/my_robot_bringup/install.log --single-version-externally-managed install_data
