[0.009s] Invoking command in '/home/khemin/ros2_ws/build/sllidar_ros2': CMAKE_PREFIX_PATH=${CMAKE_PREFIX_PATH}:/home/khemin/ws_lidar/install/lidar_processing:/opt/ros/humble /usr/bin/cmake /home/khemin/ros2_ws/src/sllidar_ros2 -DCMAKE_INSTALL_PREFIX=/home/khemin/ros2_ws/install/sllidar_ros2
[0.017s] -- Found ament_cmake: 1.3.10 (/opt/ros/humble/share/ament_cmake/cmake)
[0.103s] -- Override CMake install command with custom implementation using symlinks instead of copying resources
[0.108s] -- Found rclcpp: 16.0.10 (/opt/ros/humble/share/rclcpp/cmake)
[0.130s] -- Found rosidl_generator_c: 3.1.5 (/opt/ros/humble/share/rosidl_generator_c/cmake)
[0.131s] -- Found rosidl_adapter: 3.1.5 (/opt/ros/humble/share/rosidl_adapter/cmake)
[0.135s] -- Found rosidl_generator_cpp: 3.1.5 (/opt/ros/humble/share/rosidl_generator_cpp/cmake)
[0.142s] -- Using all available rosidl_typesupport_c: rosidl_typesupport_fastrtps_c;rosidl_typesupport_introspection_c
[0.150s] -- Using all available rosidl_typesupport_cpp: rosidl_typesupport_fastrtps_cpp;rosidl_typesupport_introspection_cpp
[0.173s] -- Found rmw_implementation_cmake: 6.1.2 (/opt/ros/humble/share/rmw_implementation_cmake/cmake)
[0.174s] -- Found rmw_fastrtps_cpp: 6.2.7 (/opt/ros/humble/share/rmw_fastrtps_cpp/cmake)
[0.265s] -- Using RMW implementation 'rmw_fastrtps_cpp' as default
[0.299s] -- Found sensor_msgs: 4.2.4 (/opt/ros/humble/share/sensor_msgs/cmake)
[0.318s] -- Found std_srvs: 4.2.4 (/opt/ros/humble/share/std_srvs/cmake)
[0.370s] -- Configuring done
[0.381s] -- Generating done
[0.382s] -- Build files have been written to: /home/khemin/ros2_ws/build/sllidar_ros2
[0.389s] Invoked command in '/home/khemin/ros2_ws/build/sllidar_ros2' returned '0': CMAKE_PREFIX_PATH=${CMAKE_PREFIX_PATH}:/home/khemin/ws_lidar/install/lidar_processing:/opt/ros/humble /usr/bin/cmake /home/khemin/ros2_ws/src/sllidar_ros2 -DCMAKE_INSTALL_PREFIX=/home/khemin/ros2_ws/install/sllidar_ros2
[0.390s] Invoking command in '/home/khemin/ros2_ws/build/sllidar_ros2': CMAKE_PREFIX_PATH=${CMAKE_PREFIX_PATH}:/home/khemin/ws_lidar/install/lidar_processing:/opt/ros/humble /usr/bin/cmake --build /home/khemin/ros2_ws/build/sllidar_ros2 -- -j16 -l16
[0.428s] [35m[1mConsolidate compiler generated dependencies of target sllidar_client[0m
[0.433s] [35m[1mConsolidate compiler generated dependencies of target sllidar_node[0m
[0.445s] [  5%] [32m[1mLinking CXX executable sllidar_client[0m
[0.455s] [ 10%] [32m[1mLinking CXX executable sllidar_node[0m
[0.679s] [ 95%] Built target sllidar_node
[0.724s] [100%] Built target sllidar_client
[0.736s] Invoked command in '/home/khemin/ros2_ws/build/sllidar_ros2' returned '0': CMAKE_PREFIX_PATH=${CMAKE_PREFIX_PATH}:/home/khemin/ws_lidar/install/lidar_processing:/opt/ros/humble /usr/bin/cmake --build /home/khemin/ros2_ws/build/sllidar_ros2 -- -j16 -l16
[0.813s] Invoking command in '/home/khemin/ros2_ws/build/sllidar_ros2': CMAKE_PREFIX_PATH=${CMAKE_PREFIX_PATH}:/home/khemin/ws_lidar/install/lidar_processing:/opt/ros/humble /usr/bin/cmake --install /home/khemin/ros2_ws/build/sllidar_ros2
[0.819s] -- Install configuration: ""
[0.820s] -- Execute custom install script
[0.820s] -- Symlinking: /home/khemin/ros2_ws/install/sllidar_ros2/share/sllidar_ros2/launch/sllidar_a1_launch.py
[0.829s] -- Symlinking: /home/khemin/ros2_ws/install/sllidar_ros2/share/sllidar_ros2/launch/sllidar_a2m12_launch .py
[0.837s] -- Symlinking: /home/khemin/ros2_ws/install/sllidar_ros2/share/sllidar_ros2/launch/sllidar_a2m7_launch.py
[0.845s] -- Symlinking: /home/khemin/ros2_ws/install/sllidar_ros2/share/sllidar_ros2/launch/sllidar_a2m8_launch.py
[0.852s] -- Symlinking: /home/khemin/ros2_ws/install/sllidar_ros2/share/sllidar_ros2/launch/sllidar_a3_launch.py
[0.862s] -- Symlinking: /home/khemin/ros2_ws/install/sllidar_ros2/share/sllidar_ros2/launch/sllidar_c1_launch.py
[0.870s] -- Symlinking: /home/khemin/ros2_ws/install/sllidar_ros2/share/sllidar_ros2/launch/sllidar_s1_launch.py
[0.878s] -- Symlinking: /home/khemin/ros2_ws/install/sllidar_ros2/share/sllidar_ros2/launch/sllidar_s1_tcp_launch.py
[0.885s] -- Symlinking: /home/khemin/ros2_ws/install/sllidar_ros2/share/sllidar_ros2/launch/sllidar_s2_launch.py
[0.892s] -- Symlinking: /home/khemin/ros2_ws/install/sllidar_ros2/share/sllidar_ros2/launch/sllidar_s2e_launch.py
[0.901s] -- Symlinking: /home/khemin/ros2_ws/install/sllidar_ros2/share/sllidar_ros2/launch/sllidar_s3_launch.py
[0.910s] -- Symlinking: /home/khemin/ros2_ws/install/sllidar_ros2/share/sllidar_ros2/launch/sllidar_t1_launch.py
[0.917s] -- Symlinking: /home/khemin/ros2_ws/install/sllidar_ros2/share/sllidar_ros2/launch/view_sllidar_a1_launch.py
[0.927s] -- Symlinking: /home/khemin/ros2_ws/install/sllidar_ros2/share/sllidar_ros2/launch/view_sllidar_a2m12_launch.py
[0.935s] -- Symlinking: /home/khemin/ros2_ws/install/sllidar_ros2/share/sllidar_ros2/launch/view_sllidar_a2m7_launch.py
[0.943s] -- Symlinking: /home/khemin/ros2_ws/install/sllidar_ros2/share/sllidar_ros2/launch/view_sllidar_a2m8_launch.py
[0.952s] -- Symlinking: /home/khemin/ros2_ws/install/sllidar_ros2/share/sllidar_ros2/launch/view_sllidar_a3_launch.py
[0.961s] -- Symlinking: /home/khemin/ros2_ws/install/sllidar_ros2/share/sllidar_ros2/launch/view_sllidar_c1_launch.py
[0.968s] -- Symlinking: /home/khemin/ros2_ws/install/sllidar_ros2/share/sllidar_ros2/launch/view_sllidar_s1_launch.py
[0.975s] -- Symlinking: /home/khemin/ros2_ws/install/sllidar_ros2/share/sllidar_ros2/launch/view_sllidar_s1_tcp_launch.py
[0.982s] -- Symlinking: /home/khemin/ros2_ws/install/sllidar_ros2/share/sllidar_ros2/launch/view_sllidar_s2_launch.py
[0.991s] -- Symlinking: /home/khemin/ros2_ws/install/sllidar_ros2/share/sllidar_ros2/launch/view_sllidar_s2e_launch.py
[1.000s] -- Symlinking: /home/khemin/ros2_ws/install/sllidar_ros2/share/sllidar_ros2/launch/view_sllidar_s3_launch.py
[1.009s] -- Symlinking: /home/khemin/ros2_ws/install/sllidar_ros2/share/sllidar_ros2/launch/view_sllidar_t1_launch.py
[1.018s] -- Symlinking: /home/khemin/ros2_ws/install/sllidar_ros2/share/sllidar_ros2/rviz/sllidar_ros2.rviz
[1.028s] -- Symlinking: /home/khemin/ros2_ws/install/sllidar_ros2/lib/sllidar_ros2/sllidar_node
[1.038s] -- Symlinking: /home/khemin/ros2_ws/install/sllidar_ros2/lib/sllidar_ros2/sllidar_client
[1.045s] -- Symlinking: /home/khemin/ros2_ws/install/sllidar_ros2/share/ament_index/resource_index/package_run_dependencies/sllidar_ros2
[1.053s] -- Symlinking: /home/khemin/ros2_ws/install/sllidar_ros2/share/ament_index/resource_index/parent_prefix_path/sllidar_ros2
[1.061s] -- Symlinking: /home/khemin/ros2_ws/install/sllidar_ros2/share/sllidar_ros2/environment/ament_prefix_path.sh
[1.070s] -- Symlinking: /home/khemin/ros2_ws/install/sllidar_ros2/share/sllidar_ros2/environment/ament_prefix_path.dsv
[1.078s] -- Symlinking: /home/khemin/ros2_ws/install/sllidar_ros2/share/sllidar_ros2/environment/path.sh
[1.088s] -- Symlinking: /home/khemin/ros2_ws/install/sllidar_ros2/share/sllidar_ros2/environment/path.dsv
[1.097s] -- Symlinking: /home/khemin/ros2_ws/install/sllidar_ros2/share/sllidar_ros2/local_setup.bash
[1.106s] -- Symlinking: /home/khemin/ros2_ws/install/sllidar_ros2/share/sllidar_ros2/local_setup.sh
[1.114s] -- Symlinking: /home/khemin/ros2_ws/install/sllidar_ros2/share/sllidar_ros2/local_setup.zsh
[1.124s] -- Symlinking: /home/khemin/ros2_ws/install/sllidar_ros2/share/sllidar_ros2/local_setup.dsv
[1.132s] -- Symlinking: /home/khemin/ros2_ws/install/sllidar_ros2/share/sllidar_ros2/package.dsv
[1.140s] -- Symlinking: /home/khemin/ros2_ws/install/sllidar_ros2/share/ament_index/resource_index/packages/sllidar_ros2
[1.148s] -- Symlinking: /home/khemin/ros2_ws/install/sllidar_ros2/share/sllidar_ros2/cmake/ament_cmake_export_dependencies-extras.cmake
[1.157s] -- Symlinking: /home/khemin/ros2_ws/install/sllidar_ros2/share/sllidar_ros2/cmake/ament_cmake_export_include_directories-extras.cmake
[1.165s] -- Symlinking: /home/khemin/ros2_ws/install/sllidar_ros2/share/sllidar_ros2/cmake/sllidar_ros2Config.cmake
[1.173s] -- Symlinking: /home/khemin/ros2_ws/install/sllidar_ros2/share/sllidar_ros2/cmake/sllidar_ros2Config-version.cmake
[1.181s] -- Symlinking: /home/khemin/ros2_ws/install/sllidar_ros2/share/sllidar_ros2/package.xml
[1.193s] Invoked command in '/home/khemin/ros2_ws/build/sllidar_ros2' returned '0': CMAKE_PREFIX_PATH=${CMAKE_PREFIX_PATH}:/home/khemin/ws_lidar/install/lidar_processing:/opt/ros/humble /usr/bin/cmake --install /home/khemin/ros2_ws/build/sllidar_ros2
