[0.042s] Invoking command in '/home/khemin/ros2_ws/build/lidar_odometry': CMAKE_PREFIX_PATH=${CMAKE_PREFIX_PATH}:/home/khemin/ros2_ws/install/my_robot_bringup:/home/khemin/rosbot_ws/install/rosbot_utils:/home/khemin/rosbot_ws/install/rosbot_bringup:/home/khemin/rosbot_ws/src/rosbot_ros/install/rosbot_gazebo:/home/khemin/rosbot_ws/src/rosbot_ros/install/rosbot_controller:/home/khemin/rosbot_ws/src/rosbot_ros/install/rosbot_utils:/home/khemin/rosbot_ws/src/rosbot_ros/install/rosbot_bringup:/home/khemin/ws_lidar/install/lidar_processing:/opt/ros/humble /usr/bin/cmake --build /home/khemin/ros2_ws/build/lidar_odometry -- -j16 -l16
[0.202s] -- Found ament_cmake: 1.3.11 (/opt/ros/humble/share/ament_cmake/cmake)
[0.202s] -- Found rclcpp: 16.0.12 (/opt/ros/humble/share/rclcpp/cmake)
[0.203s] -- Found rosidl_generator_c: 3.1.6 (/opt/ros/humble/share/rosidl_generator_c/cmake)
[0.203s] -- Found rosidl_adapter: 3.1.6 (/opt/ros/humble/share/rosidl_adapter/cmake)
[0.203s] -- Found rosidl_generator_cpp: 3.1.6 (/opt/ros/humble/share/rosidl_generator_cpp/cmake)
[0.208s] -- Using all available rosidl_typesupport_c: rosidl_typesupport_fastrtps_c;rosidl_typesupport_introspection_c
[0.215s] -- Using all available rosidl_typesupport_cpp: rosidl_typesupport_fastrtps_cpp;rosidl_typesupport_introspection_cpp
[0.238s] -- Found rmw_implementation_cmake: 6.1.2 (/opt/ros/humble/share/rmw_implementation_cmake/cmake)
[0.239s] -- Found rmw_fastrtps_cpp: 6.2.7 (/opt/ros/humble/share/rmw_fastrtps_cpp/cmake)
[0.343s] -- Using RMW implementation 'rmw_fastrtps_cpp' as default
[0.376s] -- Found sensor_msgs: 4.9.0 (/opt/ros/humble/share/sensor_msgs/cmake)
[0.396s] -- Found nav_msgs: 4.9.0 (/opt/ros/humble/share/nav_msgs/cmake)
[0.419s] -- Eigen found (include: /usr/include/eigen3, version: 3.4.0)
[0.449s] -- FLANN found (include: /usr/include, lib: /usr/lib/x86_64-linux-gnu/libflann_cpp.so)
[0.704s] -- OpenNI found (version: 1.5.4.0, include: /usr/include/ni, lib: /usr/lib/libOpenNI.so;libusb::libusb)
[0.709s] -- OpenNI2 found (version: 2.2.0.33, include: /usr/include/openni2, lib: /usr/lib/x86_64-linux-gnu/libOpenNI2.so;libusb::libusb)
[0.709s] [0m** WARNING ** io features related to pcap will be disabled[0m
[0.836s] -- Eigen found (include: /usr/include/eigen3, version: 3.4.0)
[0.841s] -- OpenNI found (version: 1.5.4.0, include: /usr/include/ni, lib: /usr/lib/libOpenNI.so;libusb::libusb)
[0.847s] -- OpenNI2 found (version: 2.2.0.33, include: /usr/include/openni2, lib: /usr/lib/x86_64-linux-gnu/libOpenNI2.so;libusb::libusb)
[0.964s] -- Found Qhull version 8.0.2
[1.090s] -- OpenNI found (version: 1.5.4.0, include: /usr/include/ni, lib: /usr/lib/libOpenNI.so;libusb::libusb)
[1.206s] -- looking for PCL_COMMON
[1.206s] -- looking for PCL_KDTREE
[1.206s] -- looking for PCL_OCTREE
[1.206s] -- looking for PCL_SEARCH
[1.206s] -- looking for PCL_SAMPLE_CONSENSUS
[1.207s] -- looking for PCL_FILTERS
[1.207s] -- looking for PCL_2D
[1.207s] -- looking for PCL_GEOMETRY
[1.207s] -- looking for PCL_IO
[1.207s] -- looking for PCL_FEATURES
[1.207s] -- looking for PCL_ML
[1.208s] -- looking for PCL_SEGMENTATION
[1.208s] -- looking for PCL_VISUALIZATION
[1.208s] -- looking for PCL_SURFACE
[1.209s] -- looking for PCL_REGISTRATION
[1.209s] -- looking for PCL_KEYPOINTS
[1.209s] -- looking for PCL_TRACKING
[1.209s] -- looking for PCL_RECOGNITION
[1.209s] -- looking for PCL_STEREO
[1.210s] -- looking for PCL_APPS
[1.210s] -- looking for PCL_IN_HAND_SCANNER
[1.210s] -- looking for PCL_MODELER
[1.210s] -- looking for PCL_POINT_CLOUD_EDITOR
[1.211s] -- looking for PCL_OUTOFCORE
[1.211s] -- looking for PCL_PEOPLE
[1.212s] -- Found laser_geometry: 2.4.0 (/opt/ros/humble/share/laser_geometry/cmake)
[1.217s] -- Found pcl_conversions: 2.4.5 (/opt/ros/humble/share/pcl_conversions/cmake)
[1.233s] -- Found tf2_eigen: 0.25.13 (/opt/ros/humble/share/tf2_eigen/cmake)
[1.293s] -- Found ament_lint_auto: 0.12.12 (/opt/ros/humble/share/ament_lint_auto/cmake)
[1.349s] -- Added test 'cppcheck' to perform static code analysis on C / C++ code
[1.350s] -- Configured cppcheck include dirs: /home/khemin/ros2_ws/src/simple_2d_lidar_odometry/include;$<BUILD_INTERFACE:/home/khemin/ros2_ws/src/simple_2d_lidar_odometry/include>
[1.350s] -- Configured cppcheck exclude dirs and/or files: 
[1.350s] -- Added test 'lint_cmake' to check CMake code style
[1.354s] -- Added test 'uncrustify' to check C / C++ code style
[1.354s] -- Configured uncrustify additional arguments: 
[1.354s] -- Added test 'xmllint' to check XML markup files
[1.354s] -- Configuring done
[1.381s] -- Generating done
[1.389s] -- Build files have been written to: /home/khemin/ros2_ws/build/lidar_odometry
[1.424s] [35m[1mConsolidate compiler generated dependencies of target lidar_odometry_node[0m
[1.454s] [100%] Built target lidar_odometry_node
[1.467s] Invoked command in '/home/khemin/ros2_ws/build/lidar_odometry' returned '0': CMAKE_PREFIX_PATH=${CMAKE_PREFIX_PATH}:/home/khemin/ros2_ws/install/my_robot_bringup:/home/khemin/rosbot_ws/install/rosbot_utils:/home/khemin/rosbot_ws/install/rosbot_bringup:/home/khemin/rosbot_ws/src/rosbot_ros/install/rosbot_gazebo:/home/khemin/rosbot_ws/src/rosbot_ros/install/rosbot_controller:/home/khemin/rosbot_ws/src/rosbot_ros/install/rosbot_utils:/home/khemin/rosbot_ws/src/rosbot_ros/install/rosbot_bringup:/home/khemin/ws_lidar/install/lidar_processing:/opt/ros/humble /usr/bin/cmake --build /home/khemin/ros2_ws/build/lidar_odometry -- -j16 -l16
[1.468s] Invoking command in '/home/khemin/ros2_ws/build/lidar_odometry': CMAKE_PREFIX_PATH=${CMAKE_PREFIX_PATH}:/home/khemin/ros2_ws/install/my_robot_bringup:/home/khemin/rosbot_ws/install/rosbot_utils:/home/khemin/rosbot_ws/install/rosbot_bringup:/home/khemin/rosbot_ws/src/rosbot_ros/install/rosbot_gazebo:/home/khemin/rosbot_ws/src/rosbot_ros/install/rosbot_controller:/home/khemin/rosbot_ws/src/rosbot_ros/install/rosbot_utils:/home/khemin/rosbot_ws/src/rosbot_ros/install/rosbot_bringup:/home/khemin/ws_lidar/install/lidar_processing:/opt/ros/humble /usr/bin/cmake --install /home/khemin/ros2_ws/build/lidar_odometry
[1.475s] -- Install configuration: ""
[1.475s] -- Up-to-date: /home/khemin/ros2_ws/install/lidar_odometry/lib/lidar_odometry/lidar_odometry_node
[1.475s] -- Up-to-date: /home/khemin/ros2_ws/install/lidar_odometry/share/ament_index/resource_index/package_run_dependencies/lidar_odometry
[1.475s] -- Up-to-date: /home/khemin/ros2_ws/install/lidar_odometry/share/ament_index/resource_index/parent_prefix_path/lidar_odometry
[1.475s] -- Up-to-date: /home/khemin/ros2_ws/install/lidar_odometry/share/lidar_odometry/environment/ament_prefix_path.sh
[1.475s] -- Installing: /home/khemin/ros2_ws/install/lidar_odometry/share/lidar_odometry/environment/ament_prefix_path.dsv
[1.476s] -- Up-to-date: /home/khemin/ros2_ws/install/lidar_odometry/share/lidar_odometry/environment/path.sh
[1.476s] -- Installing: /home/khemin/ros2_ws/install/lidar_odometry/share/lidar_odometry/environment/path.dsv
[1.476s] -- Up-to-date: /home/khemin/ros2_ws/install/lidar_odometry/share/lidar_odometry/local_setup.bash
[1.476s] -- Up-to-date: /home/khemin/ros2_ws/install/lidar_odometry/share/lidar_odometry/local_setup.sh
[1.476s] -- Up-to-date: /home/khemin/ros2_ws/install/lidar_odometry/share/lidar_odometry/local_setup.zsh
[1.476s] -- Installing: /home/khemin/ros2_ws/install/lidar_odometry/share/lidar_odometry/local_setup.dsv
[1.476s] -- Installing: /home/khemin/ros2_ws/install/lidar_odometry/share/lidar_odometry/package.dsv
[1.476s] -- Up-to-date: /home/khemin/ros2_ws/install/lidar_odometry/share/ament_index/resource_index/packages/lidar_odometry
[1.476s] -- Up-to-date: /home/khemin/ros2_ws/install/lidar_odometry/share/lidar_odometry/cmake/lidar_odometryConfig.cmake
[1.477s] -- Up-to-date: /home/khemin/ros2_ws/install/lidar_odometry/share/lidar_odometry/cmake/lidar_odometryConfig-version.cmake
[1.477s] -- Up-to-date: /home/khemin/ros2_ws/install/lidar_odometry/share/lidar_odometry/package.xml
[1.478s] Invoked command in '/home/khemin/ros2_ws/build/lidar_odometry' returned '0': CMAKE_PREFIX_PATH=${CMAKE_PREFIX_PATH}:/home/khemin/ros2_ws/install/my_robot_bringup:/home/khemin/rosbot_ws/install/rosbot_utils:/home/khemin/rosbot_ws/install/rosbot_bringup:/home/khemin/rosbot_ws/src/rosbot_ros/install/rosbot_gazebo:/home/khemin/rosbot_ws/src/rosbot_ros/install/rosbot_controller:/home/khemin/rosbot_ws/src/rosbot_ros/install/rosbot_utils:/home/khemin/rosbot_ws/src/rosbot_ros/install/rosbot_bringup:/home/khemin/ws_lidar/install/lidar_processing:/opt/ros/humble /usr/bin/cmake --install /home/khemin/ros2_ws/build/lidar_odometry
