/home/khemin/ros2_ws/install/my_robot_bringup/lib/python3.10/site-packages/my_robot_bringup/odom_publisher.py
/home/khemin/ros2_ws/install/my_robot_bringup/lib/python3.10/site-packages/my_robot_bringup/scan_odom_to_odom.py
/home/khemin/ros2_ws/install/my_robot_bringup/lib/python3.10/site-packages/my_robot_bringup/__init__.py
/home/khemin/ros2_ws/install/my_robot_bringup/lib/python3.10/site-packages/my_robot_bringup/fake_odom_publisher.py
/home/khemin/ros2_ws/install/my_robot_bringup/lib/python3.10/site-packages/my_robot_bringup/cmd_vel_listener.py
/home/khemin/ros2_ws/install/my_robot_bringup/lib/python3.10/site-packages/my_robot_bringup/__pycache__/odom_publisher.cpython-310.pyc
/home/khemin/ros2_ws/install/my_robot_bringup/lib/python3.10/site-packages/my_robot_bringup/__pycache__/scan_odom_to_odom.cpython-310.pyc
/home/khemin/ros2_ws/install/my_robot_bringup/lib/python3.10/site-packages/my_robot_bringup/__pycache__/__init__.cpython-310.pyc
/home/khemin/ros2_ws/install/my_robot_bringup/lib/python3.10/site-packages/my_robot_bringup/__pycache__/fake_odom_publisher.cpython-310.pyc
/home/khemin/ros2_ws/install/my_robot_bringup/lib/python3.10/site-packages/my_robot_bringup/__pycache__/cmd_vel_listener.cpython-310.pyc
/home/khemin/ros2_ws/install/my_robot_bringup/share/ament_index/resource_index/packages/my_robot_bringup
/home/khemin/ros2_ws/install/my_robot_bringup/share/my_robot_bringup/package.xml
/home/khemin/ros2_ws/install/my_robot_bringup/share/my_robot_bringup/launch/my_robot_launch.py
/home/khemin/ros2_ws/install/my_robot_bringup/lib/python3.10/site-packages/my_robot_bringup-0.1.0-py3.10.egg-info/requires.txt
/home/khemin/ros2_ws/install/my_robot_bringup/lib/python3.10/site-packages/my_robot_bringup-0.1.0-py3.10.egg-info/zip-safe
/home/khemin/ros2_ws/install/my_robot_bringup/lib/python3.10/site-packages/my_robot_bringup-0.1.0-py3.10.egg-info/top_level.txt
/home/khemin/ros2_ws/install/my_robot_bringup/lib/python3.10/site-packages/my_robot_bringup-0.1.0-py3.10.egg-info/entry_points.txt
/home/khemin/ros2_ws/install/my_robot_bringup/lib/python3.10/site-packages/my_robot_bringup-0.1.0-py3.10.egg-info/SOURCES.txt
/home/khemin/ros2_ws/install/my_robot_bringup/lib/python3.10/site-packages/my_robot_bringup-0.1.0-py3.10.egg-info/PKG-INFO
/home/khemin/ros2_ws/install/my_robot_bringup/lib/python3.10/site-packages/my_robot_bringup-0.1.0-py3.10.egg-info/dependency_links.txt
/home/khemin/ros2_ws/install/my_robot_bringup/lib/my_robot_bringup/odom_publisher
/home/khemin/ros2_ws/install/my_robot_bringup/lib/my_robot_bringup/scan_odom_republisher
