[0.030s] Invoking command in '/home/khemin/ros2_ws/build/lidar_odometry': CMAKE_PREFIX_PATH=${CMAKE_PREFIX_PATH}:/home/khemin/ros2_ws/install/my_robot_bringup:/home/khemin/rosbot_ws/install/rosbot_utils:/home/khemin/rosbot_ws/install/rosbot_bringup:/home/khemin/rosbot_ws/src/rosbot_ros/install/rosbot_gazebo:/home/khemin/rosbot_ws/src/rosbot_ros/install/rosbot_controller:/home/khemin/rosbot_ws/src/rosbot_ros/install/rosbot_utils:/home/khemin/rosbot_ws/src/rosbot_ros/install/rosbot_bringup:/home/khemin/ws_lidar/install/lidar_processing:/opt/ros/humble /usr/bin/cmake --build /home/khemin/ros2_ws/build/lidar_odometry -- -j16 -l16
[0.196s] [100%] Built target lidar_odometry_node
[0.202s] Invoked command in '/home/khemin/ros2_ws/build/lidar_odometry' returned '0': CMAKE_PREFIX_PATH=${CMAKE_PREFIX_PATH}:/home/khemin/ros2_ws/install/my_robot_bringup:/home/khemin/rosbot_ws/install/rosbot_utils:/home/khemin/rosbot_ws/install/rosbot_bringup:/home/khemin/rosbot_ws/src/rosbot_ros/install/rosbot_gazebo:/home/khemin/rosbot_ws/src/rosbot_ros/install/rosbot_controller:/home/khemin/rosbot_ws/src/rosbot_ros/install/rosbot_utils:/home/khemin/rosbot_ws/src/rosbot_ros/install/rosbot_bringup:/home/khemin/ws_lidar/install/lidar_processing:/opt/ros/humble /usr/bin/cmake --build /home/khemin/ros2_ws/build/lidar_odometry -- -j16 -l16
[0.212s] Invoking command in '/home/khemin/ros2_ws/build/lidar_odometry': CMAKE_PREFIX_PATH=${CMAKE_PREFIX_PATH}:/home/khemin/ros2_ws/install/my_robot_bringup:/home/khemin/rosbot_ws/install/rosbot_utils:/home/khemin/rosbot_ws/install/rosbot_bringup:/home/khemin/rosbot_ws/src/rosbot_ros/install/rosbot_gazebo:/home/khemin/rosbot_ws/src/rosbot_ros/install/rosbot_controller:/home/khemin/rosbot_ws/src/rosbot_ros/install/rosbot_utils:/home/khemin/rosbot_ws/src/rosbot_ros/install/rosbot_bringup:/home/khemin/ws_lidar/install/lidar_processing:/opt/ros/humble /usr/bin/cmake --install /home/khemin/ros2_ws/build/lidar_odometry
[0.218s] -- Install configuration: ""
[0.218s] -- Up-to-date: /home/khemin/ros2_ws/install/lidar_odometry/lib/lidar_odometry/lidar_odometry_node
[0.218s] -- Up-to-date: /home/khemin/ros2_ws/install/lidar_odometry/share/ament_index/resource_index/package_run_dependencies/lidar_odometry
[0.218s] -- Up-to-date: /home/khemin/ros2_ws/install/lidar_odometry/share/ament_index/resource_index/parent_prefix_path/lidar_odometry
[0.218s] -- Up-to-date: /home/khemin/ros2_ws/install/lidar_odometry/share/lidar_odometry/environment/ament_prefix_path.sh
[0.219s] -- Up-to-date: /home/khemin/ros2_ws/install/lidar_odometry/share/lidar_odometry/environment/ament_prefix_path.dsv
[0.219s] -- Up-to-date: /home/khemin/ros2_ws/install/lidar_odometry/share/lidar_odometry/environment/path.sh
[0.219s] -- Up-to-date: /home/khemin/ros2_ws/install/lidar_odometry/share/lidar_odometry/environment/path.dsv
[0.219s] -- Up-to-date: /home/khemin/ros2_ws/install/lidar_odometry/share/lidar_odometry/local_setup.bash
[0.219s] -- Up-to-date: /home/khemin/ros2_ws/install/lidar_odometry/share/lidar_odometry/local_setup.sh
[0.219s] -- Up-to-date: /home/khemin/ros2_ws/install/lidar_odometry/share/lidar_odometry/local_setup.zsh
[0.219s] -- Up-to-date: /home/khemin/ros2_ws/install/lidar_odometry/share/lidar_odometry/local_setup.dsv
[0.219s] -- Installing: /home/khemin/ros2_ws/install/lidar_odometry/share/lidar_odometry/package.dsv
[0.219s] -- Up-to-date: /home/khemin/ros2_ws/install/lidar_odometry/share/ament_index/resource_index/packages/lidar_odometry
[0.219s] -- Up-to-date: /home/khemin/ros2_ws/install/lidar_odometry/share/lidar_odometry/cmake/lidar_odometryConfig.cmake
[0.220s] -- Up-to-date: /home/khemin/ros2_ws/install/lidar_odometry/share/lidar_odometry/cmake/lidar_odometryConfig-version.cmake
[0.220s] -- Up-to-date: /home/khemin/ros2_ws/install/lidar_odometry/share/lidar_odometry/package.xml
[0.220s] Invoked command in '/home/khemin/ros2_ws/build/lidar_odometry' returned '0': CMAKE_PREFIX_PATH=${CMAKE_PREFIX_PATH}:/home/khemin/ros2_ws/install/my_robot_bringup:/home/khemin/rosbot_ws/install/rosbot_utils:/home/khemin/rosbot_ws/install/rosbot_bringup:/home/khemin/rosbot_ws/src/rosbot_ros/install/rosbot_gazebo:/home/khemin/rosbot_ws/src/rosbot_ros/install/rosbot_controller:/home/khemin/rosbot_ws/src/rosbot_ros/install/rosbot_utils:/home/khemin/rosbot_ws/src/rosbot_ros/install/rosbot_bringup:/home/khemin/ws_lidar/install/lidar_processing:/opt/ros/humble /usr/bin/cmake --install /home/khemin/ros2_ws/build/lidar_odometry
