[0.634s] Invoking command in '/home/khemin/ros2_ws/src/my_robot_bringup': PYTHONPATH=/home/khemin/ros2_ws/build/my_robot_bringup/prefix_override:/usr/lib/python3/dist-packages/colcon_core/task/python/colcon_distutils_commands:/home/khemin/ros2_ws/install/my_robot_bringup/lib/python3.10/site-packages:${PYTHONPATH} /usr/bin/python3 -W ignore:setup.py install is deprecated -W ignore:easy_install command is deprecated setup.py egg_info --egg-base ../../build/my_robot_bringup build --build-base /home/khemin/ros2_ws/build/my_robot_bringup/build install --record /home/khemin/ros2_ws/build/my_robot_bringup/install.log --single-version-externally-managed install_data
[0.805s] running egg_info
[0.816s] writing ../../build/my_robot_bringup/my_robot_bringup.egg-info/PKG-INFO
[0.816s] writing dependency_links to ../../build/my_robot_bringup/my_robot_bringup.egg-info/dependency_links.txt
[0.816s] writing entry points to ../../build/my_robot_bringup/my_robot_bringup.egg-info/entry_points.txt
[0.817s] writing requirements to ../../build/my_robot_bringup/my_robot_bringup.egg-info/requires.txt
[0.817s] writing top-level names to ../../build/my_robot_bringup/my_robot_bringup.egg-info/top_level.txt
[0.841s] reading manifest file '../../build/my_robot_bringup/my_robot_bringup.egg-info/SOURCES.txt'
[0.841s] writing manifest file '../../build/my_robot_bringup/my_robot_bringup.egg-info/SOURCES.txt'
[0.841s] running build
[0.841s] running build_py
[0.842s] running install
[0.846s] running install_lib
[0.858s] running install_data
[0.859s] copying launch/my_robot_launch.py -> /home/khemin/ros2_ws/install/my_robot_bringup/share/my_robot_bringup/launch
[0.859s] running install_egg_info
[0.872s] removing '/home/khemin/ros2_ws/install/my_robot_bringup/lib/python3.10/site-packages/my_robot_bringup-0.1.0-py3.10.egg-info' (and everything under it)
[0.873s] Copying ../../build/my_robot_bringup/my_robot_bringup.egg-info to /home/khemin/ros2_ws/install/my_robot_bringup/lib/python3.10/site-packages/my_robot_bringup-0.1.0-py3.10.egg-info
[0.874s] running install_scripts
[0.990s] Installing odom_publisher script to /home/khemin/ros2_ws/install/my_robot_bringup/lib/my_robot_bringup
[0.991s] Installing scan_odom_republisher script to /home/khemin/ros2_ws/install/my_robot_bringup/lib/my_robot_bringup
[0.991s] writing list of installed files to '/home/khemin/ros2_ws/build/my_robot_bringup/install.log'
[1.010s] Invoked command in '/home/khemin/ros2_ws/src/my_robot_bringup' returned '0': PYTHONPATH=/home/khemin/ros2_ws/build/my_robot_bringup/prefix_override:/usr/lib/python3/dist-packages/colcon_core/task/python/colcon_distutils_commands:/home/khemin/ros2_ws/install/my_robot_bringup/lib/python3.10/site-packages:${PYTHONPATH} /usr/bin/python3 -W ignore:setup.py install is deprecated -W ignore:easy_install command is deprecated setup.py egg_info --egg-base ../../build/my_robot_bringup build --build-base /home/khemin/ros2_ws/build/my_robot_bringup/build install --record /home/khemin/ros2_ws/build/my_robot_bringup/install.log --single-version-externally-managed install_data
