running egg_info
creating ../../build/my_robot_bringup/my_robot_bringup.egg-info
writing ../../build/my_robot_bringup/my_robot_bringup.egg-info/PKG-INFO
writing dependency_links to ../../build/my_robot_bringup/my_robot_bringup.egg-info/dependency_links.txt
writing entry points to ../../build/my_robot_bringup/my_robot_bringup.egg-info/entry_points.txt
writing requirements to ../../build/my_robot_bringup/my_robot_bringup.egg-info/requires.txt
writing top-level names to ../../build/my_robot_bringup/my_robot_bringup.egg-info/top_level.txt
writing manifest file '../../build/my_robot_bringup/my_robot_bringup.egg-info/SOURCES.txt'
reading manifest file '../../build/my_robot_bringup/my_robot_bringup.egg-info/SOURCES.txt'
writing manifest file '../../build/my_robot_bringup/my_robot_bringup.egg-info/SOURCES.txt'
running build
running build_py
creating /home/khemin/ros2_ws/build/my_robot_bringup/build
creating /home/khemin/ros2_ws/build/my_robot_bringup/build/lib
creating /home/khemin/ros2_ws/build/my_robot_bringup/build/lib/my_robot_bringup
copying my_robot_bringup/odom_publisher.py -> /home/khemin/ros2_ws/build/my_robot_bringup/build/lib/my_robot_bringup
copying my_robot_bringup/scan_odom_to_odom.py -> /home/khemin/ros2_ws/build/my_robot_bringup/build/lib/my_robot_bringup
copying my_robot_bringup/__init__.py -> /home/khemin/ros2_ws/build/my_robot_bringup/build/lib/my_robot_bringup
copying my_robot_bringup/fake_odom_publisher.py -> /home/khemin/ros2_ws/build/my_robot_bringup/build/lib/my_robot_bringup
copying my_robot_bringup/cmd_vel_listener.py -> /home/khemin/ros2_ws/build/my_robot_bringup/build/lib/my_robot_bringup
running install
running install_lib
creating /home/khemin/ros2_ws/install/my_robot_bringup/lib/python3.10/site-packages/my_robot_bringup
copying /home/khemin/ros2_ws/build/my_robot_bringup/build/lib/my_robot_bringup/odom_publisher.py -> /home/khemin/ros2_ws/install/my_robot_bringup/lib/python3.10/site-packages/my_robot_bringup
copying /home/khemin/ros2_ws/build/my_robot_bringup/build/lib/my_robot_bringup/scan_odom_to_odom.py -> /home/khemin/ros2_ws/install/my_robot_bringup/lib/python3.10/site-packages/my_robot_bringup
copying /home/khemin/ros2_ws/build/my_robot_bringup/build/lib/my_robot_bringup/__init__.py -> /home/khemin/ros2_ws/install/my_robot_bringup/lib/python3.10/site-packages/my_robot_bringup
copying /home/khemin/ros2_ws/build/my_robot_bringup/build/lib/my_robot_bringup/fake_odom_publisher.py -> /home/khemin/ros2_ws/install/my_robot_bringup/lib/python3.10/site-packages/my_robot_bringup
copying /home/khemin/ros2_ws/build/my_robot_bringup/build/lib/my_robot_bringup/cmd_vel_listener.py -> /home/khemin/ros2_ws/install/my_robot_bringup/lib/python3.10/site-packages/my_robot_bringup
byte-compiling /home/khemin/ros2_ws/install/my_robot_bringup/lib/python3.10/site-packages/my_robot_bringup/odom_publisher.py to odom_publisher.cpython-310.pyc
byte-compiling /home/khemin/ros2_ws/install/my_robot_bringup/lib/python3.10/site-packages/my_robot_bringup/scan_odom_to_odom.py to scan_odom_to_odom.cpython-310.pyc
byte-compiling /home/khemin/ros2_ws/install/my_robot_bringup/lib/python3.10/site-packages/my_robot_bringup/__init__.py to __init__.cpython-310.pyc
byte-compiling /home/khemin/ros2_ws/install/my_robot_bringup/lib/python3.10/site-packages/my_robot_bringup/fake_odom_publisher.py to fake_odom_publisher.cpython-310.pyc
byte-compiling /home/khemin/ros2_ws/install/my_robot_bringup/lib/python3.10/site-packages/my_robot_bringup/cmd_vel_listener.py to cmd_vel_listener.cpython-310.pyc
running install_data
creating /home/khemin/ros2_ws/install/my_robot_bringup/share/ament_index
creating /home/khemin/ros2_ws/install/my_robot_bringup/share/ament_index/resource_index
creating /home/khemin/ros2_ws/install/my_robot_bringup/share/ament_index/resource_index/packages
copying resource/my_robot_bringup -> /home/khemin/ros2_ws/install/my_robot_bringup/share/ament_index/resource_index/packages
copying package.xml -> /home/khemin/ros2_ws/install/my_robot_bringup/share/my_robot_bringup
running install_egg_info
Copying ../../build/my_robot_bringup/my_robot_bringup.egg-info to /home/khemin/ros2_ws/install/my_robot_bringup/lib/python3.10/site-packages/my_robot_bringup-0.1.0-py3.10.egg-info
running install_scripts
Installing odom_publisher script to /home/khemin/ros2_ws/install/my_robot_bringup/lib/my_robot_bringup
Installing scan_odom_republisher script to /home/khemin/ros2_ws/install/my_robot_bringup/lib/my_robot_bringup
writing list of installed files to '/home/khemin/ros2_ws/build/my_robot_bringup/install.log'
