[0.621s] Invoking command in '/home/khemin/ros2_ws/src/my_robot_bringup': PYTHONPATH=/home/khemin/ros2_ws/build/my_robot_bringup/prefix_override:/usr/lib/python3/dist-packages/colcon_core/task/python/colcon_distutils_commands:/home/khemin/ros2_ws/install/my_robot_bringup/lib/python3.10/site-packages:${PYTHONPATH} /usr/bin/python3 -W ignore:setup.py install is deprecated -W ignore:easy_install command is deprecated setup.py egg_info --egg-base ../../build/my_robot_bringup build --build-base /home/khemin/ros2_ws/build/my_robot_bringup/build install --record /home/khemin/ros2_ws/build/my_robot_bringup/install.log --single-version-externally-managed install_data
[0.808s] running egg_info
[0.808s] creating ../../build/my_robot_bringup/my_robot_bringup.egg-info
[0.820s] writing ../../build/my_robot_bringup/my_robot_bringup.egg-info/PKG-INFO
[0.820s] writing dependency_links to ../../build/my_robot_bringup/my_robot_bringup.egg-info/dependency_links.txt
[0.821s] writing entry points to ../../build/my_robot_bringup/my_robot_bringup.egg-info/entry_points.txt
[0.821s] writing requirements to ../../build/my_robot_bringup/my_robot_bringup.egg-info/requires.txt
[0.821s] writing top-level names to ../../build/my_robot_bringup/my_robot_bringup.egg-info/top_level.txt
[0.821s] writing manifest file '../../build/my_robot_bringup/my_robot_bringup.egg-info/SOURCES.txt'
[0.846s] reading manifest file '../../build/my_robot_bringup/my_robot_bringup.egg-info/SOURCES.txt'
[0.846s] writing manifest file '../../build/my_robot_bringup/my_robot_bringup.egg-info/SOURCES.txt'
[0.847s] running build
[0.847s] running build_py
[0.847s] creating /home/khemin/ros2_ws/build/my_robot_bringup/build
[0.847s] creating /home/khemin/ros2_ws/build/my_robot_bringup/build/lib
[0.847s] creating /home/khemin/ros2_ws/build/my_robot_bringup/build/lib/my_robot_bringup
[0.847s] copying my_robot_bringup/odom_publisher.py -> /home/khemin/ros2_ws/build/my_robot_bringup/build/lib/my_robot_bringup
[0.847s] copying my_robot_bringup/scan_odom_to_odom.py -> /home/khemin/ros2_ws/build/my_robot_bringup/build/lib/my_robot_bringup
[0.847s] copying my_robot_bringup/__init__.py -> /home/khemin/ros2_ws/build/my_robot_bringup/build/lib/my_robot_bringup
[0.848s] copying my_robot_bringup/fake_odom_publisher.py -> /home/khemin/ros2_ws/build/my_robot_bringup/build/lib/my_robot_bringup
[0.848s] copying my_robot_bringup/cmd_vel_listener.py -> /home/khemin/ros2_ws/build/my_robot_bringup/build/lib/my_robot_bringup
[0.848s] running install
[0.851s] running install_lib
[0.864s] creating /home/khemin/ros2_ws/install/my_robot_bringup/lib/python3.10/site-packages/my_robot_bringup
[0.864s] copying /home/khemin/ros2_ws/build/my_robot_bringup/build/lib/my_robot_bringup/odom_publisher.py -> /home/khemin/ros2_ws/install/my_robot_bringup/lib/python3.10/site-packages/my_robot_bringup
[0.864s] copying /home/khemin/ros2_ws/build/my_robot_bringup/build/lib/my_robot_bringup/scan_odom_to_odom.py -> /home/khemin/ros2_ws/install/my_robot_bringup/lib/python3.10/site-packages/my_robot_bringup
[0.864s] copying /home/khemin/ros2_ws/build/my_robot_bringup/build/lib/my_robot_bringup/__init__.py -> /home/khemin/ros2_ws/install/my_robot_bringup/lib/python3.10/site-packages/my_robot_bringup
[0.864s] copying /home/khemin/ros2_ws/build/my_robot_bringup/build/lib/my_robot_bringup/fake_odom_publisher.py -> /home/khemin/ros2_ws/install/my_robot_bringup/lib/python3.10/site-packages/my_robot_bringup
[0.864s] copying /home/khemin/ros2_ws/build/my_robot_bringup/build/lib/my_robot_bringup/cmd_vel_listener.py -> /home/khemin/ros2_ws/install/my_robot_bringup/lib/python3.10/site-packages/my_robot_bringup
[0.865s] byte-compiling /home/khemin/ros2_ws/install/my_robot_bringup/lib/python3.10/site-packages/my_robot_bringup/odom_publisher.py to odom_publisher.cpython-310.pyc
[0.865s] byte-compiling /home/khemin/ros2_ws/install/my_robot_bringup/lib/python3.10/site-packages/my_robot_bringup/scan_odom_to_odom.py to scan_odom_to_odom.cpython-310.pyc
[0.865s] byte-compiling /home/khemin/ros2_ws/install/my_robot_bringup/lib/python3.10/site-packages/my_robot_bringup/__init__.py to __init__.cpython-310.pyc
[0.866s] byte-compiling /home/khemin/ros2_ws/install/my_robot_bringup/lib/python3.10/site-packages/my_robot_bringup/fake_odom_publisher.py to fake_odom_publisher.cpython-310.pyc
[0.866s] byte-compiling /home/khemin/ros2_ws/install/my_robot_bringup/lib/python3.10/site-packages/my_robot_bringup/cmd_vel_listener.py to cmd_vel_listener.cpython-310.pyc
[0.866s] running install_data
[0.866s] creating /home/khemin/ros2_ws/install/my_robot_bringup/share/ament_index
[0.867s] creating /home/khemin/ros2_ws/install/my_robot_bringup/share/ament_index/resource_index
[0.867s] creating /home/khemin/ros2_ws/install/my_robot_bringup/share/ament_index/resource_index/packages
[0.867s] copying resource/my_robot_bringup -> /home/khemin/ros2_ws/install/my_robot_bringup/share/ament_index/resource_index/packages
[0.867s] copying package.xml -> /home/khemin/ros2_ws/install/my_robot_bringup/share/my_robot_bringup
[0.867s] running install_egg_info
[0.880s] Copying ../../build/my_robot_bringup/my_robot_bringup.egg-info to /home/khemin/ros2_ws/install/my_robot_bringup/lib/python3.10/site-packages/my_robot_bringup-0.1.0-py3.10.egg-info
[0.881s] running install_scripts
[1.006s] Installing odom_publisher script to /home/khemin/ros2_ws/install/my_robot_bringup/lib/my_robot_bringup
[1.006s] Installing scan_odom_republisher script to /home/khemin/ros2_ws/install/my_robot_bringup/lib/my_robot_bringup
[1.006s] writing list of installed files to '/home/khemin/ros2_ws/build/my_robot_bringup/install.log'
[1.030s] Invoked command in '/home/khemin/ros2_ws/src/my_robot_bringup' returned '0': PYTHONPATH=/home/khemin/ros2_ws/build/my_robot_bringup/prefix_override:/usr/lib/python3/dist-packages/colcon_core/task/python/colcon_distutils_commands:/home/khemin/ros2_ws/install/my_robot_bringup/lib/python3.10/site-packages:${PYTHONPATH} /usr/bin/python3 -W ignore:setup.py install is deprecated -W ignore:easy_install command is deprecated setup.py egg_info --egg-base ../../build/my_robot_bringup build --build-base /home/khemin/ros2_ws/build/my_robot_bringup/build install --record /home/khemin/ros2_ws/build/my_robot_bringup/install.log --single-version-externally-managed install_data
