[0.194s] Invoking command in '/home/khemin/ros2_ws/build/sllidar_ros2': CMAKE_PREFIX_PATH=${CMAKE_PREFIX_PATH}:/home/khemin/ros2_ws/install/my_robot_bringup:/home/khemin/rosbot_ws/install/rosbot_utils:/home/khemin/rosbot_ws/install/rosbot_bringup:/home/khemin/rosbot_ws/src/rosbot_ros/install/rosbot_gazebo:/home/khemin/rosbot_ws/src/rosbot_ros/install/rosbot_controller:/home/khemin/rosbot_ws/src/rosbot_ros/install/rosbot_utils:/home/khemin/rosbot_ws/src/rosbot_ros/install/rosbot_bringup:/home/khemin/ws_lidar/install/lidar_processing:/opt/ros/humble /usr/bin/cmake --build /home/khemin/ros2_ws/build/sllidar_ros2 -- -j16 -l16
[0.242s] [ 10%] Built target sllidar_client
[0.248s] [100%] Built target sllidar_node
[0.261s] Invoked command in '/home/khemin/ros2_ws/build/sllidar_ros2' returned '0': CMAKE_PREFIX_PATH=${CMAKE_PREFIX_PATH}:/home/khemin/ros2_ws/install/my_robot_bringup:/home/khemin/rosbot_ws/install/rosbot_utils:/home/khemin/rosbot_ws/install/rosbot_bringup:/home/khemin/rosbot_ws/src/rosbot_ros/install/rosbot_gazebo:/home/khemin/rosbot_ws/src/rosbot_ros/install/rosbot_controller:/home/khemin/rosbot_ws/src/rosbot_ros/install/rosbot_utils:/home/khemin/rosbot_ws/src/rosbot_ros/install/rosbot_bringup:/home/khemin/ws_lidar/install/lidar_processing:/opt/ros/humble /usr/bin/cmake --build /home/khemin/ros2_ws/build/sllidar_ros2 -- -j16 -l16
[0.262s] Invoking command in '/home/khemin/ros2_ws/build/sllidar_ros2': CMAKE_PREFIX_PATH=${CMAKE_PREFIX_PATH}:/home/khemin/ros2_ws/install/my_robot_bringup:/home/khemin/rosbot_ws/install/rosbot_utils:/home/khemin/rosbot_ws/install/rosbot_bringup:/home/khemin/rosbot_ws/src/rosbot_ros/install/rosbot_gazebo:/home/khemin/rosbot_ws/src/rosbot_ros/install/rosbot_controller:/home/khemin/rosbot_ws/src/rosbot_ros/install/rosbot_utils:/home/khemin/rosbot_ws/src/rosbot_ros/install/rosbot_bringup:/home/khemin/ws_lidar/install/lidar_processing:/opt/ros/humble /usr/bin/cmake --install /home/khemin/ros2_ws/build/sllidar_ros2
[0.271s] -- Install configuration: ""
[0.271s] -- Up-to-date: /home/khemin/ros2_ws/install/sllidar_ros2/share/sllidar_ros2/launch
[0.271s] -- Up-to-date: /home/khemin/ros2_ws/install/sllidar_ros2/share/sllidar_ros2/launch/sllidar_s1_tcp_launch.py
[0.272s] -- Up-to-date: /home/khemin/ros2_ws/install/sllidar_ros2/share/sllidar_ros2/launch/view_sllidar_s1_launch.py
[0.272s] -- Up-to-date: /home/khemin/ros2_ws/install/sllidar_ros2/share/sllidar_ros2/launch/sllidar_s3_launch.py
[0.272s] -- Up-to-date: /home/khemin/ros2_ws/install/sllidar_ros2/share/sllidar_ros2/launch/view_sllidar_s1_tcp_launch.py
[0.272s] -- Up-to-date: /home/khemin/ros2_ws/install/sllidar_ros2/share/sllidar_ros2/launch/view_sllidar_t1_launch.py
[0.272s] -- Up-to-date: /home/khemin/ros2_ws/install/sllidar_ros2/share/sllidar_ros2/launch/sllidar_s2e_launch.py
[0.272s] -- Up-to-date: /home/khemin/ros2_ws/install/sllidar_ros2/share/sllidar_ros2/launch/view_sllidar_a2m12_launch.py
[0.273s] -- Up-to-date: /home/khemin/ros2_ws/install/sllidar_ros2/share/sllidar_ros2/launch/view_sllidar_s3_launch.py
[0.273s] -- Up-to-date: /home/khemin/ros2_ws/install/sllidar_ros2/share/sllidar_ros2/launch/sllidar_s2_launch.py
[0.273s] -- Up-to-date: /home/khemin/ros2_ws/install/sllidar_ros2/share/sllidar_ros2/launch/view_sllidar_s2e_launch.py
[0.273s] -- Up-to-date: /home/khemin/ros2_ws/install/sllidar_ros2/share/sllidar_ros2/launch/view_sllidar_a2m7_launch.py
[0.273s] -- Up-to-date: /home/khemin/ros2_ws/install/sllidar_ros2/share/sllidar_ros2/launch/sllidar_a2m12_launch .py
[0.273s] -- Up-to-date: /home/khemin/ros2_ws/install/sllidar_ros2/share/sllidar_ros2/launch/view_sllidar_a1_launch.py
[0.273s] -- Up-to-date: /home/khemin/ros2_ws/install/sllidar_ros2/share/sllidar_ros2/launch/sllidar_c1_launch.py
[0.273s] -- Up-to-date: /home/khemin/ros2_ws/install/sllidar_ros2/share/sllidar_ros2/launch/sllidar_a3_launch.py
[0.273s] -- Up-to-date: /home/khemin/ros2_ws/install/sllidar_ros2/share/sllidar_ros2/launch/view_sllidar_s2_launch.py
[0.273s] -- Up-to-date: /home/khemin/ros2_ws/install/sllidar_ros2/share/sllidar_ros2/launch/sllidar_a2m7_launch.py
[0.273s] -- Up-to-date: /home/khemin/ros2_ws/install/sllidar_ros2/share/sllidar_ros2/launch/sllidar_a1_launch.py
[0.273s] -- Up-to-date: /home/khemin/ros2_ws/install/sllidar_ros2/share/sllidar_ros2/launch/sllidar_s1_launch.py
[0.273s] -- Up-to-date: /home/khemin/ros2_ws/install/sllidar_ros2/share/sllidar_ros2/launch/view_sllidar_c1_launch.py
[0.273s] -- Up-to-date: /home/khemin/ros2_ws/install/sllidar_ros2/share/sllidar_ros2/launch/sllidar_t1_launch.py
[0.274s] -- Up-to-date: /home/khemin/ros2_ws/install/sllidar_ros2/share/sllidar_ros2/launch/sllidar_a2m8_launch.py
[0.274s] -- Up-to-date: /home/khemin/ros2_ws/install/sllidar_ros2/share/sllidar_ros2/launch/view_sllidar_a3_launch.py
[0.274s] -- Up-to-date: /home/khemin/ros2_ws/install/sllidar_ros2/share/sllidar_ros2/launch/view_sllidar_a2m8_launch.py
[0.274s] -- Up-to-date: /home/khemin/ros2_ws/install/sllidar_ros2/share/sllidar_ros2/rviz
[0.274s] -- Up-to-date: /home/khemin/ros2_ws/install/sllidar_ros2/share/sllidar_ros2/rviz/sllidar_ros2.rviz
[0.274s] -- Up-to-date: /home/khemin/ros2_ws/install/sllidar_ros2/lib/sllidar_ros2/sllidar_node
[0.274s] -- Up-to-date: /home/khemin/ros2_ws/install/sllidar_ros2/lib/sllidar_ros2/sllidar_client
[0.274s] -- Up-to-date: /home/khemin/ros2_ws/install/sllidar_ros2/share/ament_index/resource_index/package_run_dependencies/sllidar_ros2
[0.274s] -- Up-to-date: /home/khemin/ros2_ws/install/sllidar_ros2/share/ament_index/resource_index/parent_prefix_path/sllidar_ros2
[0.274s] -- Up-to-date: /home/khemin/ros2_ws/install/sllidar_ros2/share/sllidar_ros2/environment/ament_prefix_path.sh
[0.274s] -- Up-to-date: /home/khemin/ros2_ws/install/sllidar_ros2/share/sllidar_ros2/environment/ament_prefix_path.dsv
[0.274s] -- Up-to-date: /home/khemin/ros2_ws/install/sllidar_ros2/share/sllidar_ros2/environment/path.sh
[0.274s] -- Up-to-date: /home/khemin/ros2_ws/install/sllidar_ros2/share/sllidar_ros2/environment/path.dsv
[0.274s] -- Up-to-date: /home/khemin/ros2_ws/install/sllidar_ros2/share/sllidar_ros2/local_setup.bash
[0.275s] -- Up-to-date: /home/khemin/ros2_ws/install/sllidar_ros2/share/sllidar_ros2/local_setup.sh
[0.275s] -- Up-to-date: /home/khemin/ros2_ws/install/sllidar_ros2/share/sllidar_ros2/local_setup.zsh
[0.275s] -- Up-to-date: /home/khemin/ros2_ws/install/sllidar_ros2/share/sllidar_ros2/local_setup.dsv
[0.275s] -- Installing: /home/khemin/ros2_ws/install/sllidar_ros2/share/sllidar_ros2/package.dsv
[0.275s] -- Up-to-date: /home/khemin/ros2_ws/install/sllidar_ros2/share/ament_index/resource_index/packages/sllidar_ros2
[0.275s] -- Up-to-date: /home/khemin/ros2_ws/install/sllidar_ros2/share/sllidar_ros2/cmake/ament_cmake_export_dependencies-extras.cmake
[0.275s] -- Up-to-date: /home/khemin/ros2_ws/install/sllidar_ros2/share/sllidar_ros2/cmake/ament_cmake_export_include_directories-extras.cmake
[0.275s] -- Up-to-date: /home/khemin/ros2_ws/install/sllidar_ros2/share/sllidar_ros2/cmake/sllidar_ros2Config.cmake
[0.275s] -- Up-to-date: /home/khemin/ros2_ws/install/sllidar_ros2/share/sllidar_ros2/cmake/sllidar_ros2Config-version.cmake
[0.275s] -- Up-to-date: /home/khemin/ros2_ws/install/sllidar_ros2/share/sllidar_ros2/package.xml
[0.277s] Invoked command in '/home/khemin/ros2_ws/build/sllidar_ros2' returned '0': CMAKE_PREFIX_PATH=${CMAKE_PREFIX_PATH}:/home/khemin/ros2_ws/install/my_robot_bringup:/home/khemin/rosbot_ws/install/rosbot_utils:/home/khemin/rosbot_ws/install/rosbot_bringup:/home/khemin/rosbot_ws/src/rosbot_ros/install/rosbot_gazebo:/home/khemin/rosbot_ws/src/rosbot_ros/install/rosbot_controller:/home/khemin/rosbot_ws/src/rosbot_ros/install/rosbot_utils:/home/khemin/rosbot_ws/src/rosbot_ros/install/rosbot_bringup:/home/khemin/ws_lidar/install/lidar_processing:/opt/ros/humble /usr/bin/cmake --install /home/khemin/ros2_ws/build/sllidar_ros2
