[0.026s] Invoking command in '/home/khemin/ros2_ws/build/lidar_odometry': CMAKE_PREFIX_PATH=${CMAKE_PREFIX_PATH}:/home/khemin/ros2_ws/install/my_robot_bringup:/home/khemin/rosbot_ws/install/rosbot_utils:/home/khemin/rosbot_ws/install/rosbot_bringup:/home/khemin/rosbot_ws/src/rosbot_ros/install/rosbot_gazebo:/home/khemin/rosbot_ws/src/rosbot_ros/install/rosbot_controller:/home/khemin/rosbot_ws/src/rosbot_ros/install/rosbot_utils:/home/khemin/rosbot_ws/src/rosbot_ros/install/rosbot_bringup:/home/khemin/ws_lidar/install/lidar_processing:/opt/ros/humble /usr/bin/cmake --build /home/khemin/ros2_ws/build/lidar_odometry -- -j16 -l16
[0.188s] [ 33%] [32mBuilding CXX object CMakeFiles/lidar_odometry_node.dir/src/lidar_odometry.cpp.o[0m
[12.507s] [ 66%] [32m[1mLinking CXX executable lidar_odometry_node[0m
[13.429s] [100%] Built target lidar_odometry_node
[13.439s] Invoked command in '/home/khemin/ros2_ws/build/lidar_odometry' returned '0': CMAKE_PREFIX_PATH=${CMAKE_PREFIX_PATH}:/home/khemin/ros2_ws/install/my_robot_bringup:/home/khemin/rosbot_ws/install/rosbot_utils:/home/khemin/rosbot_ws/install/rosbot_bringup:/home/khemin/rosbot_ws/src/rosbot_ros/install/rosbot_gazebo:/home/khemin/rosbot_ws/src/rosbot_ros/install/rosbot_controller:/home/khemin/rosbot_ws/src/rosbot_ros/install/rosbot_utils:/home/khemin/rosbot_ws/src/rosbot_ros/install/rosbot_bringup:/home/khemin/ws_lidar/install/lidar_processing:/opt/ros/humble /usr/bin/cmake --build /home/khemin/ros2_ws/build/lidar_odometry -- -j16 -l16
[13.441s] Invoking command in '/home/khemin/ros2_ws/build/lidar_odometry': CMAKE_PREFIX_PATH=${CMAKE_PREFIX_PATH}:/home/khemin/ros2_ws/install/my_robot_bringup:/home/khemin/rosbot_ws/install/rosbot_utils:/home/khemin/rosbot_ws/install/rosbot_bringup:/home/khemin/rosbot_ws/src/rosbot_ros/install/rosbot_gazebo:/home/khemin/rosbot_ws/src/rosbot_ros/install/rosbot_controller:/home/khemin/rosbot_ws/src/rosbot_ros/install/rosbot_utils:/home/khemin/rosbot_ws/src/rosbot_ros/install/rosbot_bringup:/home/khemin/ws_lidar/install/lidar_processing:/opt/ros/humble /usr/bin/cmake --install /home/khemin/ros2_ws/build/lidar_odometry
[13.449s] -- Install configuration: ""
[13.449s] -- Installing: /home/khemin/ros2_ws/install/lidar_odometry/lib/lidar_odometry/lidar_odometry_node
[13.457s] -- Set runtime path of "/home/khemin/ros2_ws/install/lidar_odometry/lib/lidar_odometry/lidar_odometry_node" to ""
[13.457s] -- Up-to-date: /home/khemin/ros2_ws/install/lidar_odometry/share/ament_index/resource_index/package_run_dependencies/lidar_odometry
[13.458s] -- Up-to-date: /home/khemin/ros2_ws/install/lidar_odometry/share/ament_index/resource_index/parent_prefix_path/lidar_odometry
[13.458s] -- Up-to-date: /home/khemin/ros2_ws/install/lidar_odometry/share/lidar_odometry/environment/ament_prefix_path.sh
[13.458s] -- Up-to-date: /home/khemin/ros2_ws/install/lidar_odometry/share/lidar_odometry/environment/ament_prefix_path.dsv
[13.458s] -- Up-to-date: /home/khemin/ros2_ws/install/lidar_odometry/share/lidar_odometry/environment/path.sh
[13.458s] -- Up-to-date: /home/khemin/ros2_ws/install/lidar_odometry/share/lidar_odometry/environment/path.dsv
[13.458s] -- Up-to-date: /home/khemin/ros2_ws/install/lidar_odometry/share/lidar_odometry/local_setup.bash
[13.458s] -- Up-to-date: /home/khemin/ros2_ws/install/lidar_odometry/share/lidar_odometry/local_setup.sh
[13.458s] -- Up-to-date: /home/khemin/ros2_ws/install/lidar_odometry/share/lidar_odometry/local_setup.zsh
[13.458s] -- Up-to-date: /home/khemin/ros2_ws/install/lidar_odometry/share/lidar_odometry/local_setup.dsv
[13.458s] -- Installing: /home/khemin/ros2_ws/install/lidar_odometry/share/lidar_odometry/package.dsv
[13.458s] -- Up-to-date: /home/khemin/ros2_ws/install/lidar_odometry/share/ament_index/resource_index/packages/lidar_odometry
[13.458s] -- Up-to-date: /home/khemin/ros2_ws/install/lidar_odometry/share/lidar_odometry/cmake/lidar_odometryConfig.cmake
[13.459s] -- Up-to-date: /home/khemin/ros2_ws/install/lidar_odometry/share/lidar_odometry/cmake/lidar_odometryConfig-version.cmake
[13.459s] -- Up-to-date: /home/khemin/ros2_ws/install/lidar_odometry/share/lidar_odometry/package.xml
[13.459s] Invoked command in '/home/khemin/ros2_ws/build/lidar_odometry' returned '0': CMAKE_PREFIX_PATH=${CMAKE_PREFIX_PATH}:/home/khemin/ros2_ws/install/my_robot_bringup:/home/khemin/rosbot_ws/install/rosbot_utils:/home/khemin/rosbot_ws/install/rosbot_bringup:/home/khemin/rosbot_ws/src/rosbot_ros/install/rosbot_gazebo:/home/khemin/rosbot_ws/src/rosbot_ros/install/rosbot_controller:/home/khemin/rosbot_ws/src/rosbot_ros/install/rosbot_utils:/home/khemin/rosbot_ws/src/rosbot_ros/install/rosbot_bringup:/home/khemin/ws_lidar/install/lidar_processing:/opt/ros/humble /usr/bin/cmake --install /home/khemin/ros2_ws/build/lidar_odometry
