[0.180s] Invoking command in '/home/khemin/ros2_ws/build/my_robot_description': CMAKE_PREFIX_PATH=${CMAKE_PREFIX_PATH}:/home/khemin/ros2_ws/install/my_robot_bringup:/home/khemin/rosbot_ws/install/rosbot_utils:/home/khemin/rosbot_ws/install/rosbot_bringup:/home/khemin/rosbot_ws/src/rosbot_ros/install/rosbot_gazebo:/home/khemin/rosbot_ws/src/rosbot_ros/install/rosbot_controller:/home/khemin/rosbot_ws/src/rosbot_ros/install/rosbot_utils:/home/khemin/rosbot_ws/src/rosbot_ros/install/rosbot_bringup:/home/khemin/ws_lidar/install/lidar_processing:/opt/ros/humble /usr/bin/cmake --build /home/khemin/ros2_ws/build/my_robot_description -- -j16 -l16
[0.217s] Invoked command in '/home/khemin/ros2_ws/build/my_robot_description' returned '0': CMAKE_PREFIX_PATH=${CMAKE_PREFIX_PATH}:/home/khemin/ros2_ws/install/my_robot_bringup:/home/khemin/rosbot_ws/install/rosbot_utils:/home/khemin/rosbot_ws/install/rosbot_bringup:/home/khemin/rosbot_ws/src/rosbot_ros/install/rosbot_gazebo:/home/khemin/rosbot_ws/src/rosbot_ros/install/rosbot_controller:/home/khemin/rosbot_ws/src/rosbot_ros/install/rosbot_utils:/home/khemin/rosbot_ws/src/rosbot_ros/install/rosbot_bringup:/home/khemin/ws_lidar/install/lidar_processing:/opt/ros/humble /usr/bin/cmake --build /home/khemin/ros2_ws/build/my_robot_description -- -j16 -l16
[0.218s] Invoking command in '/home/khemin/ros2_ws/build/my_robot_description': CMAKE_PREFIX_PATH=${CMAKE_PREFIX_PATH}:/home/khemin/ros2_ws/install/my_robot_bringup:/home/khemin/rosbot_ws/install/rosbot_utils:/home/khemin/rosbot_ws/install/rosbot_bringup:/home/khemin/rosbot_ws/src/rosbot_ros/install/rosbot_gazebo:/home/khemin/rosbot_ws/src/rosbot_ros/install/rosbot_controller:/home/khemin/rosbot_ws/src/rosbot_ros/install/rosbot_utils:/home/khemin/rosbot_ws/src/rosbot_ros/install/rosbot_bringup:/home/khemin/ws_lidar/install/lidar_processing:/opt/ros/humble /usr/bin/cmake --install /home/khemin/ros2_ws/build/my_robot_description
[0.225s] -- Install configuration: ""
[0.225s] -- Up-to-date: /home/khemin/ros2_ws/install/my_robot_description/share/my_robot_description/urdf
[0.225s] -- Up-to-date: /home/khemin/ros2_ws/install/my_robot_description/share/my_robot_description/urdf/my_robot.urdf.xacro
[0.225s] -- Up-to-date: /home/khemin/ros2_ws/install/my_robot_description/share/my_robot_description/launch
[0.225s] -- Up-to-date: /home/khemin/ros2_ws/install/my_robot_description/share/my_robot_description/launch/slam_toolbox_launch.py
[0.225s] -- Up-to-date: /home/khemin/ros2_ws/install/my_robot_description/share/my_robot_description/launch/display.launch.py
[0.225s] -- Up-to-date: /home/khemin/ros2_ws/install/my_robot_description/share/my_robot_description/config
[0.225s] -- Up-to-date: /home/khemin/ros2_ws/install/my_robot_description/share/my_robot_description/config/slam_toolbox_params.yaml
[0.225s] -- Up-to-date: /home/khemin/ros2_ws/install/my_robot_description/share/ament_index/resource_index/package_run_dependencies/my_robot_description
[0.226s] -- Up-to-date: /home/khemin/ros2_ws/install/my_robot_description/share/ament_index/resource_index/parent_prefix_path/my_robot_description
[0.226s] -- Up-to-date: /home/khemin/ros2_ws/install/my_robot_description/share/my_robot_description/environment/ament_prefix_path.sh
[0.226s] -- Up-to-date: /home/khemin/ros2_ws/install/my_robot_description/share/my_robot_description/environment/ament_prefix_path.dsv
[0.226s] -- Up-to-date: /home/khemin/ros2_ws/install/my_robot_description/share/my_robot_description/environment/path.sh
[0.226s] -- Up-to-date: /home/khemin/ros2_ws/install/my_robot_description/share/my_robot_description/environment/path.dsv
[0.226s] -- Up-to-date: /home/khemin/ros2_ws/install/my_robot_description/share/my_robot_description/local_setup.bash
[0.226s] -- Up-to-date: /home/khemin/ros2_ws/install/my_robot_description/share/my_robot_description/local_setup.sh
[0.226s] -- Up-to-date: /home/khemin/ros2_ws/install/my_robot_description/share/my_robot_description/local_setup.zsh
[0.226s] -- Up-to-date: /home/khemin/ros2_ws/install/my_robot_description/share/my_robot_description/local_setup.dsv
[0.226s] -- Installing: /home/khemin/ros2_ws/install/my_robot_description/share/my_robot_description/package.dsv
[0.226s] -- Up-to-date: /home/khemin/ros2_ws/install/my_robot_description/share/ament_index/resource_index/packages/my_robot_description
[0.227s] -- Up-to-date: /home/khemin/ros2_ws/install/my_robot_description/share/my_robot_description/cmake/my_robot_descriptionConfig.cmake
[0.227s] -- Up-to-date: /home/khemin/ros2_ws/install/my_robot_description/share/my_robot_description/cmake/my_robot_descriptionConfig-version.cmake
[0.227s] -- Up-to-date: /home/khemin/ros2_ws/install/my_robot_description/share/my_robot_description/package.xml
[0.228s] Invoked command in '/home/khemin/ros2_ws/build/my_robot_description' returned '0': CMAKE_PREFIX_PATH=${CMAKE_PREFIX_PATH}:/home/khemin/ros2_ws/install/my_robot_bringup:/home/khemin/rosbot_ws/install/rosbot_utils:/home/khemin/rosbot_ws/install/rosbot_bringup:/home/khemin/rosbot_ws/src/rosbot_ros/install/rosbot_gazebo:/home/khemin/rosbot_ws/src/rosbot_ros/install/rosbot_controller:/home/khemin/rosbot_ws/src/rosbot_ros/install/rosbot_utils:/home/khemin/rosbot_ws/src/rosbot_ros/install/rosbot_bringup:/home/khemin/ws_lidar/install/lidar_processing:/opt/ros/humble /usr/bin/cmake --install /home/khemin/ros2_ws/build/my_robot_description
