[0.009s] Invoking command in '/home/khemin/ros2_ws/build/my_robot_description': CMAKE_PREFIX_PATH=${CMAKE_PREFIX_PATH}:/home/khemin/ws_lidar/install/lidar_processing:/opt/ros/humble /usr/bin/cmake /home/khemin/ros2_ws/src/my_robot_description -DAMENT_CMAKE_SYMLINK_INSTALL=1 -DCMAKE_INSTALL_PREFIX=/home/khemin/ros2_ws/install/my_robot_description
[0.058s] -- The C compiler identification is GNU 11.4.0
[0.104s] -- The CXX compiler identification is GNU 11.4.0
[0.109s] -- Detecting C compiler ABI info
[0.172s] -- Detecting C compiler ABI info - done
[0.177s] -- Check for working C compiler: /usr/bin/cc - skipped
[0.177s] -- Detecting C compile features
[0.177s] -- Detecting C compile features - done
[0.180s] -- Detecting CXX compiler ABI info
[0.252s] -- Detecting CXX compiler ABI info - done
[0.259s] -- Check for working CXX compiler: /usr/bin/c++ - skipped
[0.259s] -- Detecting CXX compile features
[0.259s] -- Detecting CXX compile features - done
[0.262s] -- Found ament_cmake: 1.3.10 (/opt/ros/humble/share/ament_cmake/cmake)
[0.375s] -- Found Python3: /usr/bin/python3 (found version "3.10.12") found components: Interpreter 
[0.418s] -- Override CMake install command with custom implementation using symlinks instead of copying resources
[0.492s] -- Configuring done
[0.493s] -- Generating done
[0.494s] -- Build files have been written to: /home/khemin/ros2_ws/build/my_robot_description
[0.498s] Invoked command in '/home/khemin/ros2_ws/build/my_robot_description' returned '0': CMAKE_PREFIX_PATH=${CMAKE_PREFIX_PATH}:/home/khemin/ws_lidar/install/lidar_processing:/opt/ros/humble /usr/bin/cmake /home/khemin/ros2_ws/src/my_robot_description -DAMENT_CMAKE_SYMLINK_INSTALL=1 -DCMAKE_INSTALL_PREFIX=/home/khemin/ros2_ws/install/my_robot_description
[0.500s] Invoking command in '/home/khemin/ros2_ws/build/my_robot_description': CMAKE_PREFIX_PATH=${CMAKE_PREFIX_PATH}:/home/khemin/ws_lidar/install/lidar_processing:/opt/ros/humble /usr/bin/cmake --build /home/khemin/ros2_ws/build/my_robot_description -- -j16 -l16
[0.535s] Invoked command in '/home/khemin/ros2_ws/build/my_robot_description' returned '0': CMAKE_PREFIX_PATH=${CMAKE_PREFIX_PATH}:/home/khemin/ws_lidar/install/lidar_processing:/opt/ros/humble /usr/bin/cmake --build /home/khemin/ros2_ws/build/my_robot_description -- -j16 -l16
[0.569s] Invoking command in '/home/khemin/ros2_ws/build/my_robot_description': CMAKE_PREFIX_PATH=${CMAKE_PREFIX_PATH}:/home/khemin/ws_lidar/install/lidar_processing:/opt/ros/humble /usr/bin/cmake --install /home/khemin/ros2_ws/build/my_robot_description
[0.575s] -- Install configuration: ""
[0.575s] -- Execute custom install script
[0.575s] -- Symlinking: /home/khemin/ros2_ws/install/my_robot_description/share/my_robot_description/urdf/my_robot.urdf.xacro
[0.583s] -- Symlinking: /home/khemin/ros2_ws/install/my_robot_description/share/my_robot_description/launch/display.launch.py
[0.592s] -- Symlinking: /home/khemin/ros2_ws/install/my_robot_description/share/ament_index/resource_index/package_run_dependencies/my_robot_description
[0.600s] -- Symlinking: /home/khemin/ros2_ws/install/my_robot_description/share/ament_index/resource_index/parent_prefix_path/my_robot_description
[0.608s] -- Symlinking: /home/khemin/ros2_ws/install/my_robot_description/share/my_robot_description/environment/ament_prefix_path.sh
[0.616s] -- Symlinking: /home/khemin/ros2_ws/install/my_robot_description/share/my_robot_description/environment/ament_prefix_path.dsv
[0.624s] -- Symlinking: /home/khemin/ros2_ws/install/my_robot_description/share/my_robot_description/environment/path.sh
[0.633s] -- Symlinking: /home/khemin/ros2_ws/install/my_robot_description/share/my_robot_description/environment/path.dsv
[0.641s] -- Symlinking: /home/khemin/ros2_ws/install/my_robot_description/share/my_robot_description/local_setup.bash
[0.650s] -- Symlinking: /home/khemin/ros2_ws/install/my_robot_description/share/my_robot_description/local_setup.sh
[0.658s] -- Symlinking: /home/khemin/ros2_ws/install/my_robot_description/share/my_robot_description/local_setup.zsh
[0.667s] -- Symlinking: /home/khemin/ros2_ws/install/my_robot_description/share/my_robot_description/local_setup.dsv
[0.674s] -- Symlinking: /home/khemin/ros2_ws/install/my_robot_description/share/my_robot_description/package.dsv
[0.682s] -- Symlinking: /home/khemin/ros2_ws/install/my_robot_description/share/ament_index/resource_index/packages/my_robot_description
[0.690s] -- Symlinking: /home/khemin/ros2_ws/install/my_robot_description/share/my_robot_description/cmake/my_robot_descriptionConfig.cmake
[0.698s] -- Symlinking: /home/khemin/ros2_ws/install/my_robot_description/share/my_robot_description/cmake/my_robot_descriptionConfig-version.cmake
[0.706s] -- Symlinking: /home/khemin/ros2_ws/install/my_robot_description/share/my_robot_description/package.xml
[0.716s] Invoked command in '/home/khemin/ros2_ws/build/my_robot_description' returned '0': CMAKE_PREFIX_PATH=${CMAKE_PREFIX_PATH}:/home/khemin/ws_lidar/install/lidar_processing:/opt/ros/humble /usr/bin/cmake --install /home/khemin/ros2_ws/build/my_robot_description
